#-----------------------------------------------------------
# xsim v2019.2 (64-bit)
# SW Build 2708876 on Wed Nov  6 21:39:14 MST 2019
# IP Build 2700528 on Thu Nov  7 00:09:20 MST 2019
# Start of session at: Sun Jan 25 20:21:13 2026
# Process ID: 31636
# Current directory: /home/kal-thir/Downloads/Tiny_YOLO_v3_ZYNQ/code/hls/yolo_yolo/yolo_yolo_prj/solution1/sim/verilog
# Command line: xsim -mode tcl -source {xsim.dir/yolo_yolo_top/xsim_script.tcl}
# Log file: /home/kal-thir/Downloads/Tiny_YOLO_v3_ZYNQ/code/hls/yolo_yolo/yolo_yolo_prj/solution1/sim/verilog/xsim.log
# Journal file: /home/kal-thir/Downloads/Tiny_YOLO_v3_ZYNQ/code/hls/yolo_yolo/yolo_yolo_prj/solution1/sim/verilog/xsim.jou
#-----------------------------------------------------------
source xsim.dir/yolo_yolo_top/xsim_script.tcl
# xsim {yolo_yolo_top} -autoloadwcfg -tclbatch {yolo_yolo_top.tcl}
Vivado Simulator 2019.2
Time resolution is 1 ps
source yolo_yolo_top.tcl
## run all
////////////////////////////////////////////////////////////////////////////////////
// Inter-Transaction Progress: Completed Transaction / Total Transaction
// Intra-Transaction Progress: Measured Latency / Latency Estimation * 100%
//
// RTL Simulation : "Inter-Transaction Progress" ["Intra-Transaction Progress"] @ "Simulation Time"
////////////////////////////////////////////////////////////////////////////////////
// RTL Simulation : 0 / 1 [0.00%] @ "125000"
// RTL Simulation : 1 / 1 [100.00%] @ "55025000"
////////////////////////////////////////////////////////////////////////////////////
$finish called at time : 55065 ns : File "/home/kal-thir/Downloads/Tiny_YOLO_v3_ZYNQ/code/hls/yolo_yolo/yolo_yolo_prj/solution1/sim/verilog/yolo_yolo_top.autotb.v" Line 477
## quit
INFO: [Common 17-206] Exiting xsim at Sun Jan 25 20:21:22 2026...
