

================================================================
== Vivado HLS Report for 'window_max_pool'
================================================================
* Date:           Sun Jan 25 20:03:08 2026

* Version:        2019.2 (Build 2704478 on Wed Nov 06 22:10:23 MST 2019)
* Project:        yolo_max_pool_prj
* Solution:       solution1
* Product family: zynq
* Target device:  xc7z020-clg484-1


================================================================
== Performance Estimates
================================================================
+ Timing: 
    * Summary: 
    +--------+----------+----------+------------+
    |  Clock |  Target  | Estimated| Uncertainty|
    +--------+----------+----------+------------+
    |ap_clk  | 10.00 ns | 6.468 ns |   1.25 ns  |
    +--------+----------+----------+------------+

+ Latency: 
    * Summary: 
    +---------+---------+-----------+-----------+-----+-----+----------+
    |  Latency (cycles) |   Latency (absolute)  |  Interval | Pipeline |
    |   min   |   max   |    min    |    max    | min | max |   Type   |
    +---------+---------+-----------+-----------+-----+-----+----------+
    |        1|        1| 10.000 ns | 10.000 ns |    1|    1| function |
    +---------+---------+-----------+-----------+-----+-----+----------+

    + Detail: 
        * Instance: 
        N/A

        * Loop: 
        N/A



================================================================
== Utilization Estimates
================================================================
* Summary: 
+-----------------+---------+-------+--------+-------+-----+
|       Name      | BRAM_18K| DSP48E|   FF   |  LUT  | URAM|
+-----------------+---------+-------+--------+-------+-----+
|DSP              |        -|      -|       -|      -|    -|
|Expression       |        -|      -|       0|     87|    -|
|FIFO             |        -|      -|       -|      -|    -|
|Instance         |        -|      -|       -|      -|    -|
|Memory           |        -|      -|       -|      -|    -|
|Multiplexer      |        -|      -|       -|      9|    -|
|Register         |        -|      -|      49|      -|    -|
+-----------------+---------+-------+--------+-------+-----+
|Total            |        0|      0|      49|     96|    0|
+-----------------+---------+-------+--------+-------+-----+
|Available        |      280|    220|  106400|  53200|    0|
+-----------------+---------+-------+--------+-------+-----+
|Utilization (%)  |        0|      0|   ~0   |   ~0  |    0|
+-----------------+---------+-------+--------+-------+-----+

+ Detail: 
    * Instance: 
    N/A

    * DSP48E: 
    N/A

    * Memory: 
    N/A

    * FIFO: 
    N/A

    * Expression: 
    +-------------------------+----------+-------+---+----+------------+------------+
    |      Variable Name      | Operation| DSP48E| FF| LUT| Bitwidth P0| Bitwidth P1|
    +-------------------------+----------+-------+---+----+------------+------------+
    |icmp_ln1494_1_fu_48_p2   |   icmp   |      0|  0|  13|          16|          16|
    |icmp_ln1494_2_fu_62_p2   |   icmp   |      0|  0|  13|          16|          16|
    |icmp_ln1494_fu_34_p2     |   icmp   |      0|  0|  13|          16|          16|
    |select_ln160_1_fu_54_p3  |  select  |      0|  0|  16|           1|          16|
    |select_ln160_2_fu_66_p3  |  select  |      0|  0|  16|           1|          16|
    |select_ln160_fu_40_p3    |  select  |      0|  0|  16|           1|          16|
    +-------------------------+----------+-------+---+----+------------+------------+
    |Total                    |          |      0|  0|  87|          51|          96|
    +-------------------------+----------+-------+---+----+------------+------------+

    * Multiplexer: 
    +-----------+----+-----------+-----+-----------+
    |    Name   | LUT| Input Size| Bits| Total Bits|
    +-----------+----+-----------+-----+-----------+
    |ap_return  |   9|          2|   16|         32|
    +-----------+----+-----------+-----+-----------+
    |Total      |   9|          2|   16|         32|
    +-----------+----+-----------+-----+-----------+

    * Register: 
    +-----------------------+----+----+-----+-----------+
    |          Name         | FF | LUT| Bits| Const Bits|
    +-----------------------+----+----+-----+-----------+
    |ap_ce_reg              |   1|   0|    1|          0|
    |ap_return_int_reg      |  16|   0|   16|          0|
    |p_read_1_reg_72        |  16|   0|   16|          0|
    |select_ln160_1_reg_78  |  16|   0|   16|          0|
    +-----------------------+----+----+-----+-----------+
    |Total                  |  49|   0|   49|          0|
    +-----------------------+----+----+-----+-----------+



================================================================
== Interface
================================================================
* Summary: 
+-----------+-----+-----+------------+-----------------+--------------+
| RTL Ports | Dir | Bits|  Protocol  |  Source Object  |    C Type    |
+-----------+-----+-----+------------+-----------------+--------------+
|ap_clk     |  in |    1| ap_ctrl_hs | window_max_pool | return value |
|ap_rst     |  in |    1| ap_ctrl_hs | window_max_pool | return value |
|ap_return  | out |   16| ap_ctrl_hs | window_max_pool | return value |
|ap_ce      |  in |    1| ap_ctrl_hs | window_max_pool | return value |
|p_read     |  in |   16|   ap_none  |      p_read     |    scalar    |
|p_read1    |  in |   16|   ap_none  |     p_read1     |    scalar    |
|p_read2    |  in |   16|   ap_none  |     p_read2     |    scalar    |
|p_read3    |  in |   16|   ap_none  |     p_read3     |    scalar    |
+-----------+-----+-----+------------+-----------------+--------------+

