

================================================================
== Vivado HLS Report for 'yolo_max_pool_top'
================================================================
* Date:           Sun Jan 25 20:03:08 2026

* Version:        2019.2 (Build 2704478 on Wed Nov 06 22:10:23 MST 2019)
* Project:        yolo_max_pool_prj
* Solution:       solution1
* Product family: zynq
* Target device:  xc7z020-clg484-1


================================================================
== Performance Estimates
================================================================
+ Timing: 
    * Summary: 
    +--------+----------+----------+------------+
    |  Clock |  Target  | Estimated| Uncertainty|
    +--------+----------+----------+------------+
    |ap_clk  | 10.00 ns | 8.048 ns |   1.25 ns  |
    +--------+----------+----------+------------+

+ Latency: 
    * Summary: 
    +---------+---------+-----------+-----------+---------+---------+---------+
    |  Latency (cycles) |   Latency (absolute)  |      Interval     | Pipeline|
    |   min   |   max   |    min    |    max    |   min   |   max   |   Type  |
    +---------+---------+-----------+-----------+---------+---------+---------+
    |  1384491|  1384491| 13.845 ms | 13.845 ms |  1384491|  1384491|   none  |
    +---------+---------+-----------+-----------+---------+---------+---------+

    + Detail: 
        * Instance: 
        +--------------------------------+-----------------+---------+---------+-----------+-----------+-----+-----+----------+
        |                                |                 |  Latency (cycles) |   Latency (absolute)  |  Interval | Pipeline |
        |            Instance            |      Module     |   min   |   max   |    min    |    max    | min | max |   Type   |
        +--------------------------------+-----------------+---------+---------+-----------+-----------+-----+-----+----------+
        |grp_window_max_pool_fu_759      |window_max_pool  |        1|        1| 10.000 ns | 10.000 ns |    1|    1| function |
        |grp_window_max_pool_fu_760      |window_max_pool  |        1|        1| 10.000 ns | 10.000 ns |    1|    1| function |
        |call_ln116_write_output_fu_816  |write_output     |        0|        0|    0 ns   |    0 ns   |    1|    1| function |
        +--------------------------------+-----------------+---------+---------+-----------+-----------+-----+-----+----------+

        * Loop: 
        +----------+---------+---------+----------+-----------+-----------+--------+----------+
        |          |  Latency (cycles) | Iteration|  Initiation Interval  |  Trip  |          |
        | Loop Name|   min   |   max   |  Latency |  achieved |   target  |  Count | Pipelined|
        +----------+---------+---------+----------+-----------+-----------+--------+----------+
        |- Loop 1  |        7|        7|         1|          -|          -|       8|    no    |
        |- Loop 2  |        7|        7|         1|          -|          -|       8|    no    |
        |- Loop 3  |        7|        7|         1|          -|          -|       8|    no    |
        |- Loop 4  |        7|        7|         1|          -|          -|       8|    no    |
        |- Loop 5  |  1384455|  1384455|        10|          2|          1|  692224|    yes   |
        +----------+---------+---------+----------+-----------+-----------+--------+----------+



================================================================
== Utilization Estimates
================================================================
* Summary: 
+-----------------+---------+-------+--------+-------+-----+
|       Name      | BRAM_18K| DSP48E|   FF   |  LUT  | URAM|
+-----------------+---------+-------+--------+-------+-----+
|DSP              |        -|      1|       -|      -|    -|
|Expression       |        -|      0|       0|   1623|    -|
|FIFO             |        -|      -|       -|      -|    -|
|Instance         |        0|      -|     213|    325|    -|
|Memory           |       32|      -|       0|      0|    0|
|Multiplexer      |        -|      -|       -|    692|    -|
|Register         |        0|      -|    1471|     96|    -|
+-----------------+---------+-------+--------+-------+-----+
|Total            |       32|      1|    1684|   2736|    0|
+-----------------+---------+-------+--------+-------+-----+
|Available        |      280|    220|  106400|  53200|    0|
+-----------------+---------+-------+--------+-------+-----+
|Utilization (%)  |       11|   ~0  |       1|      5|    0|
+-----------------+---------+-------+--------+-------+-----+

+ Detail: 
    * Instance: 
    +------------------------------------+----------------------------------+---------+-------+-----+-----+-----+
    |              Instance              |              Module              | BRAM_18K| DSP48E|  FF | LUT | URAM|
    +------------------------------------+----------------------------------+---------+-------+-----+-----+-----+
    |grp_window_max_pool_fu_759          |window_max_pool                   |        0|      0|   49|   96|    0|
    |grp_window_max_pool_fu_760          |window_max_pool                   |        0|      0|   49|   96|    0|
    |call_ln116_write_output_fu_816      |write_output                      |        0|      0|    1|    9|    0|
    |yolo_max_pool_top_CTRL_BUS_s_axi_U  |yolo_max_pool_top_CTRL_BUS_s_axi  |        0|      0|  114|  124|    0|
    +------------------------------------+----------------------------------+---------+-------+-----+-----+-----+
    |Total                               |                                  |        0|      0|  213|  325|    0|
    +------------------------------------+----------------------------------+---------+-------+-----+-----+-----+

    * DSP48E: 
    +--------------------------+----------------------+-----------+
    |         Instance         |        Module        | Expression|
    +--------------------------+----------------------+-----------+
    |yolo_max_pool_topjbC_U22  |yolo_max_pool_topjbC  |  i0 * i1  |
    +--------------------------+----------------------+-----------+

    * Memory: 
    +--------------------------+----------------------+---------+---+----+-----+------+-----+------+-------------+
    |          Memory          |        Module        | BRAM_18K| FF| LUT| URAM| Words| Bits| Banks| W*Bits*Banks|
    +--------------------------+----------------------+---------+---+----+-----+------+-----+------+-------------+
    |line_buff_group_0_va_U    |yolo_max_pool_topbkb  |        4|  0|   0|    0|  3344|   16|     1|        53504|
    |line_buff_group_0_va_1_U  |yolo_max_pool_topbkb  |        4|  0|   0|    0|  3344|   16|     1|        53504|
    |line_buff_group_1_va_U    |yolo_max_pool_topbkb  |        4|  0|   0|    0|  3344|   16|     1|        53504|
    |line_buff_group_1_va_1_U  |yolo_max_pool_topbkb  |        4|  0|   0|    0|  3344|   16|     1|        53504|
    |line_buff_group_2_va_U    |yolo_max_pool_topbkb  |        4|  0|   0|    0|  3344|   16|     1|        53504|
    |line_buff_group_2_va_1_U  |yolo_max_pool_topbkb  |        4|  0|   0|    0|  3344|   16|     1|        53504|
    |line_buff_group_3_va_U    |yolo_max_pool_topbkb  |        4|  0|   0|    0|  3344|   16|     1|        53504|
    |line_buff_group_3_va_1_U  |yolo_max_pool_topbkb  |        4|  0|   0|    0|  3344|   16|     1|        53504|
    +--------------------------+----------------------+---------+---+----+-----+------+-----+------+-------------+
    |Total                     |                      |       32|  0|   0|    0| 26752|  128|     8|       428032|
    +--------------------------+----------------------+---------+---+----+-----+------+-----+------+-------------+

    * FIFO: 
    N/A

    * Expression: 
    +-------------------------------------------------+----------+-------+---+----+------------+------------+
    |                  Variable Name                  | Operation| DSP48E| FF| LUT| Bitwidth P0| Bitwidth P1|
    +-------------------------------------------------+----------+-------+---+----+------------+------------+
    |bound4_fu_937_p2                                 |     *    |      0|  0|  51|           9|           6|
    |bound84_fu_949_p2                                |     *    |      0|  0|   6|           2|          15|
    |bound_fu_924_p2                                  |     *    |      0|  0|  13|           2|           4|
    |mul_ln203_fu_1574_p2                             |     *    |      0|  0|  51|           4|           9|
    |mul_ln48_1_fu_1098_p2                            |     *    |      0|  0|  51|           2|           9|
    |mul_ln48_fu_1046_p2                              |     *    |      0|  0|  51|           2|           9|
    |mul_ln49_1_fu_1496_p2                            |     *    |      0|  0|  51|           2|           9|
    |mul_ln49_fu_1064_p2                              |     *    |      0|  0|  51|           2|           9|
    |add_ln1354_2_fu_985_p2                           |     +    |      0|  0|  14|          10|           2|
    |add_ln1354_fu_967_p2                             |     +    |      0|  0|  12|           3|           2|
    |add_ln144_1_fu_1917_p2                           |     +    |      0|  0|  17|          13|          13|
    |add_ln144_fu_1912_p2                             |     +    |      0|  0|  17|          13|          13|
    |add_ln1598_1_fu_1877_p2                          |     +    |      0|  0|  13|           1|          11|
    |add_ln1598_fu_1740_p2                            |     +    |      0|  0|  13|           1|          11|
    |add_ln19_fu_846_p2                               |     +    |      0|  0|  12|           3|           1|
    |add_ln203_fu_1899_p2                             |     +    |      0|  0|  17|          13|          13|
    |add_ln20_fu_864_p2                               |     +    |      0|  0|  12|           3|           1|
    |add_ln21_fu_882_p2                               |     +    |      0|  0|  12|           3|           1|
    |add_ln22_fu_900_p2                               |     +    |      0|  0|  12|           3|           1|
    |add_ln27_fu_1291_p2                              |     +    |      0|  0|  33|           1|          26|
    |add_ln30_1_fu_1613_p2                            |     +    |      0|  0|  24|          17|           1|
    |add_ln33_1_fu_1600_p2                            |     +    |      0|  0|  21|          15|           1|
    |add_ln36_1_fu_1586_p2                            |     +    |      0|  0|  15|           6|           1|
    |add_ln36_fu_1285_p2                              |     +    |      0|  0|  13|           1|          11|
    |add_ln48_1_fu_1386_p2                            |     +    |      0|  0|  13|          11|          11|
    |add_ln49_1_fu_1564_p2                            |     +    |      0|  0|  13|          11|          11|
    |add_ln53_1_fu_1665_p2                            |     +    |      0|  0|  12|           2|          12|
    |add_ln53_2_fu_1766_p2                            |     +    |      0|  0|  12|           2|          12|
    |add_ln627_1_fu_870_p2                            |     +    |      0|  0|  12|          12|           9|
    |add_ln627_2_fu_888_p2                            |     +    |      0|  0|  12|          12|           9|
    |add_ln627_3_fu_906_p2                            |     +    |      0|  0|  12|          12|           9|
    |add_ln627_fu_852_p2                              |     +    |      0|  0|  12|          12|           9|
    |col_idx_fu_1205_p2                               |     +    |      0|  0|  13|          11|          11|
    |col_stride_fu_1535_p2                            |     +    |      0|  0|  10|           1|           2|
    |conv_count_fu_1226_p2                            |     +    |      0|  0|  12|           2|          12|
    |input_ch_idx_fu_1580_p2                          |     +    |      0|  0|  13|           4|           1|
    |out_col_fu_1465_p2                               |     +    |      0|  0|  15|           1|           9|
    |out_row_fu_1079_p2                               |     +    |      0|  0|  15|           1|           9|
    |ret_V_1_fu_994_p2                                |     +    |      0|  0|  15|           5|           2|
    |ret_V_fu_976_p2                                  |     +    |      0|  0|  14|          10|           2|
    |row_idx_fu_1174_p2                               |     +    |      0|  0|  13|          11|          11|
    |row_stride_fu_1372_p2                            |     +    |      0|  0|  10|           1|           2|
    |and_ln52_1_fu_1660_p2                            |    and   |      0|  0|   2|           1|           1|
    |and_ln52_2_fu_1761_p2                            |    and   |      0|  0|   2|           1|           1|
    |and_ln52_fu_1220_p2                              |    and   |      0|  0|   2|           1|           1|
    |and_ln879_1_fu_1935_p2                           |    and   |      0|  0|   2|           1|           1|
    |and_ln879_fu_1930_p2                             |    and   |      0|  0|   2|           1|           1|
    |ap_block_pp0_stage1_11001_ignoreCallOp426        |    and   |      0|  0|   2|           1|           1|
    |ap_block_state11_pp0_stage1_iter1                |    and   |      0|  0|   2|           1|           1|
    |ap_block_state17_pp0_stage1_iter4                |    and   |      0|  0|   2|           1|           1|
    |ap_condition_785                                 |    and   |      0|  0|   2|           1|           1|
    |ap_condition_787                                 |    and   |      0|  0|   2|           1|           1|
    |ap_predicate_op326_read_state11                  |    and   |      0|  0|   2|           1|           1|
    |call_ln116_write_output_fu_816_outStream_TREADY  |    and   |      0|  0|   2|           1|           1|
    |icmp_ln105_1_fu_1069_p2                          |   icmp   |      0|  0|  13|          10|          10|
    |icmp_ln105_2_fu_1012_p2                          |   icmp   |      0|  0|  13|          10|           1|
    |icmp_ln105_3_fu_1103_p2                          |   icmp   |      0|  0|  13|          10|          10|
    |icmp_ln105_4_fu_1509_p2                          |   icmp   |      0|  0|  13|          10|          10|
    |icmp_ln105_fu_1051_p2                            |   icmp   |      0|  0|  13|          10|          10|
    |icmp_ln19_fu_858_p2                              |   icmp   |      0|  0|   9|           3|           2|
    |icmp_ln20_fu_876_p2                              |   icmp   |      0|  0|   9|           3|           2|
    |icmp_ln21_fu_894_p2                              |   icmp   |      0|  0|   9|           3|           2|
    |icmp_ln22_fu_912_p2                              |   icmp   |      0|  0|   9|           3|           2|
    |icmp_ln27_fu_1074_p2                             |   icmp   |      0|  0|  18|          26|          26|
    |icmp_ln30_fu_1085_p2                             |   icmp   |      0|  0|  18|          17|          17|
    |icmp_ln33_1_fu_1133_p2                           |   icmp   |      0|  0|  13|          15|          15|
    |icmp_ln33_fu_1033_p2                             |   icmp   |      0|  0|  13|          15|           1|
    |icmp_ln36_1_fu_1128_p2                           |   icmp   |      0|  0|  11|           6|           6|
    |icmp_ln36_fu_1028_p2                             |   icmp   |      0|  0|  11|           6|           1|
    |icmp_ln39_1_fu_1123_p2                           |   icmp   |      0|  0|   9|           4|           4|
    |icmp_ln39_fu_1023_p2                             |   icmp   |      0|  0|   9|           4|           1|
    |icmp_ln52_1_fu_1214_p2                           |   icmp   |      0|  0|  13|          11|           1|
    |icmp_ln52_2_fu_1309_p2                           |   icmp   |      0|  0|  13|          11|           1|
    |icmp_ln52_3_fu_1392_p2                           |   icmp   |      0|  0|  13|          11|           1|
    |icmp_ln52_4_fu_1655_p2                           |   icmp   |      0|  0|  13|          11|           1|
    |icmp_ln52_5_fu_1756_p2                           |   icmp   |      0|  0|  13|          11|           1|
    |icmp_ln52_fu_1179_p2                             |   icmp   |      0|  0|  13|          11|           1|
    |icmp_ln59_1_fu_1185_p2                           |   icmp   |      0|  0|  13|          11|          11|
    |icmp_ln59_2_fu_1240_p2                           |   icmp   |      0|  0|  13|          11|          11|
    |icmp_ln59_3_fu_1321_p2                           |   icmp   |      0|  0|  13|          11|          11|
    |icmp_ln59_4_fu_1405_p2                           |   icmp   |      0|  0|  13|          11|          11|
    |icmp_ln59_5_fu_1685_p2                           |   icmp   |      0|  0|  13|          11|          11|
    |icmp_ln59_6_fu_1790_p2                           |   icmp   |      0|  0|  13|          11|          11|
    |icmp_ln59_fu_1018_p2                             |   icmp   |      0|  0|  13|           9|           1|
    |icmp_ln81_1_fu_1263_p2                           |   icmp   |      0|  0|   8|           2|           2|
    |icmp_ln81_2_fu_1006_p2                           |   icmp   |      0|  0|   9|           3|           1|
    |icmp_ln81_3_fu_1423_p2                           |   icmp   |      0|  0|   9|           3|           3|
    |icmp_ln81_4_fu_1712_p2                           |   icmp   |      0|  0|   8|           2|           1|
    |icmp_ln81_5_fu_1818_p2                           |   icmp   |      0|  0|   8|           2|           2|
    |icmp_ln81_fu_1196_p2                             |   icmp   |      0|  0|   9|           3|           3|
    |icmp_ln879_fu_1925_p2                            |   icmp   |      0|  0|  11|           5|           5|
    |ap_block_pp0_stage1_11001                        |    or    |      0|  0|   2|           1|           1|
    |or_ln1598_1_fu_1145_p2                           |    or    |      0|  0|   2|           1|           1|
    |or_ln1598_2_fu_1636_p2                           |    or    |      0|  0|   2|           1|           1|
    |or_ln1598_3_fu_1470_p2                           |    or    |      0|  0|   2|           1|           1|
    |or_ln1598_4_fu_1475_p2                           |    or    |      0|  0|   2|           1|           1|
    |or_ln1598_5_fu_1541_p2                           |    or    |      0|  0|   2|           1|           1|
    |or_ln1598_6_fu_1547_p2                           |    or    |      0|  0|   2|           1|           1|
    |or_ln1598_fu_1626_p2                             |    or    |      0|  0|   2|           1|           1|
    |or_ln59_1_fu_1344_p2                             |    or    |      0|  0|   2|           1|           1|
    |or_ln59_2_fu_1441_p2                             |    or    |      0|  0|   2|           1|           1|
    |or_ln59_3_fu_1695_p2                             |    or    |      0|  0|   2|           1|           1|
    |or_ln59_4_fu_1800_p2                             |    or    |      0|  0|   2|           1|           1|
    |or_ln59_fu_1251_p2                               |    or    |      0|  0|   2|           1|           1|
    |or_ln81_1_fu_1275_p2                             |    or    |      0|  0|   2|           1|           1|
    |or_ln81_2_fu_1718_p2                             |    or    |      0|  0|   2|           1|           1|
    |or_ln81_3_fu_1723_p2                             |    or    |      0|  0|   2|           1|           1|
    |or_ln81_4_fu_1823_p2                             |    or    |      0|  0|   2|           1|           1|
    |or_ln81_5_fu_1828_p2                             |    or    |      0|  0|   2|           1|           1|
    |or_ln81_fu_1269_p2                               |    or    |      0|  0|   2|           1|           1|
    |conv_count_1_fu_1232_p3                          |  select  |      0|  0|  12|           1|          12|
    |select_ln1598_10_fu_1138_p3                      |  select  |      0|  0|   2|           1|           1|
    |select_ln1598_11_fu_1151_p3                      |  select  |      0|  0|   9|           1|           1|
    |select_ln1598_12_fu_1398_p3                      |  select  |      0|  0|   2|           1|           1|
    |select_ln1598_13_fu_1416_p3                      |  select  |      0|  0|   2|           1|           1|
    |select_ln1598_14_fu_1428_p3                      |  select  |      0|  0|   2|           1|           1|
    |select_ln1598_15_fu_1435_p3                      |  select  |      0|  0|  11|           1|           1|
    |select_ln1598_16_fu_1159_p3                      |  select  |      0|  0|   2|           1|           1|
    |select_ln1598_17_fu_1630_p3                      |  select  |      0|  0|  11|           1|           1|
    |select_ln1598_18_fu_1446_p3                      |  select  |      0|  0|   2|           1|           1|
    |select_ln1598_19_fu_1641_p3                      |  select  |      0|  0|  11|           1|           1|
    |select_ln1598_1_fu_1304_p3                       |  select  |      0|  0|  11|           1|          11|
    |select_ln1598_20_fu_1453_p3                      |  select  |      0|  0|   2|           1|           1|
    |select_ln1598_21_fu_1459_p3                      |  select  |      0|  0|   2|           1|           1|
    |select_ln1598_22_fu_1480_p3                      |  select  |      0|  0|   2|           1|           1|
    |select_ln1598_23_fu_1501_p3                      |  select  |      0|  0|  11|           1|          11|
    |select_ln1598_24_fu_1514_p3                      |  select  |      0|  0|   2|           1|           1|
    |select_ln1598_25_fu_1679_p3                      |  select  |      0|  0|  11|           1|          11|
    |select_ln1598_26_fu_1700_p3                      |  select  |      0|  0|   2|           1|           1|
    |select_ln1598_27_fu_1729_p3                      |  select  |      0|  0|   2|           1|           1|
    |select_ln1598_28_fu_1746_p3                      |  select  |      0|  0|  11|           1|          11|
    |select_ln1598_29_fu_1521_p3                      |  select  |      0|  0|   2|           1|           1|
    |select_ln1598_2_fu_1108_p3                       |  select  |      0|  0|   2|           1|           1|
    |select_ln1598_30_fu_1552_p3                      |  select  |      0|  0|   4|           1|           1|
    |select_ln1598_31_fu_1780_p3                      |  select  |      0|  0|  11|           1|          11|
    |select_ln1598_32_fu_1805_p3                      |  select  |      0|  0|   2|           1|           1|
    |select_ln1598_33_fu_1834_p3                      |  select  |      0|  0|   2|           1|           1|
    |select_ln1598_34_fu_1852_p3                      |  select  |      0|  0|  13|           1|           1|
    |select_ln1598_35_fu_1859_p3                      |  select  |      0|  0|  13|           1|          13|
    |select_ln1598_36_fu_1866_p3                      |  select  |      0|  0|  13|           1|          13|
    |select_ln1598_37_fu_1883_p3                      |  select  |      0|  0|  11|           1|          11|
    |select_ln1598_3_fu_1314_p3                       |  select  |      0|  0|   2|           1|           1|
    |select_ln1598_4_fu_1331_p3                       |  select  |      0|  0|   2|           1|           1|
    |select_ln1598_5_fu_1338_p3                       |  select  |      0|  0|   2|           1|           1|
    |select_ln1598_6_fu_1116_p3                       |  select  |      0|  0|   2|           1|           1|
    |select_ln1598_7_fu_1349_p3                       |  select  |      0|  0|   2|           1|           1|
    |select_ln1598_8_fu_1356_p3                       |  select  |      0|  0|   2|           1|           1|
    |select_ln1598_9_fu_1361_p3                       |  select  |      0|  0|   2|           1|           1|
    |select_ln1598_fu_1297_p3                         |  select  |      0|  0|   2|           1|           1|
    |select_ln27_fu_1366_p3                           |  select  |      0|  0|   9|           1|           9|
    |select_ln30_1_fu_1619_p3                         |  select  |      0|  0|  17|           1|           1|
    |select_ln30_fu_1647_p3                           |  select  |      0|  0|   2|           1|           2|
    |select_ln33_1_fu_1606_p3                         |  select  |      0|  0|  15|           1|           1|
    |select_ln33_fu_1528_p3                           |  select  |      0|  0|   9|           1|           9|
    |select_ln36_1_fu_1592_p3                         |  select  |      0|  0|   6|           1|           1|
    |select_ln36_fu_1894_p3                           |  select  |      0|  0|   2|           1|           2|
    |select_ln52_1_fu_1671_p3                         |  select  |      0|  0|  12|           1|          12|
    |select_ln52_2_fu_1772_p3                         |  select  |      0|  0|  12|           1|          12|
    |ap_enable_pp0                                    |    xor   |      0|  0|   2|           1|           2|
    |ap_enable_reg_pp0_iter1                          |    xor   |      0|  0|   2|           2|           1|
    |xor_ln59_1_fu_1245_p2                            |    xor   |      0|  0|   2|           1|           2|
    |xor_ln59_2_fu_1325_p2                            |    xor   |      0|  0|   2|           1|           2|
    |xor_ln59_3_fu_1410_p2                            |    xor   |      0|  0|   2|           1|           2|
    |xor_ln59_4_fu_1689_p2                            |    xor   |      0|  0|   2|           1|           2|
    |xor_ln59_5_fu_1794_p2                            |    xor   |      0|  0|   2|           1|           2|
    |xor_ln59_fu_1190_p2                              |    xor   |      0|  0|   2|           1|           2|
    |xor_ln81_1_fu_1706_p2                            |    xor   |      0|  0|   2|           2|           1|
    |xor_ln81_2_fu_1812_p2                            |    xor   |      0|  0|   2|           2|           1|
    |xor_ln81_fu_1257_p2                              |    xor   |      0|  0|   2|           2|           1|
    +-------------------------------------------------+----------+-------+---+----+------------+------------+
    |Total                                            |          |      0|  0|1623|         662|         764|
    +-------------------------------------------------+----------+-------+---+----+------------+------------+

    * Multiplexer: 
    +--------------------------------------------+----+-----------+-----+-----------+
    |                    Name                    | LUT| Input Size| Bits| Total Bits|
    +--------------------------------------------+----+-----------+-----+-----------+
    |ap_NS_fsm                                   |  50|         11|    1|         11|
    |ap_enable_reg_pp0_iter1                     |   9|          2|    1|          2|
    |ap_enable_reg_pp0_iter4                     |   9|          2|    1|          2|
    |ap_phi_mux_i_op_assign_1_phi_fu_693_p4      |   9|          2|    2|          4|
    |ap_phi_mux_i_op_assign_2_phi_fu_658_p4      |   9|          2|    9|         18|
    |ap_phi_mux_i_op_assign_3_phi_fu_704_p4      |   9|          2|    2|          4|
    |ap_phi_mux_i_op_assign_4_phi_fu_681_p4      |   9|          2|    4|          8|
    |ap_phi_mux_i_op_assign_phi_fu_622_p4        |   9|          2|    9|         18|
    |ap_phi_mux_indvar_flatten180_phi_fu_634_p4  |   9|          2|   17|         34|
    |ap_phi_mux_indvar_flatten308_phi_fu_610_p4  |   9|          2|   26|         52|
    |ap_phi_mux_indvar_flatten79_phi_fu_646_p4   |   9|          2|   15|         30|
    |ap_phi_mux_indvar_flatten_phi_fu_669_p4     |   9|          2|    6|         12|
    |ap_phi_mux_p_011_phi_fu_715_p4              |   9|          2|   16|         32|
    |ap_phi_mux_p_012_phi_fu_727_p4              |   9|          2|   16|         32|
    |ap_phi_mux_p_013_phi_fu_739_p4              |   9|          2|   16|         32|
    |ap_phi_mux_p_0_phi_fu_751_p4                |   9|          2|   16|         32|
    |ap_phi_reg_pp0_iter1_p_011_reg_711          |   9|          2|   16|         32|
    |ap_phi_reg_pp0_iter1_p_012_reg_723          |   9|          2|   16|         32|
    |ap_phi_reg_pp0_iter1_p_013_reg_735          |   9|          2|   16|         32|
    |ap_phi_reg_pp0_iter1_p_0_reg_747            |   9|          2|   16|         32|
    |grp_window_max_pool_fu_759_p_read           |  15|          3|   16|         48|
    |grp_window_max_pool_fu_759_p_read1          |  15|          3|   16|         48|
    |grp_window_max_pool_fu_759_p_read2          |  15|          3|   16|         48|
    |grp_window_max_pool_fu_759_p_read3          |  15|          3|   16|         48|
    |grp_window_max_pool_fu_760_p_read           |  15|          3|   16|         48|
    |grp_window_max_pool_fu_760_p_read1          |  15|          3|   16|         48|
    |grp_window_max_pool_fu_760_p_read2          |  15|          3|   16|         48|
    |grp_window_max_pool_fu_760_p_read3          |  15|          3|   16|         48|
    |i_op_assign_1_reg_689                       |   9|          2|    2|          4|
    |i_op_assign_2_reg_654                       |   9|          2|    9|         18|
    |i_op_assign_3_reg_700                       |   9|          2|    2|          4|
    |i_op_assign_4_reg_677                       |   9|          2|    4|          8|
    |i_op_assign_reg_618                         |   9|          2|    9|         18|
    |inStream_TDATA_blk_n                        |   9|          2|    1|          2|
    |indvar_flatten180_reg_630                   |   9|          2|   17|         34|
    |indvar_flatten308_reg_606                   |   9|          2|   26|         52|
    |indvar_flatten79_reg_642                    |   9|          2|   15|         30|
    |indvar_flatten_reg_665                      |   9|          2|    6|         12|
    |line_buff_group_0_va_1_address0             |  15|          3|   12|         36|
    |line_buff_group_0_va_1_address1             |  15|          3|   12|         36|
    |line_buff_group_0_va_address0               |  15|          3|   12|         36|
    |line_buff_group_1_va_1_address0             |  15|          3|   12|         36|
    |line_buff_group_1_va_1_address1             |  15|          3|   12|         36|
    |line_buff_group_1_va_address0               |  15|          3|   12|         36|
    |line_buff_group_2_va_1_address0             |  15|          3|   12|         36|
    |line_buff_group_2_va_1_address1             |  15|          3|   12|         36|
    |line_buff_group_2_va_address0               |  15|          3|   12|         36|
    |line_buff_group_3_va_1_address0             |  15|          3|   12|         36|
    |line_buff_group_3_va_1_address1             |  15|          3|   12|         36|
    |line_buff_group_3_va_address0               |  15|          3|   12|         36|
    |outStream_TDATA_blk_n                       |   9|          2|    1|          2|
    |phi_ln19_reg_518                            |   9|          2|    3|          6|
    |phi_ln20_reg_540                            |   9|          2|    3|          6|
    |phi_ln21_reg_562                            |   9|          2|    3|          6|
    |phi_ln22_reg_584                            |   9|          2|    3|          6|
    |phi_mul311_reg_551                          |   9|          2|   12|         24|
    |phi_mul313_reg_573                          |   9|          2|   12|         24|
    |phi_mul315_reg_595                          |   9|          2|   12|         24|
    |phi_mul_reg_529                             |   9|          2|   12|         24|
    +--------------------------------------------+----+-----------+-----+-----------+
    |Total                                       | 692|        147|  645|       1571|
    +--------------------------------------------+----+-----------+-----+-----------+

    * Register: 
    +---------------------------------------------+----+----+-----+-----------+
    |                     Name                    | FF | LUT| Bits| Const Bits|
    +---------------------------------------------+----+----+-----+-----------+
    |add_ln1354_2_reg_2238                        |  10|   0|   10|          0|
    |add_ln1354_reg_2226                          |   3|   0|    3|          0|
    |add_ln144_1_reg_2564                         |  13|   0|   13|          0|
    |add_ln144_reg_2559                           |  13|   0|   13|          0|
    |add_ln27_reg_2402                            |  26|   0|   26|          0|
    |add_ln36_reg_2397                            |  11|   0|   11|          0|
    |add_ln49_1_reg_2498                          |  11|   0|   11|          0|
    |and_ln879_1_reg_2589                         |   1|   0|    1|          0|
    |ap_CS_fsm                                    |  10|   0|   10|          0|
    |ap_enable_reg_pp0_iter0                      |   1|   0|    1|          0|
    |ap_enable_reg_pp0_iter1                      |   1|   0|    1|          0|
    |ap_enable_reg_pp0_iter2                      |   1|   0|    1|          0|
    |ap_enable_reg_pp0_iter3                      |   1|   0|    1|          0|
    |ap_enable_reg_pp0_iter4                      |   1|   0|    1|          0|
    |ap_phi_reg_pp0_iter1_p_011_reg_711           |  16|   0|   16|          0|
    |ap_phi_reg_pp0_iter1_p_012_reg_723           |  16|   0|   16|          0|
    |ap_phi_reg_pp0_iter1_p_013_reg_735           |  16|   0|   16|          0|
    |ap_phi_reg_pp0_iter1_p_0_reg_747             |  16|   0|   16|          0|
    |bound185_reg_2249                            |  26|   0|   26|          0|
    |bound4_reg_2191                              |  15|   0|   15|          0|
    |bound84_reg_2198                             |  17|   0|   17|          0|
    |bound_reg_2185                               |   6|   0|    6|          0|
    |call_ln116_write_output_fu_816_ap_start_reg  |   1|   0|    1|          0|
    |col_idx_reg_2382                             |  11|   0|   11|          0|
    |col_stride_reg_2487                          |   2|   0|    2|          0|
    |conv_count_1_reg_2387                        |  12|   0|   12|          0|
    |i_op_assign_1_reg_689                        |   2|   0|    2|          0|
    |i_op_assign_2_reg_654                        |   9|   0|    9|          0|
    |i_op_assign_3_reg_700                        |   2|   0|    2|          0|
    |i_op_assign_4_reg_677                        |   4|   0|    4|          0|
    |i_op_assign_reg_618                          |   9|   0|    9|          0|
    |icmp_ln105_2_reg_2259                        |   1|   0|    1|          0|
    |icmp_ln27_reg_2301                           |   1|   0|    1|          0|
    |icmp_ln30_reg_2310                           |   1|   0|    1|          0|
    |icmp_ln33_reg_2284                           |   1|   0|    1|          0|
    |icmp_ln36_1_reg_2343                         |   1|   0|    1|          0|
    |icmp_ln36_reg_2278                           |   1|   0|    1|          0|
    |icmp_ln39_1_reg_2338                         |   1|   0|    1|          0|
    |icmp_ln39_reg_2271                           |   1|   0|    1|          0|
    |icmp_ln59_reg_2265                           |   1|   0|    1|          0|
    |icmp_ln81_2_reg_2254                         |   1|   0|    1|          0|
    |indvar_flatten180_reg_630                    |  17|   0|   17|          0|
    |indvar_flatten308_reg_606                    |  26|   0|   26|          0|
    |indvar_flatten79_reg_642                     |  15|   0|   15|          0|
    |indvar_flatten_reg_665                       |   6|   0|    6|          0|
    |input_ch_idx_reg_2513                        |   4|   0|    4|          0|
    |input_fold_ch_V_read_reg_2072                |   4|   0|    4|          0|
    |input_h_V_read_reg_2086                      |   9|   0|    9|          0|
    |input_w_V_read_reg_2080                      |   9|   0|    9|          0|
    |line_buff_group_0_va_5_reg_2569              |  12|   0|   12|          0|
    |line_buff_group_1_va_5_reg_2574              |  12|   0|   12|          0|
    |line_buff_group_2_va_3_reg_2634              |  12|   0|   12|          0|
    |line_buff_group_2_va_4_reg_2664              |  12|   0|   12|          0|
    |line_buff_group_2_va_5_reg_2579              |  12|   0|   12|          0|
    |line_buff_group_2_va_6_reg_2639              |  12|   0|   12|          0|
    |line_buff_group_3_va_3_reg_2644              |  12|   0|   12|          0|
    |line_buff_group_3_va_4_reg_2674              |  12|   0|   12|          0|
    |line_buff_group_3_va_5_reg_2584              |  12|   0|   12|          0|
    |line_buff_group_3_va_6_reg_2649              |  12|   0|   12|          0|
    |mul_ln203_reg_2506                           |  12|   0|   13|          1|
    |mul_ln48_1_reg_2326                          |  11|   0|   11|          0|
    |mul_ln48_reg_2289                            |  11|   0|   11|          0|
    |mul_ln49_1_reg_2459                          |  11|   0|   11|          0|
    |mul_ln49_reg_2295                            |  11|   0|   11|          0|
    |or_ln1598_1_reg_2361                         |   1|   0|    1|          0|
    |or_ln81_1_reg_2392                           |   1|   0|    1|          0|
    |out_row_reg_2305                             |   9|   0|    9|          0|
    |output_h_V_read_reg_2097                     |   9|   0|    9|          0|
    |output_w_V_read_reg_2091                     |   9|   0|    9|          0|
    |p_cast60_reg_2204                            |   2|   0|   11|          9|
    |phi_ln19_reg_518                             |   3|   0|    3|          0|
    |phi_ln20_reg_540                             |   3|   0|    3|          0|
    |phi_ln21_reg_562                             |   3|   0|    3|          0|
    |phi_ln22_reg_584                             |   3|   0|    3|          0|
    |phi_mul311_reg_551                           |  12|   0|   12|          0|
    |phi_mul313_reg_573                           |  12|   0|   12|          0|
    |phi_mul315_reg_595                           |  12|   0|   12|          0|
    |phi_mul_reg_529                              |  12|   0|   12|          0|
    |ret_V_1_reg_2244                             |   5|   0|    5|          0|
    |ret_V_reg_2232                               |  10|   0|   10|          0|
    |row_stride_reg_2417                          |   2|   0|    2|          0|
    |select_ln1598_10_reg_2348                    |   1|   0|    1|          0|
    |select_ln1598_11_reg_2371                    |   9|   0|    9|          0|
    |select_ln1598_12_reg_2422                    |   1|   0|    1|          0|
    |select_ln1598_13_reg_2428                    |   1|   0|    1|          0|
    |select_ln1598_14_reg_2434                    |   1|   0|    1|          0|
    |select_ln1598_16_reg_2377                    |   1|   0|    1|          0|
    |select_ln1598_18_reg_2440                    |   1|   0|    1|          0|
    |select_ln1598_21_reg_2445                    |   1|   0|    1|          0|
    |select_ln1598_22_reg_2454                    |   2|   0|    2|          0|
    |select_ln1598_24_reg_2467                    |   1|   0|    1|          0|
    |select_ln1598_29_reg_2472                    |   1|   0|    1|          0|
    |select_ln1598_2_reg_2333                     |   1|   0|    1|          0|
    |select_ln1598_30_reg_2493                    |   4|   0|    4|          0|
    |select_ln1598_32_reg_2538                    |   1|   0|    1|          0|
    |select_ln1598_33_reg_2542                    |   1|   0|    1|          0|
    |select_ln1598_reg_2407                       |   2|   0|    2|          0|
    |select_ln27_reg_2412                         |   9|   0|    9|          0|
    |select_ln30_1_reg_2528                       |  17|   0|   17|          0|
    |select_ln30_reg_2533                         |   2|   0|    2|          0|
    |select_ln33_1_reg_2523                       |  15|   0|   15|          0|
    |select_ln33_reg_2482                         |   9|   0|    9|          0|
    |select_ln36_1_reg_2518                       |   6|   0|    6|          0|
    |select_ln36_reg_2546                         |   2|   0|    2|          0|
    |sext_ln144_1_reg_2599                        |  64|   0|   64|          0|
    |sext_ln203_reg_2551                          |  64|   0|   64|          0|
    |stride_V_read_reg_2064                       |   2|   0|    2|          0|
    |tmp_dest_V_fu_222                            |   6|   0|    6|          0|
    |tmp_dest_V_load_reg_2704                     |   6|   0|    6|          0|
    |tmp_dest_V_load_reg_2704_pp0_iter3_reg       |   6|   0|    6|          0|
    |tmp_id_V_fu_218                              |   5|   0|    5|          0|
    |tmp_id_V_load_reg_2699                       |   5|   0|    5|          0|
    |tmp_id_V_load_reg_2699_pp0_iter3_reg         |   5|   0|    5|          0|
    |tmp_keep_V_fu_206                            |   8|   0|    8|          0|
    |tmp_keep_V_load_reg_2684                     |   8|   0|    8|          0|
    |tmp_keep_V_load_reg_2684_pp0_iter3_reg       |   8|   0|    8|          0|
    |tmp_strb_V_fu_210                            |   8|   0|    8|          0|
    |tmp_strb_V_load_reg_2689                     |   8|   0|    8|          0|
    |tmp_strb_V_load_reg_2689_pp0_iter3_reg       |   8|   0|    8|          0|
    |tmp_user_V_fu_214                            |   2|   0|    2|          0|
    |tmp_user_V_load_reg_2694                     |   2|   0|    2|          0|
    |tmp_user_V_load_reg_2694_pp0_iter3_reg       |   2|   0|    2|          0|
    |val_output_0_V_reg_2789                      |  16|   0|   16|          0|
    |val_output_1_V_reg_2794                      |  16|   0|   16|          0|
    |window_0_val_0_V_0_reg_2709                  |  16|   0|   16|          0|
    |window_0_val_0_V_1_reg_2714                  |  16|   0|   16|          0|
    |window_0_val_1_V_0_reg_2719                  |  16|   0|   16|          0|
    |window_0_val_1_V_1_reg_2739                  |  16|   0|   16|          0|
    |window_1_val_0_V_0_reg_2724                  |  16|   0|   16|          0|
    |window_1_val_0_V_1_reg_2729                  |  16|   0|   16|          0|
    |window_1_val_1_V_0_reg_2734                  |  16|   0|   16|          0|
    |window_1_val_1_V_1_reg_2744                  |  16|   0|   16|          0|
    |window_2_val_0_V_0_reg_2759                  |  16|   0|   16|          0|
    |window_2_val_0_V_1_reg_2764                  |  16|   0|   16|          0|
    |window_2_val_1_V_0_reg_2769                  |  16|   0|   16|          0|
    |window_2_val_1_V_1_reg_2749                  |  16|   0|   16|          0|
    |window_3_val_0_V_0_reg_2774                  |  16|   0|   16|          0|
    |window_3_val_0_V_1_reg_2779                  |  16|   0|   16|          0|
    |window_3_val_1_V_0_reg_2784                  |  16|   0|   16|          0|
    |window_3_val_1_V_1_reg_2754                  |  16|   0|   16|          0|
    |zext_ln1354_4_reg_2219                       |   9|   0|   11|          2|
    |zext_ln215_reg_2212                          |   9|   0|   11|          2|
    |and_ln879_1_reg_2589                         |  64|  32|    1|          0|
    |icmp_ln27_reg_2301                           |  64|  32|    1|          0|
    |select_ln1598_33_reg_2542                    |  64|  32|    1|          0|
    +---------------------------------------------+----+----+-----+-----------+
    |Total                                        |1471|  96| 1296|         14|
    +---------------------------------------------+----+----+-----+-----------+



================================================================
== Interface
================================================================
* Summary: 
+------------------------+-----+-----+------------+--------------------+--------------+
|        RTL Ports       | Dir | Bits|  Protocol  |    Source Object   |    C Type    |
+------------------------+-----+-----+------------+--------------------+--------------+
|s_axi_CTRL_BUS_AWVALID  |  in |    1|    s_axi   |      CTRL_BUS      |    scalar    |
|s_axi_CTRL_BUS_AWREADY  | out |    1|    s_axi   |      CTRL_BUS      |    scalar    |
|s_axi_CTRL_BUS_AWADDR   |  in |    6|    s_axi   |      CTRL_BUS      |    scalar    |
|s_axi_CTRL_BUS_WVALID   |  in |    1|    s_axi   |      CTRL_BUS      |    scalar    |
|s_axi_CTRL_BUS_WREADY   | out |    1|    s_axi   |      CTRL_BUS      |    scalar    |
|s_axi_CTRL_BUS_WDATA    |  in |   32|    s_axi   |      CTRL_BUS      |    scalar    |
|s_axi_CTRL_BUS_WSTRB    |  in |    4|    s_axi   |      CTRL_BUS      |    scalar    |
|s_axi_CTRL_BUS_ARVALID  |  in |    1|    s_axi   |      CTRL_BUS      |    scalar    |
|s_axi_CTRL_BUS_ARREADY  | out |    1|    s_axi   |      CTRL_BUS      |    scalar    |
|s_axi_CTRL_BUS_ARADDR   |  in |    6|    s_axi   |      CTRL_BUS      |    scalar    |
|s_axi_CTRL_BUS_RVALID   | out |    1|    s_axi   |      CTRL_BUS      |    scalar    |
|s_axi_CTRL_BUS_RREADY   |  in |    1|    s_axi   |      CTRL_BUS      |    scalar    |
|s_axi_CTRL_BUS_RDATA    | out |   32|    s_axi   |      CTRL_BUS      |    scalar    |
|s_axi_CTRL_BUS_RRESP    | out |    2|    s_axi   |      CTRL_BUS      |    scalar    |
|s_axi_CTRL_BUS_BVALID   | out |    1|    s_axi   |      CTRL_BUS      |    scalar    |
|s_axi_CTRL_BUS_BREADY   |  in |    1|    s_axi   |      CTRL_BUS      |    scalar    |
|s_axi_CTRL_BUS_BRESP    | out |    2|    s_axi   |      CTRL_BUS      |    scalar    |
|ap_clk                  |  in |    1| ap_ctrl_hs |  yolo_max_pool_top | return value |
|ap_rst_n                |  in |    1| ap_ctrl_hs |  yolo_max_pool_top | return value |
|interrupt               | out |    1| ap_ctrl_hs |  yolo_max_pool_top | return value |
|inStream_TDATA          |  in |   64|    axis    |   inStream_V_data  |    pointer   |
|inStream_TVALID         |  in |    1|    axis    |  inStream_V_dest_V |    pointer   |
|inStream_TREADY         | out |    1|    axis    |  inStream_V_dest_V |    pointer   |
|inStream_TDEST          |  in |    6|    axis    |  inStream_V_dest_V |    pointer   |
|inStream_TKEEP          |  in |    8|    axis    |  inStream_V_keep_V |    pointer   |
|inStream_TSTRB          |  in |    8|    axis    |  inStream_V_strb_V |    pointer   |
|inStream_TUSER          |  in |    2|    axis    |  inStream_V_user_V |    pointer   |
|inStream_TLAST          |  in |    1|    axis    |  inStream_V_last_V |    pointer   |
|inStream_TID            |  in |    5|    axis    |   inStream_V_id_V  |    pointer   |
|outStream_TDATA         | out |   64|    axis    |  outStream_V_data  |    pointer   |
|outStream_TVALID        | out |    1|    axis    | outStream_V_dest_V |    pointer   |
|outStream_TREADY        |  in |    1|    axis    | outStream_V_dest_V |    pointer   |
|outStream_TDEST         | out |    6|    axis    | outStream_V_dest_V |    pointer   |
|outStream_TKEEP         | out |    8|    axis    | outStream_V_keep_V |    pointer   |
|outStream_TSTRB         | out |    8|    axis    | outStream_V_strb_V |    pointer   |
|outStream_TUSER         | out |    2|    axis    | outStream_V_user_V |    pointer   |
|outStream_TLAST         | out |    1|    axis    | outStream_V_last_V |    pointer   |
|outStream_TID           | out |    5|    axis    |  outStream_V_id_V  |    pointer   |
+------------------------+-----+-----+------------+--------------------+--------------+

