

================================================================
== Vivado HLS Report for 'yolo_acc_top'
================================================================
* Date:           Sun Jan 25 20:13:58 2026

* Version:        2019.2 (Build 2704478 on Wed Nov 06 22:10:23 MST 2019)
* Project:        yolo_acc_prj
* Solution:       solution1
* Product family: zynq
* Target device:  xc7z020-clg484-1


================================================================
== Performance Estimates
================================================================
+ Timing: 
    * Summary: 
    +--------+----------+----------+------------+
    |  Clock |  Target  | Estimated| Uncertainty|
    +--------+----------+----------+------------+
    |ap_clk  | 10.00 ns | 8.632 ns |   1.25 ns  |
    +--------+----------+----------+------------+

+ Latency: 
    * Summary: 
    +---------+---------+-----------+-----------+---------+---------+---------+
    |  Latency (cycles) |   Latency (absolute)  |      Interval     | Pipeline|
    |   min   |   max   |    min    |    max    |   min   |   max   |   Type  |
    +---------+---------+-----------+-----------+---------+---------+---------+
    |  1384465|  1384465| 13.845 ms | 13.845 ms |  1384465|  1384465|   none  |
    +---------+---------+-----------+-----------+---------+---------+---------+

    + Detail: 
        * Instance: 
        N/A

        * Loop: 
        +----------+---------+---------+----------+-----------+-----------+--------+----------+
        |          |  Latency (cycles) | Iteration|  Initiation Interval  |  Trip  |          |
        | Loop Name|   min   |   max   |  Latency |  achieved |   target  |  Count | Pipelined|
        +----------+---------+---------+----------+-----------+-----------+--------+----------+
        |- Loop 1  |        8|        8|         3|          2|          1|       4|    yes   |
        |- Loop 2  |  1384452|  1384452|         7|          2|          1|  692224|    yes   |
        +----------+---------+---------+----------+-----------+-----------+--------+----------+

============================================================
+ Verbose Summary: Synthesis Manager
============================================================
InlineROM: 1
ExposeGlobal: 0
============================================================
+ Verbose Summary: CDFG Model
============================================================
IsTopModel: 1
ResetActiveHigh: 1
IsCombinational: 0
IsDatapathOnly: 0
HasWiredReturn: 1
HasMFsm: 0
HasVarLatency: 1
IsPipeline: 0
IsRtlPipelined: 0
IsInstanceOverlapped: 0
IsDontTouch: 0
HasImplIP: 0
IsGatedGlobalClock: 0

+ Individual pipeline summary: 
  * Pipeline-0: initiation interval (II) = 2, depth = 3
  * Pipeline-1: initiation interval (II) = 2, depth = 7


============================================================
+ Verbose Summary: Schedule
============================================================
* Number of FSM states : 14
* Pipeline : 2
  Pipeline-0 : II = 2, D = 3, States = { 2 4 3 }
  Pipeline-1 : II = 2, D = 7, States = { 7 8 9 10 11 12 13 }
* Dataflow Pipeline: 0

* FSM state transitions: 
1 --> 2 
2 --> 5 4 
3 --> 2 
4 --> 3 
5 --> 6 
6 --> 7 
7 --> 14 8 
8 --> 9 
9 --> 10 
10 --> 11 
11 --> 12 
12 --> 13 
13 --> 7 
14 --> 

* FSM state operations: 

State 1 <SV = 0> <Delay = 1.76>
ST_1 : Operation 15 [1/1] (0.00ns)   --->   "call void (...)* @_ssdm_op_SpecBitsMap(i64* %outStream_V_data), !map !153"   --->   Operation 15 'specbitsmap' <Predicate = true> <Delay = 0.00>
ST_1 : Operation 16 [1/1] (0.00ns)   --->   "call void (...)* @_ssdm_op_SpecBitsMap(i64* %inStream_b_V_data), !map !168"   --->   Operation 16 'specbitsmap' <Predicate = true> <Delay = 0.00>
ST_1 : Operation 17 [1/1] (0.00ns)   --->   "call void (...)* @_ssdm_op_SpecBitsMap(i64* %inStream_a_V_data), !map !181"   --->   Operation 17 'specbitsmap' <Predicate = true> <Delay = 0.00>
ST_1 : Operation 18 [1/1] (1.00ns)   --->   "%bias_en_V_read = call i1 @_ssdm_op_Read.s_axilite.i1(i1 %bias_en_V)"   --->   Operation 18 'read' 'bias_en_V_read' <Predicate = true> <Delay = 1.00> <Core = "s_axilite">   --->   Core 10 's_axilite' <Latency = 0> <II = 1> <Delay = 1.00> <Adapter> <Opcode : 'read' 'write'>
ST_1 : Operation 19 [1/1] (1.00ns)   --->   "%leaky_V_read = call i1 @_ssdm_op_Read.s_axilite.i1(i1 %leaky_V)"   --->   Operation 19 'read' 'leaky_V_read' <Predicate = true> <Delay = 1.00> <Core = "s_axilite">   --->   Core 10 's_axilite' <Latency = 0> <II = 1> <Delay = 1.00> <Adapter> <Opcode : 'read' 'write'>
ST_1 : Operation 20 [1/1] (1.00ns)   --->   "%fold_input_ch_V_read = call i4 @_ssdm_op_Read.s_axilite.i4(i4 %fold_input_ch_V)"   --->   Operation 20 'read' 'fold_input_ch_V_read' <Predicate = true> <Delay = 1.00> <Core = "s_axilite">   --->   Core 10 's_axilite' <Latency = 0> <II = 1> <Delay = 1.00> <Adapter> <Opcode : 'read' 'write'>
ST_1 : Operation 21 [1/1] (1.00ns)   --->   "%input_w_V_read = call i9 @_ssdm_op_Read.s_axilite.i9(i9 %input_w_V)"   --->   Operation 21 'read' 'input_w_V_read' <Predicate = true> <Delay = 1.00> <Core = "s_axilite">   --->   Core 10 's_axilite' <Latency = 0> <II = 1> <Delay = 1.00> <Adapter> <Opcode : 'read' 'write'>
ST_1 : Operation 22 [1/1] (1.00ns)   --->   "%input_h_V_read = call i9 @_ssdm_op_Read.s_axilite.i9(i9 %input_h_V)"   --->   Operation 22 'read' 'input_h_V_read' <Predicate = true> <Delay = 1.00> <Core = "s_axilite">   --->   Core 10 's_axilite' <Latency = 0> <II = 1> <Delay = 1.00> <Adapter> <Opcode : 'read' 'write'>
ST_1 : Operation 23 [1/1] (0.00ns)   --->   "call void (...)* @_ssdm_op_SpecBitsMap(i8* %inStream_a_V_keep_V), !map !194"   --->   Operation 23 'specbitsmap' <Predicate = true> <Delay = 0.00>
ST_1 : Operation 24 [1/1] (0.00ns)   --->   "call void (...)* @_ssdm_op_SpecBitsMap(i8* %inStream_a_V_strb_V), !map !198"   --->   Operation 24 'specbitsmap' <Predicate = true> <Delay = 0.00>
ST_1 : Operation 25 [1/1] (0.00ns)   --->   "call void (...)* @_ssdm_op_SpecBitsMap(i2* %inStream_a_V_user_V), !map !202"   --->   Operation 25 'specbitsmap' <Predicate = true> <Delay = 0.00>
ST_1 : Operation 26 [1/1] (0.00ns)   --->   "call void (...)* @_ssdm_op_SpecBitsMap(i1* %inStream_a_V_last_V), !map !206"   --->   Operation 26 'specbitsmap' <Predicate = true> <Delay = 0.00>
ST_1 : Operation 27 [1/1] (0.00ns)   --->   "call void (...)* @_ssdm_op_SpecBitsMap(i5* %inStream_a_V_id_V), !map !210"   --->   Operation 27 'specbitsmap' <Predicate = true> <Delay = 0.00>
ST_1 : Operation 28 [1/1] (0.00ns)   --->   "call void (...)* @_ssdm_op_SpecBitsMap(i6* %inStream_a_V_dest_V), !map !214"   --->   Operation 28 'specbitsmap' <Predicate = true> <Delay = 0.00>
ST_1 : Operation 29 [1/1] (0.00ns)   --->   "call void (...)* @_ssdm_op_SpecBitsMap(i8* %inStream_b_V_keep_V), !map !218"   --->   Operation 29 'specbitsmap' <Predicate = true> <Delay = 0.00>
ST_1 : Operation 30 [1/1] (0.00ns)   --->   "call void (...)* @_ssdm_op_SpecBitsMap(i8* %inStream_b_V_strb_V), !map !222"   --->   Operation 30 'specbitsmap' <Predicate = true> <Delay = 0.00>
ST_1 : Operation 31 [1/1] (0.00ns)   --->   "call void (...)* @_ssdm_op_SpecBitsMap(i2* %inStream_b_V_user_V), !map !226"   --->   Operation 31 'specbitsmap' <Predicate = true> <Delay = 0.00>
ST_1 : Operation 32 [1/1] (0.00ns)   --->   "call void (...)* @_ssdm_op_SpecBitsMap(i1* %inStream_b_V_last_V), !map !230"   --->   Operation 32 'specbitsmap' <Predicate = true> <Delay = 0.00>
ST_1 : Operation 33 [1/1] (0.00ns)   --->   "call void (...)* @_ssdm_op_SpecBitsMap(i5* %inStream_b_V_id_V), !map !234"   --->   Operation 33 'specbitsmap' <Predicate = true> <Delay = 0.00>
ST_1 : Operation 34 [1/1] (0.00ns)   --->   "call void (...)* @_ssdm_op_SpecBitsMap(i6* %inStream_b_V_dest_V), !map !238"   --->   Operation 34 'specbitsmap' <Predicate = true> <Delay = 0.00>
ST_1 : Operation 35 [1/1] (0.00ns)   --->   "call void (...)* @_ssdm_op_SpecBitsMap(i8* %outStream_V_keep_V), !map !242"   --->   Operation 35 'specbitsmap' <Predicate = true> <Delay = 0.00>
ST_1 : Operation 36 [1/1] (0.00ns)   --->   "call void (...)* @_ssdm_op_SpecBitsMap(i8* %outStream_V_strb_V), !map !246"   --->   Operation 36 'specbitsmap' <Predicate = true> <Delay = 0.00>
ST_1 : Operation 37 [1/1] (0.00ns)   --->   "call void (...)* @_ssdm_op_SpecBitsMap(i2* %outStream_V_user_V), !map !250"   --->   Operation 37 'specbitsmap' <Predicate = true> <Delay = 0.00>
ST_1 : Operation 38 [1/1] (0.00ns)   --->   "call void (...)* @_ssdm_op_SpecBitsMap(i1* %outStream_V_last_V), !map !254"   --->   Operation 38 'specbitsmap' <Predicate = true> <Delay = 0.00>
ST_1 : Operation 39 [1/1] (0.00ns)   --->   "call void (...)* @_ssdm_op_SpecBitsMap(i5* %outStream_V_id_V), !map !258"   --->   Operation 39 'specbitsmap' <Predicate = true> <Delay = 0.00>
ST_1 : Operation 40 [1/1] (0.00ns)   --->   "call void (...)* @_ssdm_op_SpecBitsMap(i6* %outStream_V_dest_V), !map !262"   --->   Operation 40 'specbitsmap' <Predicate = true> <Delay = 0.00>
ST_1 : Operation 41 [1/1] (0.00ns)   --->   "call void (...)* @_ssdm_op_SpecBitsMap(i9 %input_h_V), !map !266"   --->   Operation 41 'specbitsmap' <Predicate = true> <Delay = 0.00>
ST_1 : Operation 42 [1/1] (0.00ns)   --->   "call void (...)* @_ssdm_op_SpecBitsMap(i9 %input_w_V), !map !272"   --->   Operation 42 'specbitsmap' <Predicate = true> <Delay = 0.00>
ST_1 : Operation 43 [1/1] (0.00ns)   --->   "call void (...)* @_ssdm_op_SpecBitsMap(i4 %fold_input_ch_V), !map !276"   --->   Operation 43 'specbitsmap' <Predicate = true> <Delay = 0.00>
ST_1 : Operation 44 [1/1] (0.00ns)   --->   "call void (...)* @_ssdm_op_SpecBitsMap(i1 %leaky_V), !map !280"   --->   Operation 44 'specbitsmap' <Predicate = true> <Delay = 0.00>
ST_1 : Operation 45 [1/1] (0.00ns)   --->   "call void (...)* @_ssdm_op_SpecBitsMap(i1 %bias_en_V), !map !284"   --->   Operation 45 'specbitsmap' <Predicate = true> <Delay = 0.00>
ST_1 : Operation 46 [1/1] (0.00ns)   --->   "call void (...)* @_ssdm_op_SpecTopModule([13 x i8]* @yolo_acc_top_str) nounwind"   --->   Operation 46 'spectopmodule' <Predicate = true> <Delay = 0.00>
ST_1 : Operation 47 [1/1] (0.00ns)   --->   "%kernel_bias_fp_V = alloca [32 x i16], align 2" [src/yolo_acc.cpp:20]   --->   Operation 47 'alloca' 'kernel_bias_fp_V' <Predicate = true> <Delay = 0.00> <Core = "RAM">   --->   Core 37 'RAM' <Latency = 1> <II = 1> <Delay = 2.32> <Storage> <Opcode : 'load' 'store'> <Ports = 2> <Width = 16> <Depth = 32> <RAM>
ST_1 : Operation 48 [1/1] (0.00ns)   --->   "call void (...)* @_ssdm_op_SpecInterface(i1 %bias_en_V, [10 x i8]* @p_str, i32 0, i32 0, [1 x i8]* @p_str1, i32 0, i32 0, [9 x i8]* @p_str2, [1 x i8]* @p_str1, [1 x i8]* @p_str1, i32 0, i32 0, i32 0, i32 0, [1 x i8]* @p_str1, [1 x i8]* @p_str1) nounwind" [src/yolo_acc.cpp:10]   --->   Operation 48 'specinterface' <Predicate = true> <Delay = 0.00>
ST_1 : Operation 49 [1/1] (0.00ns)   --->   "call void (...)* @_ssdm_op_SpecInterface(i1 %leaky_V, [10 x i8]* @p_str, i32 0, i32 0, [1 x i8]* @p_str1, i32 0, i32 0, [9 x i8]* @p_str2, [1 x i8]* @p_str1, [1 x i8]* @p_str1, i32 0, i32 0, i32 0, i32 0, [1 x i8]* @p_str1, [1 x i8]* @p_str1) nounwind" [src/yolo_acc.cpp:11]   --->   Operation 49 'specinterface' <Predicate = true> <Delay = 0.00>
ST_1 : Operation 50 [1/1] (0.00ns)   --->   "call void (...)* @_ssdm_op_SpecInterface(i4 %fold_input_ch_V, [10 x i8]* @p_str, i32 0, i32 0, [1 x i8]* @p_str1, i32 0, i32 0, [9 x i8]* @p_str2, [1 x i8]* @p_str1, [1 x i8]* @p_str1, i32 0, i32 0, i32 0, i32 0, [1 x i8]* @p_str1, [1 x i8]* @p_str1) nounwind" [src/yolo_acc.cpp:12]   --->   Operation 50 'specinterface' <Predicate = true> <Delay = 0.00>
ST_1 : Operation 51 [1/1] (0.00ns)   --->   "call void (...)* @_ssdm_op_SpecInterface(i9 %input_w_V, [10 x i8]* @p_str, i32 0, i32 0, [1 x i8]* @p_str1, i32 0, i32 0, [9 x i8]* @p_str2, [1 x i8]* @p_str1, [1 x i8]* @p_str1, i32 0, i32 0, i32 0, i32 0, [1 x i8]* @p_str1, [1 x i8]* @p_str1) nounwind" [src/yolo_acc.cpp:13]   --->   Operation 51 'specinterface' <Predicate = true> <Delay = 0.00>
ST_1 : Operation 52 [1/1] (0.00ns)   --->   "call void (...)* @_ssdm_op_SpecInterface(i9 %input_h_V, [10 x i8]* @p_str, i32 0, i32 0, [1 x i8]* @p_str1, i32 0, i32 0, [9 x i8]* @p_str2, [1 x i8]* @p_str1, [1 x i8]* @p_str1, i32 0, i32 0, i32 0, i32 0, [1 x i8]* @p_str1, [1 x i8]* @p_str1) nounwind" [src/yolo_acc.cpp:14]   --->   Operation 52 'specinterface' <Predicate = true> <Delay = 0.00>
ST_1 : Operation 53 [1/1] (0.00ns)   --->   "call void (...)* @_ssdm_op_SpecInterface(i32 0, [10 x i8]* @p_str, i32 0, i32 0, [1 x i8]* @p_str1, i32 0, i32 0, [9 x i8]* @p_str2, [1 x i8]* @p_str1, [1 x i8]* @p_str1, i32 0, i32 0, i32 0, i32 0, [1 x i8]* @p_str1, [1 x i8]* @p_str1) nounwind" [src/yolo_acc.cpp:15]   --->   Operation 53 'specinterface' <Predicate = true> <Delay = 0.00>
ST_1 : Operation 54 [1/1] (0.00ns)   --->   "call void (...)* @_ssdm_op_SpecInterface(i64* %outStream_V_data, i8* %outStream_V_keep_V, i8* %outStream_V_strb_V, i2* %outStream_V_user_V, i1* %outStream_V_last_V, i5* %outStream_V_id_V, i6* %outStream_V_dest_V, [5 x i8]* @p_str3, i32 1, i32 1, [5 x i8]* @p_str4, i32 0, i32 0, [1 x i8]* @p_str1, [1 x i8]* @p_str1, [1 x i8]* @p_str1, i32 0, i32 0, i32 0, i32 0, [1 x i8]* @p_str1, [1 x i8]* @p_str1) nounwind" [src/yolo_acc.cpp:16]   --->   Operation 54 'specinterface' <Predicate = true> <Delay = 0.00>
ST_1 : Operation 55 [1/1] (0.00ns)   --->   "call void (...)* @_ssdm_op_SpecInterface(i64* %inStream_a_V_data, i8* %inStream_a_V_keep_V, i8* %inStream_a_V_strb_V, i2* %inStream_a_V_user_V, i1* %inStream_a_V_last_V, i5* %inStream_a_V_id_V, i6* %inStream_a_V_dest_V, [5 x i8]* @p_str3, i32 1, i32 1, [5 x i8]* @p_str4, i32 0, i32 0, [1 x i8]* @p_str1, [1 x i8]* @p_str1, [1 x i8]* @p_str1, i32 0, i32 0, i32 0, i32 0, [1 x i8]* @p_str1, [1 x i8]* @p_str1) nounwind" [src/yolo_acc.cpp:17]   --->   Operation 55 'specinterface' <Predicate = true> <Delay = 0.00>
ST_1 : Operation 56 [1/1] (0.00ns)   --->   "call void (...)* @_ssdm_op_SpecInterface(i64* %inStream_b_V_data, i8* %inStream_b_V_keep_V, i8* %inStream_b_V_strb_V, i2* %inStream_b_V_user_V, i1* %inStream_b_V_last_V, i5* %inStream_b_V_id_V, i6* %inStream_b_V_dest_V, [5 x i8]* @p_str3, i32 1, i32 1, [5 x i8]* @p_str4, i32 0, i32 0, [1 x i8]* @p_str1, [1 x i8]* @p_str1, [1 x i8]* @p_str1, i32 0, i32 0, i32 0, i32 0, [1 x i8]* @p_str1, [1 x i8]* @p_str1) nounwind" [src/yolo_acc.cpp:18]   --->   Operation 56 'specinterface' <Predicate = true> <Delay = 0.00>
ST_1 : Operation 57 [1/1] (1.76ns)   --->   "br label %1" [src/yolo_acc.cpp:25]   --->   Operation 57 'br' <Predicate = true> <Delay = 1.76>

State 2 <SV = 1> <Delay = 2.28>
ST_2 : Operation 58 [1/1] (0.00ns)   --->   "%t_V = phi i4 [ 0, %0 ], [ %i_V, %hls_label_0_end ]"   --->   Operation 58 'phi' 't_V' <Predicate = true> <Delay = 0.00>
ST_2 : Operation 59 [1/1] (1.30ns)   --->   "%icmp_ln25 = icmp eq i4 %t_V, %fold_input_ch_V_read" [src/yolo_acc.cpp:25]   --->   Operation 59 'icmp' 'icmp_ln25' <Predicate = true> <Delay = 1.30> <Core = "Cmp">   --->   Core 25 'Cmp' <Latency = 0> <II = 1> <Delay = 1.30> <FuncUnit> <Opcode : 'icmp'> <InPorts = 2> <OutPorts = 1>
ST_2 : Operation 60 [1/1] (1.73ns)   --->   "%i_V = add i4 %t_V, 1" [src/yolo_acc.cpp:25]   --->   Operation 60 'add' 'i_V' <Predicate = true> <Delay = 1.73> <Core = "AddSub">   --->   Core 14 'AddSub' <Latency = 0> <II = 1> <Delay = 1.82> <FuncUnit> <Opcode : 'add' 'sub'> <InPorts = 2> <OutPorts = 1>
ST_2 : Operation 61 [1/1] (0.00ns)   --->   "br i1 %icmp_ln25, label %.preheader.preheader, label %hls_label_0_begin" [src/yolo_acc.cpp:25]   --->   Operation 61 'br' <Predicate = true> <Delay = 0.00>
ST_2 : Operation 62 [1/1] (0.00ns)   --->   "%ret_V = call i6 @_ssdm_op_BitConcatenate.i6.i4.i2(i4 %t_V, i2 0)" [src/yolo_acc.cpp:33]   --->   Operation 62 'bitconcatenate' 'ret_V' <Predicate = (!icmp_ln25 & bias_en_V_read)> <Delay = 0.00>

State 3 <SV = 3> <Delay = 2.32>
ST_3 : Operation 63 [1/1] (0.00ns)   --->   "%tmp = call i32 (...)* @_ssdm_op_SpecRegionBegin([12 x i8]* @p_str6)" [src/yolo_acc.cpp:26]   --->   Operation 63 'specregionbegin' 'tmp' <Predicate = (!icmp_ln25)> <Delay = 0.00>
ST_3 : Operation 64 [1/1] (0.00ns)   --->   "call void (...)* @_ssdm_op_SpecLoopTripCount(i32 4, i32 4, i32 4, [1 x i8]* @p_str1) nounwind" [src/yolo_acc.cpp:27]   --->   Operation 64 'speclooptripcount' <Predicate = (!icmp_ln25)> <Delay = 0.00>
ST_3 : Operation 65 [1/1] (0.00ns)   --->   "call void (...)* @_ssdm_op_SpecPipeline(i32 -1, i32 1, i32 1, i32 0, [1 x i8]* @p_str1) nounwind" [src/yolo_acc.cpp:28]   --->   Operation 65 'specpipeline' <Predicate = (!icmp_ln25)> <Delay = 0.00>
ST_3 : Operation 66 [1/1] (0.00ns)   --->   "br i1 %bias_en_V_read, label %2, label %hls_label_0_end" [src/yolo_acc.cpp:29]   --->   Operation 66 'br' <Predicate = (!icmp_ln25)> <Delay = 0.00>
ST_3 : Operation 67 [1/1] (0.00ns)   --->   "%ret_V_2 = or i6 %ret_V, 2" [src/yolo_acc.cpp:35]   --->   Operation 67 'or' 'ret_V_2' <Predicate = (!icmp_ln25 & bias_en_V_read)> <Delay = 0.00>
ST_3 : Operation 68 [1/1] (0.00ns)   --->   "%zext_ln544_2 = zext i6 %ret_V_2 to i64" [src/yolo_acc.cpp:35]   --->   Operation 68 'zext' 'zext_ln544_2' <Predicate = (!icmp_ln25 & bias_en_V_read)> <Delay = 0.00>
ST_3 : Operation 69 [1/1] (0.00ns)   --->   "%kernel_bias_fp_V_add_2 = getelementptr [32 x i16]* %kernel_bias_fp_V, i64 0, i64 %zext_ln544_2" [src/yolo_acc.cpp:35]   --->   Operation 69 'getelementptr' 'kernel_bias_fp_V_add_2' <Predicate = (!icmp_ln25 & bias_en_V_read)> <Delay = 0.00>
ST_3 : Operation 70 [1/1] (2.32ns)   --->   "store i16 %tmp_data_sub_data_2_s, i16* %kernel_bias_fp_V_add_2, align 4" [src/yolo_acc.cpp:35]   --->   Operation 70 'store' <Predicate = (!icmp_ln25 & bias_en_V_read)> <Delay = 2.32> <Core = "RAM">   --->   Core 37 'RAM' <Latency = 1> <II = 1> <Delay = 2.32> <Storage> <Opcode : 'load' 'store'> <Ports = 2> <Width = 16> <Depth = 32> <RAM>
ST_3 : Operation 71 [1/1] (0.00ns)   --->   "%ret_V_3 = or i6 %ret_V, 3" [src/yolo_acc.cpp:36]   --->   Operation 71 'or' 'ret_V_3' <Predicate = (!icmp_ln25 & bias_en_V_read)> <Delay = 0.00>
ST_3 : Operation 72 [1/1] (0.00ns)   --->   "%zext_ln544_3 = zext i6 %ret_V_3 to i64" [src/yolo_acc.cpp:36]   --->   Operation 72 'zext' 'zext_ln544_3' <Predicate = (!icmp_ln25 & bias_en_V_read)> <Delay = 0.00>
ST_3 : Operation 73 [1/1] (0.00ns)   --->   "%kernel_bias_fp_V_add_3 = getelementptr [32 x i16]* %kernel_bias_fp_V, i64 0, i64 %zext_ln544_3" [src/yolo_acc.cpp:36]   --->   Operation 73 'getelementptr' 'kernel_bias_fp_V_add_3' <Predicate = (!icmp_ln25 & bias_en_V_read)> <Delay = 0.00>
ST_3 : Operation 74 [1/1] (2.32ns)   --->   "store i16 %tmp_data_sub_data_3_s, i16* %kernel_bias_fp_V_add_3, align 2" [src/yolo_acc.cpp:36]   --->   Operation 74 'store' <Predicate = (!icmp_ln25 & bias_en_V_read)> <Delay = 2.32> <Core = "RAM">   --->   Core 37 'RAM' <Latency = 1> <II = 1> <Delay = 2.32> <Storage> <Opcode : 'load' 'store'> <Ports = 2> <Width = 16> <Depth = 32> <RAM>
ST_3 : Operation 75 [1/1] (0.00ns)   --->   "br label %hls_label_0_end" [src/yolo_acc.cpp:37]   --->   Operation 75 'br' <Predicate = (!icmp_ln25 & bias_en_V_read)> <Delay = 0.00>
ST_3 : Operation 76 [1/1] (0.00ns)   --->   "%empty_7 = call i32 (...)* @_ssdm_op_SpecRegionEnd([12 x i8]* @p_str6, i32 %tmp)" [src/yolo_acc.cpp:38]   --->   Operation 76 'specregionend' 'empty_7' <Predicate = (!icmp_ln25)> <Delay = 0.00>
ST_3 : Operation 77 [1/1] (0.00ns)   --->   "br label %1" [src/yolo_acc.cpp:25]   --->   Operation 77 'br' <Predicate = (!icmp_ln25)> <Delay = 0.00>

State 4 <SV = 2> <Delay = 2.32>
ST_4 : Operation 78 [1/1] (0.00ns)   --->   "%empty = call { i64, i8, i8, i2, i1, i5, i6 } @_ssdm_op_Read.axis.volatile.i64P.i8P.i8P.i2P.i1P.i5P.i6P(i64* %inStream_b_V_data, i8* %inStream_b_V_keep_V, i8* %inStream_b_V_strb_V, i2* %inStream_b_V_user_V, i1* %inStream_b_V_last_V, i5* %inStream_b_V_id_V, i6* %inStream_b_V_dest_V)" [src/yolo_acc.cpp:32]   --->   Operation 78 'read' 'empty' <Predicate = (bias_en_V_read)> <Delay = 0.00> <Core = "AXI4Stream">   --->   Core 5 'AXI4Stream' <Latency = 0> <II = 1> <Delay = 1.00> <Adapter> <Opcode : >
ST_4 : Operation 79 [1/1] (0.00ns)   --->   "%tmp_data = extractvalue { i64, i8, i8, i2, i1, i5, i6 } %empty, 0" [src/yolo_acc.cpp:32]   --->   Operation 79 'extractvalue' 'tmp_data' <Predicate = (bias_en_V_read)> <Delay = 0.00>
ST_4 : Operation 80 [1/1] (0.00ns)   --->   "%trunc_ln203 = trunc i64 %tmp_data to i16" [src/yolo_stream.h:8->src/yolo_stream.h:16->src/yolo_acc.cpp:32]   --->   Operation 80 'trunc' 'trunc_ln203' <Predicate = (bias_en_V_read)> <Delay = 0.00>
ST_4 : Operation 81 [1/1] (0.00ns)   --->   "%tmp_data_sub_data_1_s = call i16 @_ssdm_op_PartSelect.i16.i64.i32.i32(i64 %tmp_data, i32 16, i32 31)" [src/yolo_stream.h:8->src/yolo_stream.h:16->src/yolo_acc.cpp:32]   --->   Operation 81 'partselect' 'tmp_data_sub_data_1_s' <Predicate = (bias_en_V_read)> <Delay = 0.00>
ST_4 : Operation 82 [1/1] (0.00ns)   --->   "%tmp_data_sub_data_2_s = call i16 @_ssdm_op_PartSelect.i16.i64.i32.i32(i64 %tmp_data, i32 32, i32 47)" [src/yolo_stream.h:8->src/yolo_stream.h:16->src/yolo_acc.cpp:32]   --->   Operation 82 'partselect' 'tmp_data_sub_data_2_s' <Predicate = (bias_en_V_read)> <Delay = 0.00>
ST_4 : Operation 83 [1/1] (0.00ns)   --->   "%tmp_data_sub_data_3_s = call i16 @_ssdm_op_PartSelect.i16.i64.i32.i32(i64 %tmp_data, i32 48, i32 63)" [src/yolo_stream.h:8->src/yolo_stream.h:16->src/yolo_acc.cpp:32]   --->   Operation 83 'partselect' 'tmp_data_sub_data_3_s' <Predicate = (bias_en_V_read)> <Delay = 0.00>
ST_4 : Operation 84 [1/1] (0.00ns)   --->   "%zext_ln544 = zext i6 %ret_V to i64" [src/yolo_acc.cpp:33]   --->   Operation 84 'zext' 'zext_ln544' <Predicate = (bias_en_V_read)> <Delay = 0.00>
ST_4 : Operation 85 [1/1] (0.00ns)   --->   "%kernel_bias_fp_V_add = getelementptr [32 x i16]* %kernel_bias_fp_V, i64 0, i64 %zext_ln544" [src/yolo_acc.cpp:33]   --->   Operation 85 'getelementptr' 'kernel_bias_fp_V_add' <Predicate = (bias_en_V_read)> <Delay = 0.00>
ST_4 : Operation 86 [1/1] (2.32ns)   --->   "store i16 %trunc_ln203, i16* %kernel_bias_fp_V_add, align 8" [src/yolo_acc.cpp:33]   --->   Operation 86 'store' <Predicate = (bias_en_V_read)> <Delay = 2.32> <Core = "RAM">   --->   Core 37 'RAM' <Latency = 1> <II = 1> <Delay = 2.32> <Storage> <Opcode : 'load' 'store'> <Ports = 2> <Width = 16> <Depth = 32> <RAM>
ST_4 : Operation 87 [1/1] (0.00ns)   --->   "%ret_V_1 = or i6 %ret_V, 1" [src/yolo_acc.cpp:34]   --->   Operation 87 'or' 'ret_V_1' <Predicate = (bias_en_V_read)> <Delay = 0.00>
ST_4 : Operation 88 [1/1] (0.00ns)   --->   "%zext_ln544_1 = zext i6 %ret_V_1 to i64" [src/yolo_acc.cpp:34]   --->   Operation 88 'zext' 'zext_ln544_1' <Predicate = (bias_en_V_read)> <Delay = 0.00>
ST_4 : Operation 89 [1/1] (0.00ns)   --->   "%kernel_bias_fp_V_add_1 = getelementptr [32 x i16]* %kernel_bias_fp_V, i64 0, i64 %zext_ln544_1" [src/yolo_acc.cpp:34]   --->   Operation 89 'getelementptr' 'kernel_bias_fp_V_add_1' <Predicate = (bias_en_V_read)> <Delay = 0.00>
ST_4 : Operation 90 [1/1] (2.32ns)   --->   "store i16 %tmp_data_sub_data_1_s, i16* %kernel_bias_fp_V_add_1, align 2" [src/yolo_acc.cpp:34]   --->   Operation 90 'store' <Predicate = (bias_en_V_read)> <Delay = 2.32> <Core = "RAM">   --->   Core 37 'RAM' <Latency = 1> <II = 1> <Delay = 2.32> <Storage> <Opcode : 'load' 'store'> <Ports = 2> <Width = 16> <Depth = 32> <RAM>

State 5 <SV = 2> <Delay = 4.35>
ST_5 : Operation 91 [1/1] (0.00ns)   --->   "%zext_ln1354_2 = zext i9 %input_w_V_read to i13" [src/yolo_acc.cpp:76]   --->   Operation 91 'zext' 'zext_ln1354_2' <Predicate = true> <Delay = 0.00>
ST_5 : Operation 92 [1/1] (0.00ns)   --->   "%zext_ln1354_3 = zext i4 %fold_input_ch_V_read to i13" [src/yolo_acc.cpp:76]   --->   Operation 92 'zext' 'zext_ln1354_3' <Predicate = true> <Delay = 0.00>
ST_5 : Operation 93 [1/1] (4.35ns)   --->   "%mul_ln1354 = mul i13 %zext_ln1354_3, %zext_ln1354_2" [src/yolo_acc.cpp:76]   --->   Operation 93 'mul' 'mul_ln1354' <Predicate = true> <Delay = 4.35> <Core = "Mul">   --->   Core 16 'Mul' <Latency = 0> <II = 1> <Delay = 4.35> <FuncUnit> <Opcode : 'mul'> <InPorts = 2> <OutPorts = 1>

State 6 <SV = 3> <Delay = 6.38>
ST_6 : Operation 94 [1/1] (0.00ns)   --->   "%zext_ln1354 = zext i9 %input_w_V_read to i10" [src/yolo_acc.cpp:76]   --->   Operation 94 'zext' 'zext_ln1354' <Predicate = true> <Delay = 0.00>
ST_6 : Operation 95 [1/1] (1.82ns)   --->   "%add_ln1354 = add i10 %zext_ln1354, -1" [src/yolo_acc.cpp:76]   --->   Operation 95 'add' 'add_ln1354' <Predicate = true> <Delay = 1.82> <Core = "AddSub">   --->   Core 14 'AddSub' <Latency = 0> <II = 1> <Delay = 1.82> <FuncUnit> <Opcode : 'add' 'sub'> <InPorts = 2> <OutPorts = 1>
ST_6 : Operation 96 [1/1] (0.00ns)   --->   "%zext_ln1354_1 = zext i9 %input_h_V_read to i10" [src/yolo_acc.cpp:77]   --->   Operation 96 'zext' 'zext_ln1354_1' <Predicate = true> <Delay = 0.00>
ST_6 : Operation 97 [1/1] (1.82ns)   --->   "%add_ln1354_1 = add i10 %zext_ln1354_1, -1" [src/yolo_acc.cpp:77]   --->   Operation 97 'add' 'add_ln1354_1' <Predicate = true> <Delay = 1.82> <Core = "AddSub">   --->   Core 14 'AddSub' <Latency = 0> <II = 1> <Delay = 1.82> <FuncUnit> <Opcode : 'add' 'sub'> <InPorts = 2> <OutPorts = 1>
ST_6 : Operation 98 [1/1] (0.00ns)   --->   "%zext_ln1354_4 = zext i9 %input_h_V_read to i22" [src/yolo_acc.cpp:76]   --->   Operation 98 'zext' 'zext_ln1354_4' <Predicate = true> <Delay = 0.00>
ST_6 : Operation 99 [1/1] (0.00ns)   --->   "%zext_ln1354_5 = zext i13 %mul_ln1354 to i22" [src/yolo_acc.cpp:76]   --->   Operation 99 'zext' 'zext_ln1354_5' <Predicate = true> <Delay = 0.00>
ST_6 : Operation 100 [1/1] (6.38ns) (root node of the DSP)   --->   "%mul_ln1354_1 = mul i22 %zext_ln1354_5, %zext_ln1354_4" [src/yolo_acc.cpp:76]   --->   Operation 100 'mul' 'mul_ln1354_1' <Predicate = true> <Delay = 6.38> <Core = "DSP48">   --->   Core 88 'DSP48' <Latency = 0> <II = 1> <Delay = 6.38> <IPBlock> <Opcode : 'mul' 'add' 'sub' 'select'> <InPorts = 0> <OutPorts = 1> <Sync> <CReg>
ST_6 : Operation 101 [1/1] (1.77ns)   --->   "%icmp_ln75_3 = icmp ne i10 %add_ln1354, 0" [src/yolo_acc.cpp:75]   --->   Operation 101 'icmp' 'icmp_ln75_3' <Predicate = true> <Delay = 1.77> <Core = "Cmp">   --->   Core 25 'Cmp' <Latency = 0> <II = 1> <Delay = 1.30> <FuncUnit> <Opcode : 'icmp'> <InPorts = 2> <OutPorts = 1>
ST_6 : Operation 102 [1/1] (1.30ns)   --->   "%icmp_ln48 = icmp eq i4 %fold_input_ch_V_read, 0" [src/yolo_acc.cpp:48]   --->   Operation 102 'icmp' 'icmp_ln48' <Predicate = true> <Delay = 1.30> <Core = "Cmp">   --->   Core 25 'Cmp' <Latency = 0> <II = 1> <Delay = 1.30> <FuncUnit> <Opcode : 'icmp'> <InPorts = 2> <OutPorts = 1>
ST_6 : Operation 103 [1/1] (1.76ns)   --->   "br label %3" [src/yolo_acc.cpp:42]   --->   Operation 103 'br' <Predicate = true> <Delay = 1.76>

State 7 <SV = 4> <Delay = 8.63>
ST_7 : Operation 104 [1/1] (0.00ns)   --->   "%indvar_flatten17 = phi i22 [ 0, %.preheader.preheader ], [ %add_ln42, %hls_label_3 ]" [src/yolo_acc.cpp:42]   --->   Operation 104 'phi' 'indvar_flatten17' <Predicate = true> <Delay = 0.00>
ST_7 : Operation 105 [1/1] (0.00ns)   --->   "%i_op_assign = phi i9 [ 0, %.preheader.preheader ], [ %select_ln42, %hls_label_3 ]" [src/yolo_acc.cpp:42]   --->   Operation 105 'phi' 'i_op_assign' <Predicate = true> <Delay = 0.00>
ST_7 : Operation 106 [1/1] (0.00ns)   --->   "%indvar_flatten = phi i13 [ 0, %.preheader.preheader ], [ %select_ln45_1, %hls_label_3 ]" [src/yolo_acc.cpp:45]   --->   Operation 106 'phi' 'indvar_flatten' <Predicate = true> <Delay = 0.00>
ST_7 : Operation 107 [1/1] (0.00ns)   --->   "%i_op_assign_1 = phi i9 [ 0, %.preheader.preheader ], [ %select_ln45, %hls_label_3 ]" [src/yolo_acc.cpp:45]   --->   Operation 107 'phi' 'i_op_assign_1' <Predicate = true> <Delay = 0.00>
ST_7 : Operation 108 [1/1] (0.00ns)   --->   "%i_op_assign_2 = phi i4 [ 0, %.preheader.preheader ], [ %input_ch_idx, %hls_label_3 ]"   --->   Operation 108 'phi' 'i_op_assign_2' <Predicate = true> <Delay = 0.00>
ST_7 : Operation 109 [1/1] (0.00ns)   --->   "%zext_ln45 = zext i9 %i_op_assign to i10" [src/yolo_acc.cpp:45]   --->   Operation 109 'zext' 'zext_ln45' <Predicate = true> <Delay = 0.00>
ST_7 : Operation 110 [1/1] (1.77ns)   --->   "%icmp_ln75_2 = icmp ne i10 %zext_ln45, %add_ln1354_1" [src/yolo_acc.cpp:75]   --->   Operation 110 'icmp' 'icmp_ln75_2' <Predicate = true> <Delay = 1.77> <Core = "Cmp">   --->   Core 25 'Cmp' <Latency = 0> <II = 1> <Delay = 1.30> <FuncUnit> <Opcode : 'icmp'> <InPorts = 2> <OutPorts = 1>
ST_7 : Operation 111 [1/1] (0.00ns)   --->   "%zext_ln48 = zext i9 %i_op_assign_1 to i10" [src/yolo_acc.cpp:48]   --->   Operation 111 'zext' 'zext_ln48' <Predicate = true> <Delay = 0.00>
ST_7 : Operation 112 [1/1] (1.77ns)   --->   "%icmp_ln75_1 = icmp ne i10 %zext_ln48, %add_ln1354" [src/yolo_acc.cpp:75]   --->   Operation 112 'icmp' 'icmp_ln75_1' <Predicate = true> <Delay = 1.77> <Core = "Cmp">   --->   Core 25 'Cmp' <Latency = 0> <II = 1> <Delay = 1.30> <FuncUnit> <Opcode : 'icmp'> <InPorts = 2> <OutPorts = 1>
ST_7 : Operation 113 [1/1] (0.97ns)   --->   "%or_ln75 = or i1 %icmp_ln75_1, %icmp_ln75_2" [src/yolo_acc.cpp:75]   --->   Operation 113 'or' 'or_ln75' <Predicate = true> <Delay = 0.97> <Core = "LogicGate">   --->   Core 27 'LogicGate' <Latency = 0> <II = 1> <Delay = 0.97> <FuncUnit> <Opcode : 'and' 'or' 'xor'> <InPorts = 2> <OutPorts = 1>
ST_7 : Operation 114 [1/1] (2.44ns)   --->   "%icmp_ln42 = icmp eq i22 %indvar_flatten17, %mul_ln1354_1" [src/yolo_acc.cpp:42]   --->   Operation 114 'icmp' 'icmp_ln42' <Predicate = true> <Delay = 2.44> <Core = "Cmp">   --->   Core 25 'Cmp' <Latency = 0> <II = 1> <Delay = 1.30> <FuncUnit> <Opcode : 'icmp'> <InPorts = 2> <OutPorts = 1>
ST_7 : Operation 115 [1/1] (2.25ns)   --->   "%add_ln42 = add i22 %indvar_flatten17, 1" [src/yolo_acc.cpp:42]   --->   Operation 115 'add' 'add_ln42' <Predicate = true> <Delay = 2.25> <Core = "AddSub">   --->   Core 14 'AddSub' <Latency = 0> <II = 1> <Delay = 1.82> <FuncUnit> <Opcode : 'add' 'sub'> <InPorts = 2> <OutPorts = 1>
ST_7 : Operation 116 [1/1] (0.00ns)   --->   "br i1 %icmp_ln42, label %4, label %hls_label_3" [src/yolo_acc.cpp:42]   --->   Operation 116 'br' <Predicate = true> <Delay = 0.00>
ST_7 : Operation 117 [1/1] (2.09ns)   --->   "%icmp_ln45 = icmp eq i13 %indvar_flatten, %mul_ln1354" [src/yolo_acc.cpp:45]   --->   Operation 117 'icmp' 'icmp_ln45' <Predicate = (!icmp_ln42)> <Delay = 2.09> <Core = "Cmp">   --->   Core 25 'Cmp' <Latency = 0> <II = 1> <Delay = 1.30> <FuncUnit> <Opcode : 'icmp'> <InPorts = 2> <OutPorts = 1>
ST_7 : Operation 118 [1/1] (0.96ns)   --->   "%select_ln1598 = select i1 %icmp_ln45, i9 0, i9 %i_op_assign_1" [src/yolo_acc.cpp:42]   --->   Operation 118 'select' 'select_ln1598' <Predicate = (!icmp_ln42)> <Delay = 0.96> <Core = "Sel">   --->   Core 26 'Sel' <Latency = 0> <II = 1> <Delay = 0.69> <FuncUnit> <Opcode : 'select'> <InPorts = 3> <OutPorts = 1>
ST_7 : Operation 119 [1/1] (1.82ns)   --->   "%add_ln42_1 = add i9 1, %i_op_assign" [src/yolo_acc.cpp:42]   --->   Operation 119 'add' 'add_ln42_1' <Predicate = (!icmp_ln42)> <Delay = 1.82> <Core = "AddSub">   --->   Core 14 'AddSub' <Latency = 0> <II = 1> <Delay = 1.82> <FuncUnit> <Opcode : 'add' 'sub'> <InPorts = 2> <OutPorts = 1>
ST_7 : Operation 120 [1/1] (0.00ns)   --->   "%zext_ln45_1 = zext i9 %add_ln42_1 to i10" [src/yolo_acc.cpp:45]   --->   Operation 120 'zext' 'zext_ln45_1' <Predicate = (!icmp_ln42)> <Delay = 0.00>
ST_7 : Operation 121 [1/1] (1.77ns)   --->   "%icmp_ln75_4 = icmp ne i10 %zext_ln45_1, %add_ln1354_1" [src/yolo_acc.cpp:75]   --->   Operation 121 'icmp' 'icmp_ln75_4' <Predicate = (!icmp_ln42)> <Delay = 1.77> <Core = "Cmp">   --->   Core 25 'Cmp' <Latency = 0> <II = 1> <Delay = 1.30> <FuncUnit> <Opcode : 'icmp'> <InPorts = 2> <OutPorts = 1>
ST_7 : Operation 122 [1/1] (0.00ns) (grouped into LUT with out node select_ln1598_5)   --->   "%select_ln1598_1 = select i1 %icmp_ln45, i1 %icmp_ln75_4, i1 %icmp_ln75_2" [src/yolo_acc.cpp:42]   --->   Operation 122 'select' 'select_ln1598_1' <Predicate = (!icmp_ln42)> <Delay = 0.00> <Core = "Sel">   --->   Core 26 'Sel' <Latency = 0> <II = 1> <Delay = 0.69> <FuncUnit> <Opcode : 'select'> <InPorts = 3> <OutPorts = 1>
ST_7 : Operation 123 [1/1] (0.00ns) (grouped into LUT with out node select_ln1598_2)   --->   "%or_ln75_2 = or i1 %icmp_ln75_3, %icmp_ln75_4" [src/yolo_acc.cpp:75]   --->   Operation 123 'or' 'or_ln75_2' <Predicate = (!icmp_ln42)> <Delay = 0.00> <Core = "LogicGate">   --->   Core 27 'LogicGate' <Latency = 0> <II = 1> <Delay = 0.97> <FuncUnit> <Opcode : 'and' 'or' 'xor'> <InPorts = 2> <OutPorts = 1>
ST_7 : Operation 124 [1/1] (0.99ns) (out node of the LUT)   --->   "%select_ln1598_2 = select i1 %icmp_ln45, i1 %or_ln75_2, i1 %or_ln75" [src/yolo_acc.cpp:42]   --->   Operation 124 'select' 'select_ln1598_2' <Predicate = (!icmp_ln42)> <Delay = 0.99> <Core = "Sel">   --->   Core 26 'Sel' <Latency = 0> <II = 1> <Delay = 0.69> <FuncUnit> <Opcode : 'select'> <InPorts = 3> <OutPorts = 1>
ST_7 : Operation 125 [1/1] (1.30ns)   --->   "%icmp_ln48_1 = icmp eq i4 %i_op_assign_2, %fold_input_ch_V_read" [src/yolo_acc.cpp:48]   --->   Operation 125 'icmp' 'icmp_ln48_1' <Predicate = (!icmp_ln42)> <Delay = 1.30> <Core = "Cmp">   --->   Core 25 'Cmp' <Latency = 0> <II = 1> <Delay = 1.30> <FuncUnit> <Opcode : 'icmp'> <InPorts = 2> <OutPorts = 1>
ST_7 : Operation 126 [1/1] (0.99ns)   --->   "%select_ln1598_3 = select i1 %icmp_ln45, i1 %icmp_ln48, i1 %icmp_ln48_1" [src/yolo_acc.cpp:42]   --->   Operation 126 'select' 'select_ln1598_3' <Predicate = (!icmp_ln42)> <Delay = 0.99> <Core = "Sel">   --->   Core 26 'Sel' <Latency = 0> <II = 1> <Delay = 0.69> <FuncUnit> <Opcode : 'select'> <InPorts = 3> <OutPorts = 1>
ST_7 : Operation 127 [1/1] (1.82ns)   --->   "%col_idx = add i9 1, %select_ln1598" [src/yolo_acc.cpp:45]   --->   Operation 127 'add' 'col_idx' <Predicate = (!icmp_ln42)> <Delay = 1.82> <Core = "AddSub">   --->   Core 14 'AddSub' <Latency = 0> <II = 1> <Delay = 1.82> <FuncUnit> <Opcode : 'add' 'sub'> <InPorts = 2> <OutPorts = 1>
ST_7 : Operation 128 [1/1] (0.00ns) (grouped into LUT with out node select_ln1598_4)   --->   "%or_ln1598 = or i1 %select_ln1598_3, %icmp_ln45" [src/yolo_acc.cpp:45]   --->   Operation 128 'or' 'or_ln1598' <Predicate = (!icmp_ln42)> <Delay = 0.00> <Core = "LogicGate">   --->   Core 27 'LogicGate' <Latency = 0> <II = 1> <Delay = 0.97> <FuncUnit> <Opcode : 'and' 'or' 'xor'> <InPorts = 2> <OutPorts = 1>
ST_7 : Operation 129 [1/1] (1.02ns) (out node of the LUT)   --->   "%select_ln1598_4 = select i1 %or_ln1598, i4 0, i4 %i_op_assign_2" [src/yolo_acc.cpp:45]   --->   Operation 129 'select' 'select_ln1598_4' <Predicate = (!icmp_ln42)> <Delay = 1.02> <Core = "Sel">   --->   Core 26 'Sel' <Latency = 0> <II = 1> <Delay = 0.69> <FuncUnit> <Opcode : 'select'> <InPorts = 3> <OutPorts = 1>
ST_7 : Operation 130 [1/1] (0.00ns)   --->   "%zext_ln48_1 = zext i9 %col_idx to i10" [src/yolo_acc.cpp:48]   --->   Operation 130 'zext' 'zext_ln48_1' <Predicate = (!icmp_ln42)> <Delay = 0.00>
ST_7 : Operation 131 [1/1] (1.77ns)   --->   "%icmp_ln75_5 = icmp ne i10 %zext_ln48_1, %add_ln1354" [src/yolo_acc.cpp:75]   --->   Operation 131 'icmp' 'icmp_ln75_5' <Predicate = (!icmp_ln42)> <Delay = 1.77> <Core = "Cmp">   --->   Core 25 'Cmp' <Latency = 0> <II = 1> <Delay = 1.30> <FuncUnit> <Opcode : 'icmp'> <InPorts = 2> <OutPorts = 1>
ST_7 : Operation 132 [1/1] (0.00ns) (grouped into LUT with out node select_ln1598_5)   --->   "%or_ln75_3 = or i1 %icmp_ln75_5, %select_ln1598_1" [src/yolo_acc.cpp:75]   --->   Operation 132 'or' 'or_ln75_3' <Predicate = (!icmp_ln42)> <Delay = 0.00> <Core = "LogicGate">   --->   Core 27 'LogicGate' <Latency = 0> <II = 1> <Delay = 0.97> <FuncUnit> <Opcode : 'and' 'or' 'xor'> <InPorts = 2> <OutPorts = 1>
ST_7 : Operation 133 [1/1] (0.99ns) (out node of the LUT)   --->   "%select_ln1598_5 = select i1 %select_ln1598_3, i1 %or_ln75_3, i1 %select_ln1598_2" [src/yolo_acc.cpp:45]   --->   Operation 133 'select' 'select_ln1598_5' <Predicate = (!icmp_ln42)> <Delay = 0.99> <Core = "Sel">   --->   Core 26 'Sel' <Latency = 0> <II = 1> <Delay = 0.69> <FuncUnit> <Opcode : 'select'> <InPorts = 3> <OutPorts = 1>
ST_7 : Operation 134 [1/1] (0.00ns)   --->   "%shl_ln = call i6 @_ssdm_op_BitConcatenate.i6.i4.i2(i4 %select_ln1598_4, i2 0)" [src/yolo_acc.cpp:65]   --->   Operation 134 'bitconcatenate' 'shl_ln' <Predicate = (!icmp_ln42)> <Delay = 0.00>
ST_7 : Operation 135 [1/1] (0.00ns)   --->   "%zext_ln65 = zext i6 %shl_ln to i64" [src/yolo_acc.cpp:65]   --->   Operation 135 'zext' 'zext_ln65' <Predicate = (!icmp_ln42)> <Delay = 0.00>
ST_7 : Operation 136 [1/1] (0.00ns)   --->   "%kernel_bias_fp_V_add_4 = getelementptr [32 x i16]* %kernel_bias_fp_V, i64 0, i64 %zext_ln65" [src/yolo_acc.cpp:65]   --->   Operation 136 'getelementptr' 'kernel_bias_fp_V_add_4' <Predicate = (!icmp_ln42)> <Delay = 0.00>
ST_7 : Operation 137 [2/2] (2.32ns)   --->   "%kernel_bias_fp_V_loa = load i16* %kernel_bias_fp_V_add_4, align 8" [src/yolo_acc.cpp:65]   --->   Operation 137 'load' 'kernel_bias_fp_V_loa' <Predicate = (!icmp_ln42)> <Delay = 2.32> <Core = "RAM">   --->   Core 37 'RAM' <Latency = 1> <II = 1> <Delay = 2.32> <Storage> <Opcode : 'load' 'store'> <Ports = 2> <Width = 16> <Depth = 32> <RAM>
ST_7 : Operation 138 [1/1] (0.00ns)   --->   "%or_ln66 = or i6 %shl_ln, 1" [src/yolo_acc.cpp:66]   --->   Operation 138 'or' 'or_ln66' <Predicate = (!icmp_ln42)> <Delay = 0.00>
ST_7 : Operation 139 [1/1] (0.00ns)   --->   "%zext_ln66 = zext i6 %or_ln66 to i64" [src/yolo_acc.cpp:66]   --->   Operation 139 'zext' 'zext_ln66' <Predicate = (!icmp_ln42)> <Delay = 0.00>
ST_7 : Operation 140 [1/1] (0.00ns)   --->   "%kernel_bias_fp_V_add_5 = getelementptr [32 x i16]* %kernel_bias_fp_V, i64 0, i64 %zext_ln66" [src/yolo_acc.cpp:66]   --->   Operation 140 'getelementptr' 'kernel_bias_fp_V_add_5' <Predicate = (!icmp_ln42)> <Delay = 0.00>
ST_7 : Operation 141 [2/2] (2.32ns)   --->   "%kernel_bias_fp_V_loa_1 = load i16* %kernel_bias_fp_V_add_5, align 2" [src/yolo_acc.cpp:66]   --->   Operation 141 'load' 'kernel_bias_fp_V_loa_1' <Predicate = (!icmp_ln42)> <Delay = 2.32> <Core = "RAM">   --->   Core 37 'RAM' <Latency = 1> <II = 1> <Delay = 2.32> <Storage> <Opcode : 'load' 'store'> <Ports = 2> <Width = 16> <Depth = 32> <RAM>
ST_7 : Operation 142 [1/1] (1.30ns)   --->   "%icmp_ln75 = icmp ne i4 %select_ln1598_4, 7" [src/yolo_acc.cpp:75]   --->   Operation 142 'icmp' 'icmp_ln75' <Predicate = (!icmp_ln42)> <Delay = 1.30> <Core = "Cmp">   --->   Core 25 'Cmp' <Latency = 0> <II = 1> <Delay = 1.30> <FuncUnit> <Opcode : 'icmp'> <InPorts = 2> <OutPorts = 1>
ST_7 : Operation 143 [1/1] (0.00ns) (grouped into LUT with out node tmp_last_V)   --->   "%or_ln75_1 = or i1 %select_ln1598_5, %icmp_ln75" [src/yolo_acc.cpp:75]   --->   Operation 143 'or' 'or_ln75_1' <Predicate = (!icmp_ln42)> <Delay = 0.00> <Core = "LogicGate">   --->   Core 27 'LogicGate' <Latency = 0> <II = 1> <Delay = 0.97> <FuncUnit> <Opcode : 'and' 'or' 'xor'> <InPorts = 2> <OutPorts = 1>
ST_7 : Operation 144 [1/1] (0.97ns) (out node of the LUT)   --->   "%tmp_last_V = xor i1 %or_ln75_1, true" [src/yolo_acc.cpp:75]   --->   Operation 144 'xor' 'tmp_last_V' <Predicate = (!icmp_ln42)> <Delay = 0.97> <Core = "LogicGate">   --->   Core 27 'LogicGate' <Latency = 0> <II = 1> <Delay = 0.97> <FuncUnit> <Opcode : 'and' 'or' 'xor'> <InPorts = 2> <OutPorts = 1>
ST_7 : Operation 145 [1/1] (1.67ns)   --->   "%add_ln45_1 = add i13 1, %indvar_flatten" [src/yolo_acc.cpp:45]   --->   Operation 145 'add' 'add_ln45_1' <Predicate = (!icmp_ln42)> <Delay = 1.67> <Core = "AddSub">   --->   Core 14 'AddSub' <Latency = 0> <II = 1> <Delay = 1.82> <FuncUnit> <Opcode : 'add' 'sub'> <InPorts = 2> <OutPorts = 1>

State 8 <SV = 5> <Delay = 8.06>
ST_8 : Operation 146 [1/1] (0.96ns)   --->   "%select_ln42 = select i1 %icmp_ln45, i9 %add_ln42_1, i9 %i_op_assign" [src/yolo_acc.cpp:42]   --->   Operation 146 'select' 'select_ln42' <Predicate = (!icmp_ln42)> <Delay = 0.96> <Core = "Sel">   --->   Core 26 'Sel' <Latency = 0> <II = 1> <Delay = 0.69> <FuncUnit> <Opcode : 'select'> <InPorts = 3> <OutPorts = 1>
ST_8 : Operation 147 [1/1] (0.96ns)   --->   "%select_ln45 = select i1 %select_ln1598_3, i9 %col_idx, i9 %select_ln1598" [src/yolo_acc.cpp:45]   --->   Operation 147 'select' 'select_ln45' <Predicate = (!icmp_ln42)> <Delay = 0.96> <Core = "Sel">   --->   Core 26 'Sel' <Latency = 0> <II = 1> <Delay = 0.69> <FuncUnit> <Opcode : 'select'> <InPorts = 3> <OutPorts = 1>
ST_8 : Operation 148 [1/1] (0.00ns)   --->   "%empty_8 = call { i64, i8, i8, i2, i1, i5, i6 } @_ssdm_op_Read.axis.volatile.i64P.i8P.i8P.i2P.i1P.i5P.i6P(i64* %inStream_a_V_data, i8* %inStream_a_V_keep_V, i8* %inStream_a_V_strb_V, i2* %inStream_a_V_user_V, i1* %inStream_a_V_last_V, i5* %inStream_a_V_id_V, i6* %inStream_a_V_dest_V)" [src/yolo_acc.cpp:57]   --->   Operation 148 'read' 'empty_8' <Predicate = (!icmp_ln42)> <Delay = 0.00> <Core = "AXI4Stream">   --->   Core 5 'AXI4Stream' <Latency = 0> <II = 1> <Delay = 1.00> <Adapter> <Opcode : >
ST_8 : Operation 149 [1/1] (0.00ns)   --->   "%tmp_data_1 = extractvalue { i64, i8, i8, i2, i1, i5, i6 } %empty_8, 0" [src/yolo_acc.cpp:57]   --->   Operation 149 'extractvalue' 'tmp_data_1' <Predicate = (!icmp_ln42)> <Delay = 0.00>
ST_8 : Operation 150 [1/1] (0.00ns)   --->   "%tmp_keep_V = extractvalue { i64, i8, i8, i2, i1, i5, i6 } %empty_8, 1" [src/yolo_acc.cpp:57]   --->   Operation 150 'extractvalue' 'tmp_keep_V' <Predicate = (!icmp_ln42)> <Delay = 0.00>
ST_8 : Operation 151 [1/1] (0.00ns)   --->   "%tmp_strb_V = extractvalue { i64, i8, i8, i2, i1, i5, i6 } %empty_8, 2" [src/yolo_acc.cpp:57]   --->   Operation 151 'extractvalue' 'tmp_strb_V' <Predicate = (!icmp_ln42)> <Delay = 0.00>
ST_8 : Operation 152 [1/1] (0.00ns)   --->   "%tmp_user_V = extractvalue { i64, i8, i8, i2, i1, i5, i6 } %empty_8, 3" [src/yolo_acc.cpp:57]   --->   Operation 152 'extractvalue' 'tmp_user_V' <Predicate = (!icmp_ln42)> <Delay = 0.00>
ST_8 : Operation 153 [1/1] (0.00ns)   --->   "%tmp_id_V = extractvalue { i64, i8, i8, i2, i1, i5, i6 } %empty_8, 5" [src/yolo_acc.cpp:57]   --->   Operation 153 'extractvalue' 'tmp_id_V' <Predicate = (!icmp_ln42)> <Delay = 0.00>
ST_8 : Operation 154 [1/1] (0.00ns)   --->   "%tmp_dest_V = extractvalue { i64, i8, i8, i2, i1, i5, i6 } %empty_8, 6" [src/yolo_acc.cpp:57]   --->   Operation 154 'extractvalue' 'tmp_dest_V' <Predicate = (!icmp_ln42)> <Delay = 0.00>
ST_8 : Operation 155 [1/1] (0.00ns)   --->   "%p_Val2_s = trunc i64 %tmp_data_1 to i16" [src/yolo_stream.h:8->src/yolo_stream.h:16->src/yolo_acc.cpp:57]   --->   Operation 155 'trunc' 'p_Val2_s' <Predicate = (!icmp_ln42)> <Delay = 0.00>
ST_8 : Operation 156 [1/1] (0.00ns)   --->   "%p_Val2_4 = call i16 @_ssdm_op_PartSelect.i16.i64.i32.i32(i64 %tmp_data_1, i32 16, i32 31)" [src/yolo_stream.h:8->src/yolo_stream.h:16->src/yolo_acc.cpp:57]   --->   Operation 156 'partselect' 'p_Val2_4' <Predicate = (!icmp_ln42)> <Delay = 0.00>
ST_8 : Operation 157 [1/1] (0.00ns)   --->   "%p_Val2_8 = call i16 @_ssdm_op_PartSelect.i16.i64.i32.i32(i64 %tmp_data_1, i32 32, i32 47)" [src/yolo_stream.h:8->src/yolo_stream.h:16->src/yolo_acc.cpp:57]   --->   Operation 157 'partselect' 'p_Val2_8' <Predicate = (!icmp_ln42)> <Delay = 0.00>
ST_8 : Operation 158 [1/1] (0.00ns)   --->   "%p_Val2_13 = call i16 @_ssdm_op_PartSelect.i16.i64.i32.i32(i64 %tmp_data_1, i32 48, i32 63)" [src/yolo_stream.h:8->src/yolo_stream.h:16->src/yolo_acc.cpp:57]   --->   Operation 158 'partselect' 'p_Val2_13' <Predicate = (!icmp_ln42)> <Delay = 0.00>
ST_8 : Operation 159 [1/1] (0.00ns)   --->   "%empty_9 = call { i64, i8, i8, i2, i1, i5, i6 } @_ssdm_op_Read.axis.volatile.i64P.i8P.i8P.i2P.i1P.i5P.i6P(i64* %inStream_b_V_data, i8* %inStream_b_V_keep_V, i8* %inStream_b_V_strb_V, i2* %inStream_b_V_user_V, i1* %inStream_b_V_last_V, i5* %inStream_b_V_id_V, i6* %inStream_b_V_dest_V)" [src/yolo_acc.cpp:58]   --->   Operation 159 'read' 'empty_9' <Predicate = (!icmp_ln42)> <Delay = 0.00> <Core = "AXI4Stream">   --->   Core 5 'AXI4Stream' <Latency = 0> <II = 1> <Delay = 1.00> <Adapter> <Opcode : >
ST_8 : Operation 160 [1/1] (0.00ns)   --->   "%tmp_data_2 = extractvalue { i64, i8, i8, i2, i1, i5, i6 } %empty_9, 0" [src/yolo_acc.cpp:58]   --->   Operation 160 'extractvalue' 'tmp_data_2' <Predicate = (!icmp_ln42)> <Delay = 0.00>
ST_8 : Operation 161 [1/1] (0.00ns)   --->   "%p_Val2_1 = trunc i64 %tmp_data_2 to i16" [src/yolo_stream.h:8->src/yolo_stream.h:16->src/yolo_acc.cpp:58]   --->   Operation 161 'trunc' 'p_Val2_1' <Predicate = (!icmp_ln42)> <Delay = 0.00>
ST_8 : Operation 162 [1/1] (0.00ns)   --->   "%p_Val2_5 = call i16 @_ssdm_op_PartSelect.i16.i64.i32.i32(i64 %tmp_data_2, i32 16, i32 31)" [src/yolo_stream.h:8->src/yolo_stream.h:16->src/yolo_acc.cpp:58]   --->   Operation 162 'partselect' 'p_Val2_5' <Predicate = (!icmp_ln42)> <Delay = 0.00>
ST_8 : Operation 163 [1/1] (0.00ns)   --->   "%p_Val2_9 = call i16 @_ssdm_op_PartSelect.i16.i64.i32.i32(i64 %tmp_data_2, i32 32, i32 47)" [src/yolo_stream.h:8->src/yolo_stream.h:16->src/yolo_acc.cpp:58]   --->   Operation 163 'partselect' 'p_Val2_9' <Predicate = (!icmp_ln42)> <Delay = 0.00>
ST_8 : Operation 164 [1/1] (0.00ns)   --->   "%p_Val2_2 = call i16 @_ssdm_op_PartSelect.i16.i64.i32.i32(i64 %tmp_data_2, i32 48, i32 63)" [src/yolo_stream.h:8->src/yolo_stream.h:16->src/yolo_acc.cpp:58]   --->   Operation 164 'partselect' 'p_Val2_2' <Predicate = (!icmp_ln42)> <Delay = 0.00>
ST_8 : Operation 165 [1/1] (0.00ns)   --->   "%lhs_V = sext i16 %p_Val2_s to i17" [src/yolo_acc.cpp:60]   --->   Operation 165 'sext' 'lhs_V' <Predicate = (!icmp_ln42)> <Delay = 0.00>
ST_8 : Operation 166 [1/1] (0.00ns)   --->   "%rhs_V = sext i16 %p_Val2_1 to i17" [src/yolo_acc.cpp:60]   --->   Operation 166 'sext' 'rhs_V' <Predicate = (!icmp_ln42)> <Delay = 0.00>
ST_8 : Operation 167 [1/1] (2.07ns)   --->   "%ret_V_8 = add nsw i17 %rhs_V, %lhs_V" [src/yolo_acc.cpp:60]   --->   Operation 167 'add' 'ret_V_8' <Predicate = (!icmp_ln42)> <Delay = 2.07> <Core = "AddSub">   --->   Core 14 'AddSub' <Latency = 0> <II = 1> <Delay = 1.82> <FuncUnit> <Opcode : 'add' 'sub'> <InPorts = 2> <OutPorts = 1>
ST_8 : Operation 168 [1/1] (0.00ns)   --->   "%p_Result_s = call i1 @_ssdm_op_BitSelect.i1.i17.i32(i17 %ret_V_8, i32 16)" [src/yolo_acc.cpp:60]   --->   Operation 168 'bitselect' 'p_Result_s' <Predicate = (!icmp_ln42)> <Delay = 0.00>
ST_8 : Operation 169 [1/1] (2.07ns)   --->   "%p_Val2_6 = add i16 %p_Val2_s, %p_Val2_1" [src/yolo_acc.cpp:60]   --->   Operation 169 'add' 'p_Val2_6' <Predicate = (!icmp_ln42)> <Delay = 2.07> <Core = "AddSub">   --->   Core 14 'AddSub' <Latency = 0> <II = 1> <Delay = 1.82> <FuncUnit> <Opcode : 'add' 'sub'> <InPorts = 2> <OutPorts = 1>
ST_8 : Operation 170 [1/1] (0.00ns)   --->   "%p_Result_1 = call i1 @_ssdm_op_BitSelect.i1.i16.i32(i16 %p_Val2_6, i32 15)" [src/yolo_acc.cpp:60]   --->   Operation 170 'bitselect' 'p_Result_1' <Predicate = (!icmp_ln42)> <Delay = 0.00>
ST_8 : Operation 171 [1/1] (0.00ns) (grouped into LUT with out node select_ln388)   --->   "%xor_ln786 = xor i1 %p_Result_1, true" [src/yolo_acc.cpp:60]   --->   Operation 171 'xor' 'xor_ln786' <Predicate = (!icmp_ln42)> <Delay = 0.00> <Core = "LogicGate">   --->   Core 27 'LogicGate' <Latency = 0> <II = 1> <Delay = 0.97> <FuncUnit> <Opcode : 'and' 'or' 'xor'> <InPorts = 2> <OutPorts = 1>
ST_8 : Operation 172 [1/1] (0.00ns) (grouped into LUT with out node select_ln388)   --->   "%underflow = and i1 %p_Result_s, %xor_ln786" [src/yolo_acc.cpp:60]   --->   Operation 172 'and' 'underflow' <Predicate = (!icmp_ln42)> <Delay = 0.00> <Core = "LogicGate">   --->   Core 27 'LogicGate' <Latency = 0> <II = 1> <Delay = 0.97> <FuncUnit> <Opcode : 'and' 'or' 'xor'> <InPorts = 2> <OutPorts = 1>
ST_8 : Operation 173 [1/1] (0.00ns) (grouped into LUT with out node output_acc_0_V)   --->   "%xor_ln340_4 = xor i1 %p_Result_s, %p_Result_1" [src/yolo_acc.cpp:60]   --->   Operation 173 'xor' 'xor_ln340_4' <Predicate = (!icmp_ln42)> <Delay = 0.00> <Core = "LogicGate">   --->   Core 27 'LogicGate' <Latency = 0> <II = 1> <Delay = 0.97> <FuncUnit> <Opcode : 'and' 'or' 'xor'> <InPorts = 2> <OutPorts = 1>
ST_8 : Operation 174 [1/1] (0.00ns) (grouped into LUT with out node output_acc_0_V)   --->   "%xor_ln340 = xor i1 %p_Result_s, true" [src/yolo_acc.cpp:60]   --->   Operation 174 'xor' 'xor_ln340' <Predicate = (!icmp_ln42)> <Delay = 0.00> <Core = "LogicGate">   --->   Core 27 'LogicGate' <Latency = 0> <II = 1> <Delay = 0.97> <FuncUnit> <Opcode : 'and' 'or' 'xor'> <InPorts = 2> <OutPorts = 1>
ST_8 : Operation 175 [1/1] (0.00ns) (grouped into LUT with out node output_acc_0_V)   --->   "%or_ln340 = or i1 %p_Result_1, %xor_ln340" [src/yolo_acc.cpp:60]   --->   Operation 175 'or' 'or_ln340' <Predicate = (!icmp_ln42)> <Delay = 0.00> <Core = "LogicGate">   --->   Core 27 'LogicGate' <Latency = 0> <II = 1> <Delay = 0.97> <FuncUnit> <Opcode : 'and' 'or' 'xor'> <InPorts = 2> <OutPorts = 1>
ST_8 : Operation 176 [1/1] (0.00ns) (grouped into LUT with out node output_acc_0_V)   --->   "%select_ln340 = select i1 %xor_ln340_4, i16 32767, i16 %p_Val2_6" [src/yolo_acc.cpp:60]   --->   Operation 176 'select' 'select_ln340' <Predicate = (!icmp_ln42)> <Delay = 0.00> <Core = "Sel">   --->   Core 26 'Sel' <Latency = 0> <II = 1> <Delay = 0.69> <FuncUnit> <Opcode : 'select'> <InPorts = 3> <OutPorts = 1>
ST_8 : Operation 177 [1/1] (0.97ns) (out node of the LUT)   --->   "%select_ln388 = select i1 %underflow, i16 -32768, i16 %p_Val2_6" [src/yolo_acc.cpp:60]   --->   Operation 177 'select' 'select_ln388' <Predicate = (!icmp_ln42)> <Delay = 0.97> <Core = "Sel">   --->   Core 26 'Sel' <Latency = 0> <II = 1> <Delay = 0.69> <FuncUnit> <Opcode : 'select'> <InPorts = 3> <OutPorts = 1>
ST_8 : Operation 178 [1/1] (0.97ns) (out node of the LUT)   --->   "%output_acc_0_V = select i1 %or_ln340, i16 %select_ln340, i16 %select_ln388" [src/yolo_acc.cpp:60]   --->   Operation 178 'select' 'output_acc_0_V' <Predicate = (!icmp_ln42)> <Delay = 0.97> <Core = "Sel">   --->   Core 26 'Sel' <Latency = 0> <II = 1> <Delay = 0.69> <FuncUnit> <Opcode : 'select'> <InPorts = 3> <OutPorts = 1>
ST_8 : Operation 179 [1/1] (0.00ns)   --->   "%lhs_V_1 = sext i16 %p_Val2_4 to i17" [src/yolo_acc.cpp:61]   --->   Operation 179 'sext' 'lhs_V_1' <Predicate = (!icmp_ln42)> <Delay = 0.00>
ST_8 : Operation 180 [1/1] (0.00ns)   --->   "%rhs_V_1 = sext i16 %p_Val2_5 to i17" [src/yolo_acc.cpp:61]   --->   Operation 180 'sext' 'rhs_V_1' <Predicate = (!icmp_ln42)> <Delay = 0.00>
ST_8 : Operation 181 [1/1] (2.07ns)   --->   "%ret_V_9 = add nsw i17 %rhs_V_1, %lhs_V_1" [src/yolo_acc.cpp:61]   --->   Operation 181 'add' 'ret_V_9' <Predicate = (!icmp_ln42)> <Delay = 2.07> <Core = "AddSub">   --->   Core 14 'AddSub' <Latency = 0> <II = 1> <Delay = 1.82> <FuncUnit> <Opcode : 'add' 'sub'> <InPorts = 2> <OutPorts = 1>
ST_8 : Operation 182 [1/1] (0.00ns)   --->   "%p_Result_2 = call i1 @_ssdm_op_BitSelect.i1.i17.i32(i17 %ret_V_9, i32 16)" [src/yolo_acc.cpp:61]   --->   Operation 182 'bitselect' 'p_Result_2' <Predicate = (!icmp_ln42)> <Delay = 0.00>
ST_8 : Operation 183 [1/1] (2.07ns)   --->   "%p_Val2_10 = add i16 %p_Val2_4, %p_Val2_5" [src/yolo_acc.cpp:61]   --->   Operation 183 'add' 'p_Val2_10' <Predicate = (!icmp_ln42)> <Delay = 2.07> <Core = "AddSub">   --->   Core 14 'AddSub' <Latency = 0> <II = 1> <Delay = 1.82> <FuncUnit> <Opcode : 'add' 'sub'> <InPorts = 2> <OutPorts = 1>
ST_8 : Operation 184 [1/1] (0.00ns)   --->   "%p_Result_3 = call i1 @_ssdm_op_BitSelect.i1.i16.i32(i16 %p_Val2_10, i32 15)" [src/yolo_acc.cpp:61]   --->   Operation 184 'bitselect' 'p_Result_3' <Predicate = (!icmp_ln42)> <Delay = 0.00>
ST_8 : Operation 185 [1/1] (0.00ns) (grouped into LUT with out node select_ln388_1)   --->   "%xor_ln786_1 = xor i1 %p_Result_3, true" [src/yolo_acc.cpp:61]   --->   Operation 185 'xor' 'xor_ln786_1' <Predicate = (!icmp_ln42)> <Delay = 0.00> <Core = "LogicGate">   --->   Core 27 'LogicGate' <Latency = 0> <II = 1> <Delay = 0.97> <FuncUnit> <Opcode : 'and' 'or' 'xor'> <InPorts = 2> <OutPorts = 1>
ST_8 : Operation 186 [1/1] (0.00ns) (grouped into LUT with out node select_ln388_1)   --->   "%underflow_1 = and i1 %p_Result_2, %xor_ln786_1" [src/yolo_acc.cpp:61]   --->   Operation 186 'and' 'underflow_1' <Predicate = (!icmp_ln42)> <Delay = 0.00> <Core = "LogicGate">   --->   Core 27 'LogicGate' <Latency = 0> <II = 1> <Delay = 0.97> <FuncUnit> <Opcode : 'and' 'or' 'xor'> <InPorts = 2> <OutPorts = 1>
ST_8 : Operation 187 [1/1] (0.00ns) (grouped into LUT with out node output_acc_1_V)   --->   "%xor_ln340_5 = xor i1 %p_Result_2, %p_Result_3" [src/yolo_acc.cpp:61]   --->   Operation 187 'xor' 'xor_ln340_5' <Predicate = (!icmp_ln42)> <Delay = 0.00> <Core = "LogicGate">   --->   Core 27 'LogicGate' <Latency = 0> <II = 1> <Delay = 0.97> <FuncUnit> <Opcode : 'and' 'or' 'xor'> <InPorts = 2> <OutPorts = 1>
ST_8 : Operation 188 [1/1] (0.00ns) (grouped into LUT with out node output_acc_1_V)   --->   "%xor_ln340_1 = xor i1 %p_Result_2, true" [src/yolo_acc.cpp:61]   --->   Operation 188 'xor' 'xor_ln340_1' <Predicate = (!icmp_ln42)> <Delay = 0.00> <Core = "LogicGate">   --->   Core 27 'LogicGate' <Latency = 0> <II = 1> <Delay = 0.97> <FuncUnit> <Opcode : 'and' 'or' 'xor'> <InPorts = 2> <OutPorts = 1>
ST_8 : Operation 189 [1/1] (0.00ns) (grouped into LUT with out node output_acc_1_V)   --->   "%or_ln340_1 = or i1 %p_Result_3, %xor_ln340_1" [src/yolo_acc.cpp:61]   --->   Operation 189 'or' 'or_ln340_1' <Predicate = (!icmp_ln42)> <Delay = 0.00> <Core = "LogicGate">   --->   Core 27 'LogicGate' <Latency = 0> <II = 1> <Delay = 0.97> <FuncUnit> <Opcode : 'and' 'or' 'xor'> <InPorts = 2> <OutPorts = 1>
ST_8 : Operation 190 [1/1] (0.00ns) (grouped into LUT with out node output_acc_1_V)   --->   "%select_ln340_1 = select i1 %xor_ln340_5, i16 32767, i16 %p_Val2_10" [src/yolo_acc.cpp:61]   --->   Operation 190 'select' 'select_ln340_1' <Predicate = (!icmp_ln42)> <Delay = 0.00> <Core = "Sel">   --->   Core 26 'Sel' <Latency = 0> <II = 1> <Delay = 0.69> <FuncUnit> <Opcode : 'select'> <InPorts = 3> <OutPorts = 1>
ST_8 : Operation 191 [1/1] (0.97ns) (out node of the LUT)   --->   "%select_ln388_1 = select i1 %underflow_1, i16 -32768, i16 %p_Val2_10" [src/yolo_acc.cpp:61]   --->   Operation 191 'select' 'select_ln388_1' <Predicate = (!icmp_ln42)> <Delay = 0.97> <Core = "Sel">   --->   Core 26 'Sel' <Latency = 0> <II = 1> <Delay = 0.69> <FuncUnit> <Opcode : 'select'> <InPorts = 3> <OutPorts = 1>
ST_8 : Operation 192 [1/1] (0.97ns) (out node of the LUT)   --->   "%output_acc_1_V = select i1 %or_ln340_1, i16 %select_ln340_1, i16 %select_ln388_1" [src/yolo_acc.cpp:61]   --->   Operation 192 'select' 'output_acc_1_V' <Predicate = (!icmp_ln42)> <Delay = 0.97> <Core = "Sel">   --->   Core 26 'Sel' <Latency = 0> <II = 1> <Delay = 0.69> <FuncUnit> <Opcode : 'select'> <InPorts = 3> <OutPorts = 1>
ST_8 : Operation 193 [1/1] (0.00ns)   --->   "%lhs_V_2 = sext i16 %p_Val2_8 to i17" [src/yolo_acc.cpp:62]   --->   Operation 193 'sext' 'lhs_V_2' <Predicate = (!icmp_ln42)> <Delay = 0.00>
ST_8 : Operation 194 [1/1] (0.00ns)   --->   "%rhs_V_2 = sext i16 %p_Val2_9 to i17" [src/yolo_acc.cpp:62]   --->   Operation 194 'sext' 'rhs_V_2' <Predicate = (!icmp_ln42)> <Delay = 0.00>
ST_8 : Operation 195 [1/1] (2.07ns)   --->   "%ret_V_10 = add nsw i17 %rhs_V_2, %lhs_V_2" [src/yolo_acc.cpp:62]   --->   Operation 195 'add' 'ret_V_10' <Predicate = (!icmp_ln42)> <Delay = 2.07> <Core = "AddSub">   --->   Core 14 'AddSub' <Latency = 0> <II = 1> <Delay = 1.82> <FuncUnit> <Opcode : 'add' 'sub'> <InPorts = 2> <OutPorts = 1>
ST_8 : Operation 196 [1/1] (0.00ns)   --->   "%p_Result_4 = call i1 @_ssdm_op_BitSelect.i1.i17.i32(i17 %ret_V_10, i32 16)" [src/yolo_acc.cpp:62]   --->   Operation 196 'bitselect' 'p_Result_4' <Predicate = (!icmp_ln42)> <Delay = 0.00>
ST_8 : Operation 197 [1/1] (2.07ns)   --->   "%p_Val2_12 = add i16 %p_Val2_8, %p_Val2_9" [src/yolo_acc.cpp:62]   --->   Operation 197 'add' 'p_Val2_12' <Predicate = (!icmp_ln42)> <Delay = 2.07> <Core = "AddSub">   --->   Core 14 'AddSub' <Latency = 0> <II = 1> <Delay = 1.82> <FuncUnit> <Opcode : 'add' 'sub'> <InPorts = 2> <OutPorts = 1>
ST_8 : Operation 198 [1/1] (0.00ns)   --->   "%p_Result_5 = call i1 @_ssdm_op_BitSelect.i1.i16.i32(i16 %p_Val2_12, i32 15)" [src/yolo_acc.cpp:62]   --->   Operation 198 'bitselect' 'p_Result_5' <Predicate = (!icmp_ln42)> <Delay = 0.00>
ST_8 : Operation 199 [1/1] (0.00ns) (grouped into LUT with out node select_ln388_2)   --->   "%xor_ln786_2 = xor i1 %p_Result_5, true" [src/yolo_acc.cpp:62]   --->   Operation 199 'xor' 'xor_ln786_2' <Predicate = (!icmp_ln42)> <Delay = 0.00> <Core = "LogicGate">   --->   Core 27 'LogicGate' <Latency = 0> <II = 1> <Delay = 0.97> <FuncUnit> <Opcode : 'and' 'or' 'xor'> <InPorts = 2> <OutPorts = 1>
ST_8 : Operation 200 [1/1] (0.00ns) (grouped into LUT with out node select_ln388_2)   --->   "%underflow_2 = and i1 %p_Result_4, %xor_ln786_2" [src/yolo_acc.cpp:62]   --->   Operation 200 'and' 'underflow_2' <Predicate = (!icmp_ln42)> <Delay = 0.00> <Core = "LogicGate">   --->   Core 27 'LogicGate' <Latency = 0> <II = 1> <Delay = 0.97> <FuncUnit> <Opcode : 'and' 'or' 'xor'> <InPorts = 2> <OutPorts = 1>
ST_8 : Operation 201 [1/1] (0.00ns) (grouped into LUT with out node output_acc_2_V)   --->   "%xor_ln340_6 = xor i1 %p_Result_4, %p_Result_5" [src/yolo_acc.cpp:62]   --->   Operation 201 'xor' 'xor_ln340_6' <Predicate = (!icmp_ln42)> <Delay = 0.00> <Core = "LogicGate">   --->   Core 27 'LogicGate' <Latency = 0> <II = 1> <Delay = 0.97> <FuncUnit> <Opcode : 'and' 'or' 'xor'> <InPorts = 2> <OutPorts = 1>
ST_8 : Operation 202 [1/1] (0.00ns) (grouped into LUT with out node output_acc_2_V)   --->   "%xor_ln340_2 = xor i1 %p_Result_4, true" [src/yolo_acc.cpp:62]   --->   Operation 202 'xor' 'xor_ln340_2' <Predicate = (!icmp_ln42)> <Delay = 0.00> <Core = "LogicGate">   --->   Core 27 'LogicGate' <Latency = 0> <II = 1> <Delay = 0.97> <FuncUnit> <Opcode : 'and' 'or' 'xor'> <InPorts = 2> <OutPorts = 1>
ST_8 : Operation 203 [1/1] (0.00ns) (grouped into LUT with out node output_acc_2_V)   --->   "%or_ln340_2 = or i1 %p_Result_5, %xor_ln340_2" [src/yolo_acc.cpp:62]   --->   Operation 203 'or' 'or_ln340_2' <Predicate = (!icmp_ln42)> <Delay = 0.00> <Core = "LogicGate">   --->   Core 27 'LogicGate' <Latency = 0> <II = 1> <Delay = 0.97> <FuncUnit> <Opcode : 'and' 'or' 'xor'> <InPorts = 2> <OutPorts = 1>
ST_8 : Operation 204 [1/1] (0.00ns) (grouped into LUT with out node output_acc_2_V)   --->   "%select_ln340_2 = select i1 %xor_ln340_6, i16 32767, i16 %p_Val2_12" [src/yolo_acc.cpp:62]   --->   Operation 204 'select' 'select_ln340_2' <Predicate = (!icmp_ln42)> <Delay = 0.00> <Core = "Sel">   --->   Core 26 'Sel' <Latency = 0> <II = 1> <Delay = 0.69> <FuncUnit> <Opcode : 'select'> <InPorts = 3> <OutPorts = 1>
ST_8 : Operation 205 [1/1] (0.97ns) (out node of the LUT)   --->   "%select_ln388_2 = select i1 %underflow_2, i16 -32768, i16 %p_Val2_12" [src/yolo_acc.cpp:62]   --->   Operation 205 'select' 'select_ln388_2' <Predicate = (!icmp_ln42)> <Delay = 0.97> <Core = "Sel">   --->   Core 26 'Sel' <Latency = 0> <II = 1> <Delay = 0.69> <FuncUnit> <Opcode : 'select'> <InPorts = 3> <OutPorts = 1>
ST_8 : Operation 206 [1/1] (0.97ns) (out node of the LUT)   --->   "%output_acc_2_V = select i1 %or_ln340_2, i16 %select_ln340_2, i16 %select_ln388_2" [src/yolo_acc.cpp:62]   --->   Operation 206 'select' 'output_acc_2_V' <Predicate = (!icmp_ln42)> <Delay = 0.97> <Core = "Sel">   --->   Core 26 'Sel' <Latency = 0> <II = 1> <Delay = 0.69> <FuncUnit> <Opcode : 'select'> <InPorts = 3> <OutPorts = 1>
ST_8 : Operation 207 [1/1] (0.00ns)   --->   "%lhs_V_3 = sext i16 %p_Val2_13 to i17" [src/yolo_acc.cpp:63]   --->   Operation 207 'sext' 'lhs_V_3' <Predicate = (!icmp_ln42)> <Delay = 0.00>
ST_8 : Operation 208 [1/1] (0.00ns)   --->   "%rhs_V_3 = sext i16 %p_Val2_2 to i17" [src/yolo_acc.cpp:63]   --->   Operation 208 'sext' 'rhs_V_3' <Predicate = (!icmp_ln42)> <Delay = 0.00>
ST_8 : Operation 209 [1/1] (2.07ns)   --->   "%ret_V_11 = add nsw i17 %rhs_V_3, %lhs_V_3" [src/yolo_acc.cpp:63]   --->   Operation 209 'add' 'ret_V_11' <Predicate = (!icmp_ln42)> <Delay = 2.07> <Core = "AddSub">   --->   Core 14 'AddSub' <Latency = 0> <II = 1> <Delay = 1.82> <FuncUnit> <Opcode : 'add' 'sub'> <InPorts = 2> <OutPorts = 1>
ST_8 : Operation 210 [1/1] (0.00ns)   --->   "%p_Result_6 = call i1 @_ssdm_op_BitSelect.i1.i17.i32(i17 %ret_V_11, i32 16)" [src/yolo_acc.cpp:63]   --->   Operation 210 'bitselect' 'p_Result_6' <Predicate = (!icmp_ln42)> <Delay = 0.00>
ST_8 : Operation 211 [1/1] (2.07ns)   --->   "%p_Val2_15 = add i16 %p_Val2_13, %p_Val2_2" [src/yolo_acc.cpp:63]   --->   Operation 211 'add' 'p_Val2_15' <Predicate = (!icmp_ln42)> <Delay = 2.07> <Core = "AddSub">   --->   Core 14 'AddSub' <Latency = 0> <II = 1> <Delay = 1.82> <FuncUnit> <Opcode : 'add' 'sub'> <InPorts = 2> <OutPorts = 1>
ST_8 : Operation 212 [1/1] (0.00ns)   --->   "%p_Result_7 = call i1 @_ssdm_op_BitSelect.i1.i16.i32(i16 %p_Val2_15, i32 15)" [src/yolo_acc.cpp:63]   --->   Operation 212 'bitselect' 'p_Result_7' <Predicate = (!icmp_ln42)> <Delay = 0.00>
ST_8 : Operation 213 [1/1] (0.00ns) (grouped into LUT with out node select_ln388_3)   --->   "%xor_ln786_3 = xor i1 %p_Result_7, true" [src/yolo_acc.cpp:63]   --->   Operation 213 'xor' 'xor_ln786_3' <Predicate = (!icmp_ln42)> <Delay = 0.00> <Core = "LogicGate">   --->   Core 27 'LogicGate' <Latency = 0> <II = 1> <Delay = 0.97> <FuncUnit> <Opcode : 'and' 'or' 'xor'> <InPorts = 2> <OutPorts = 1>
ST_8 : Operation 214 [1/1] (0.00ns) (grouped into LUT with out node select_ln388_3)   --->   "%underflow_3 = and i1 %p_Result_6, %xor_ln786_3" [src/yolo_acc.cpp:63]   --->   Operation 214 'and' 'underflow_3' <Predicate = (!icmp_ln42)> <Delay = 0.00> <Core = "LogicGate">   --->   Core 27 'LogicGate' <Latency = 0> <II = 1> <Delay = 0.97> <FuncUnit> <Opcode : 'and' 'or' 'xor'> <InPorts = 2> <OutPorts = 1>
ST_8 : Operation 215 [1/1] (0.00ns) (grouped into LUT with out node output_acc_3_V)   --->   "%xor_ln340_7 = xor i1 %p_Result_6, %p_Result_7" [src/yolo_acc.cpp:63]   --->   Operation 215 'xor' 'xor_ln340_7' <Predicate = (!icmp_ln42)> <Delay = 0.00> <Core = "LogicGate">   --->   Core 27 'LogicGate' <Latency = 0> <II = 1> <Delay = 0.97> <FuncUnit> <Opcode : 'and' 'or' 'xor'> <InPorts = 2> <OutPorts = 1>
ST_8 : Operation 216 [1/1] (0.00ns) (grouped into LUT with out node output_acc_3_V)   --->   "%xor_ln340_3 = xor i1 %p_Result_6, true" [src/yolo_acc.cpp:63]   --->   Operation 216 'xor' 'xor_ln340_3' <Predicate = (!icmp_ln42)> <Delay = 0.00> <Core = "LogicGate">   --->   Core 27 'LogicGate' <Latency = 0> <II = 1> <Delay = 0.97> <FuncUnit> <Opcode : 'and' 'or' 'xor'> <InPorts = 2> <OutPorts = 1>
ST_8 : Operation 217 [1/1] (0.00ns) (grouped into LUT with out node output_acc_3_V)   --->   "%or_ln340_3 = or i1 %p_Result_7, %xor_ln340_3" [src/yolo_acc.cpp:63]   --->   Operation 217 'or' 'or_ln340_3' <Predicate = (!icmp_ln42)> <Delay = 0.00> <Core = "LogicGate">   --->   Core 27 'LogicGate' <Latency = 0> <II = 1> <Delay = 0.97> <FuncUnit> <Opcode : 'and' 'or' 'xor'> <InPorts = 2> <OutPorts = 1>
ST_8 : Operation 218 [1/1] (0.00ns) (grouped into LUT with out node output_acc_3_V)   --->   "%select_ln340_3 = select i1 %xor_ln340_7, i16 32767, i16 %p_Val2_15" [src/yolo_acc.cpp:63]   --->   Operation 218 'select' 'select_ln340_3' <Predicate = (!icmp_ln42)> <Delay = 0.00> <Core = "Sel">   --->   Core 26 'Sel' <Latency = 0> <II = 1> <Delay = 0.69> <FuncUnit> <Opcode : 'select'> <InPorts = 3> <OutPorts = 1>
ST_8 : Operation 219 [1/1] (0.97ns) (out node of the LUT)   --->   "%select_ln388_3 = select i1 %underflow_3, i16 -32768, i16 %p_Val2_15" [src/yolo_acc.cpp:63]   --->   Operation 219 'select' 'select_ln388_3' <Predicate = (!icmp_ln42)> <Delay = 0.97> <Core = "Sel">   --->   Core 26 'Sel' <Latency = 0> <II = 1> <Delay = 0.69> <FuncUnit> <Opcode : 'select'> <InPorts = 3> <OutPorts = 1>
ST_8 : Operation 220 [1/1] (0.97ns) (out node of the LUT)   --->   "%output_acc_3_V = select i1 %or_ln340_3, i16 %select_ln340_3, i16 %select_ln388_3" [src/yolo_acc.cpp:63]   --->   Operation 220 'select' 'output_acc_3_V' <Predicate = (!icmp_ln42)> <Delay = 0.97> <Core = "Sel">   --->   Core 26 'Sel' <Latency = 0> <II = 1> <Delay = 0.69> <FuncUnit> <Opcode : 'select'> <InPorts = 3> <OutPorts = 1>
ST_8 : Operation 221 [1/2] (2.32ns)   --->   "%kernel_bias_fp_V_loa = load i16* %kernel_bias_fp_V_add_4, align 8" [src/yolo_acc.cpp:65]   --->   Operation 221 'load' 'kernel_bias_fp_V_loa' <Predicate = (!icmp_ln42)> <Delay = 2.32> <Core = "RAM">   --->   Core 37 'RAM' <Latency = 1> <II = 1> <Delay = 2.32> <Storage> <Opcode : 'load' 'store'> <Ports = 2> <Width = 16> <Depth = 32> <RAM>
ST_8 : Operation 222 [4/4] (4.03ns)   --->   "%tmp_data_sub_data_0_s = call fastcc i16 @post_process_unit(i16 %output_acc_0_V, i16 %kernel_bias_fp_V_loa, i1 %bias_en_V_read, i1 %leaky_V_read)" [src/yolo_acc.cpp:65]   --->   Operation 222 'call' 'tmp_data_sub_data_0_s' <Predicate = (!icmp_ln42)> <Delay = 4.03> <CoreType = "Generic">   --->   Core 0 '' <Latency = 0> <II = 1> <Delay = 1.00> <Generic> <Opcode : >
ST_8 : Operation 223 [1/2] (2.32ns)   --->   "%kernel_bias_fp_V_loa_1 = load i16* %kernel_bias_fp_V_add_5, align 2" [src/yolo_acc.cpp:66]   --->   Operation 223 'load' 'kernel_bias_fp_V_loa_1' <Predicate = (!icmp_ln42)> <Delay = 2.32> <Core = "RAM">   --->   Core 37 'RAM' <Latency = 1> <II = 1> <Delay = 2.32> <Storage> <Opcode : 'load' 'store'> <Ports = 2> <Width = 16> <Depth = 32> <RAM>
ST_8 : Operation 224 [4/4] (4.03ns)   --->   "%tmp_data_sub_data_1_1 = call fastcc i16 @post_process_unit(i16 %output_acc_1_V, i16 %kernel_bias_fp_V_loa_1, i1 %bias_en_V_read, i1 %leaky_V_read)" [src/yolo_acc.cpp:66]   --->   Operation 224 'call' 'tmp_data_sub_data_1_1' <Predicate = (!icmp_ln42)> <Delay = 4.03> <CoreType = "Generic">   --->   Core 0 '' <Latency = 0> <II = 1> <Delay = 1.00> <Generic> <Opcode : >
ST_8 : Operation 225 [1/1] (0.00ns)   --->   "%or_ln67 = or i6 %shl_ln, 2" [src/yolo_acc.cpp:67]   --->   Operation 225 'or' 'or_ln67' <Predicate = (!icmp_ln42)> <Delay = 0.00>
ST_8 : Operation 226 [1/1] (0.00ns)   --->   "%zext_ln67 = zext i6 %or_ln67 to i64" [src/yolo_acc.cpp:67]   --->   Operation 226 'zext' 'zext_ln67' <Predicate = (!icmp_ln42)> <Delay = 0.00>
ST_8 : Operation 227 [1/1] (0.00ns)   --->   "%kernel_bias_fp_V_add_6 = getelementptr [32 x i16]* %kernel_bias_fp_V, i64 0, i64 %zext_ln67" [src/yolo_acc.cpp:67]   --->   Operation 227 'getelementptr' 'kernel_bias_fp_V_add_6' <Predicate = (!icmp_ln42)> <Delay = 0.00>
ST_8 : Operation 228 [2/2] (2.32ns)   --->   "%kernel_bias_fp_V_loa_2 = load i16* %kernel_bias_fp_V_add_6, align 4" [src/yolo_acc.cpp:67]   --->   Operation 228 'load' 'kernel_bias_fp_V_loa_2' <Predicate = (!icmp_ln42)> <Delay = 2.32> <Core = "RAM">   --->   Core 37 'RAM' <Latency = 1> <II = 1> <Delay = 2.32> <Storage> <Opcode : 'load' 'store'> <Ports = 2> <Width = 16> <Depth = 32> <RAM>
ST_8 : Operation 229 [1/1] (0.00ns)   --->   "%or_ln68 = or i6 %shl_ln, 3" [src/yolo_acc.cpp:68]   --->   Operation 229 'or' 'or_ln68' <Predicate = (!icmp_ln42)> <Delay = 0.00>
ST_8 : Operation 230 [1/1] (0.00ns)   --->   "%zext_ln68 = zext i6 %or_ln68 to i64" [src/yolo_acc.cpp:68]   --->   Operation 230 'zext' 'zext_ln68' <Predicate = (!icmp_ln42)> <Delay = 0.00>
ST_8 : Operation 231 [1/1] (0.00ns)   --->   "%kernel_bias_fp_V_add_7 = getelementptr [32 x i16]* %kernel_bias_fp_V, i64 0, i64 %zext_ln68" [src/yolo_acc.cpp:68]   --->   Operation 231 'getelementptr' 'kernel_bias_fp_V_add_7' <Predicate = (!icmp_ln42)> <Delay = 0.00>
ST_8 : Operation 232 [2/2] (2.32ns)   --->   "%kernel_bias_fp_V_loa_3 = load i16* %kernel_bias_fp_V_add_7, align 2" [src/yolo_acc.cpp:68]   --->   Operation 232 'load' 'kernel_bias_fp_V_loa_3' <Predicate = (!icmp_ln42)> <Delay = 2.32> <Core = "RAM">   --->   Core 37 'RAM' <Latency = 1> <II = 1> <Delay = 2.32> <Storage> <Opcode : 'load' 'store'> <Ports = 2> <Width = 16> <Depth = 32> <RAM>
ST_8 : Operation 233 [1/1] (1.73ns)   --->   "%input_ch_idx = add i4 1, %select_ln1598_4" [src/yolo_acc.cpp:48]   --->   Operation 233 'add' 'input_ch_idx' <Predicate = (!icmp_ln42)> <Delay = 1.73> <Core = "AddSub">   --->   Core 14 'AddSub' <Latency = 0> <II = 1> <Delay = 1.82> <FuncUnit> <Opcode : 'add' 'sub'> <InPorts = 2> <OutPorts = 1>
ST_8 : Operation 234 [1/1] (0.69ns)   --->   "%select_ln45_1 = select i1 %icmp_ln45, i13 1, i13 %add_ln45_1" [src/yolo_acc.cpp:45]   --->   Operation 234 'select' 'select_ln45_1' <Predicate = (!icmp_ln42)> <Delay = 0.69> <Core = "Sel">   --->   Core 26 'Sel' <Latency = 0> <II = 1> <Delay = 0.69> <FuncUnit> <Opcode : 'select'> <InPorts = 3> <OutPorts = 1>

State 9 <SV = 6> <Delay = 7.03>
ST_9 : Operation 235 [3/4] (7.03ns)   --->   "%tmp_data_sub_data_0_s = call fastcc i16 @post_process_unit(i16 %output_acc_0_V, i16 %kernel_bias_fp_V_loa, i1 %bias_en_V_read, i1 %leaky_V_read)" [src/yolo_acc.cpp:65]   --->   Operation 235 'call' 'tmp_data_sub_data_0_s' <Predicate = (!icmp_ln42)> <Delay = 7.03> <CoreType = "Generic">   --->   Core 0 '' <Latency = 0> <II = 1> <Delay = 1.00> <Generic> <Opcode : >
ST_9 : Operation 236 [3/4] (7.03ns)   --->   "%tmp_data_sub_data_1_1 = call fastcc i16 @post_process_unit(i16 %output_acc_1_V, i16 %kernel_bias_fp_V_loa_1, i1 %bias_en_V_read, i1 %leaky_V_read)" [src/yolo_acc.cpp:66]   --->   Operation 236 'call' 'tmp_data_sub_data_1_1' <Predicate = (!icmp_ln42)> <Delay = 7.03> <CoreType = "Generic">   --->   Core 0 '' <Latency = 0> <II = 1> <Delay = 1.00> <Generic> <Opcode : >
ST_9 : Operation 237 [1/2] (2.32ns)   --->   "%kernel_bias_fp_V_loa_2 = load i16* %kernel_bias_fp_V_add_6, align 4" [src/yolo_acc.cpp:67]   --->   Operation 237 'load' 'kernel_bias_fp_V_loa_2' <Predicate = (!icmp_ln42)> <Delay = 2.32> <Core = "RAM">   --->   Core 37 'RAM' <Latency = 1> <II = 1> <Delay = 2.32> <Storage> <Opcode : 'load' 'store'> <Ports = 2> <Width = 16> <Depth = 32> <RAM>
ST_9 : Operation 238 [4/4] (4.03ns)   --->   "%tmp_data_sub_data_2_1 = call fastcc i16 @post_process_unit(i16 %output_acc_2_V, i16 %kernel_bias_fp_V_loa_2, i1 %bias_en_V_read, i1 %leaky_V_read)" [src/yolo_acc.cpp:67]   --->   Operation 238 'call' 'tmp_data_sub_data_2_1' <Predicate = (!icmp_ln42)> <Delay = 4.03> <CoreType = "Generic">   --->   Core 0 '' <Latency = 0> <II = 1> <Delay = 1.00> <Generic> <Opcode : >
ST_9 : Operation 239 [1/2] (2.32ns)   --->   "%kernel_bias_fp_V_loa_3 = load i16* %kernel_bias_fp_V_add_7, align 2" [src/yolo_acc.cpp:68]   --->   Operation 239 'load' 'kernel_bias_fp_V_loa_3' <Predicate = (!icmp_ln42)> <Delay = 2.32> <Core = "RAM">   --->   Core 37 'RAM' <Latency = 1> <II = 1> <Delay = 2.32> <Storage> <Opcode : 'load' 'store'> <Ports = 2> <Width = 16> <Depth = 32> <RAM>
ST_9 : Operation 240 [4/4] (4.03ns)   --->   "%tmp_data_sub_data_3_1 = call fastcc i16 @post_process_unit(i16 %output_acc_3_V, i16 %kernel_bias_fp_V_loa_3, i1 %bias_en_V_read, i1 %leaky_V_read)" [src/yolo_acc.cpp:68]   --->   Operation 240 'call' 'tmp_data_sub_data_3_1' <Predicate = (!icmp_ln42)> <Delay = 4.03> <CoreType = "Generic">   --->   Core 0 '' <Latency = 0> <II = 1> <Delay = 1.00> <Generic> <Opcode : >

State 10 <SV = 7> <Delay = 7.03>
ST_10 : Operation 241 [2/4] (7.03ns)   --->   "%tmp_data_sub_data_0_s = call fastcc i16 @post_process_unit(i16 %output_acc_0_V, i16 %kernel_bias_fp_V_loa, i1 %bias_en_V_read, i1 %leaky_V_read)" [src/yolo_acc.cpp:65]   --->   Operation 241 'call' 'tmp_data_sub_data_0_s' <Predicate = (!icmp_ln42)> <Delay = 7.03> <CoreType = "Generic">   --->   Core 0 '' <Latency = 0> <II = 1> <Delay = 1.00> <Generic> <Opcode : >
ST_10 : Operation 242 [2/4] (7.03ns)   --->   "%tmp_data_sub_data_1_1 = call fastcc i16 @post_process_unit(i16 %output_acc_1_V, i16 %kernel_bias_fp_V_loa_1, i1 %bias_en_V_read, i1 %leaky_V_read)" [src/yolo_acc.cpp:66]   --->   Operation 242 'call' 'tmp_data_sub_data_1_1' <Predicate = (!icmp_ln42)> <Delay = 7.03> <CoreType = "Generic">   --->   Core 0 '' <Latency = 0> <II = 1> <Delay = 1.00> <Generic> <Opcode : >
ST_10 : Operation 243 [3/4] (7.03ns)   --->   "%tmp_data_sub_data_2_1 = call fastcc i16 @post_process_unit(i16 %output_acc_2_V, i16 %kernel_bias_fp_V_loa_2, i1 %bias_en_V_read, i1 %leaky_V_read)" [src/yolo_acc.cpp:67]   --->   Operation 243 'call' 'tmp_data_sub_data_2_1' <Predicate = (!icmp_ln42)> <Delay = 7.03> <CoreType = "Generic">   --->   Core 0 '' <Latency = 0> <II = 1> <Delay = 1.00> <Generic> <Opcode : >
ST_10 : Operation 244 [3/4] (7.03ns)   --->   "%tmp_data_sub_data_3_1 = call fastcc i16 @post_process_unit(i16 %output_acc_3_V, i16 %kernel_bias_fp_V_loa_3, i1 %bias_en_V_read, i1 %leaky_V_read)" [src/yolo_acc.cpp:68]   --->   Operation 244 'call' 'tmp_data_sub_data_3_1' <Predicate = (!icmp_ln42)> <Delay = 7.03> <CoreType = "Generic">   --->   Core 0 '' <Latency = 0> <II = 1> <Delay = 1.00> <Generic> <Opcode : >

State 11 <SV = 8> <Delay = 7.03>
ST_11 : Operation 245 [1/4] (7.03ns)   --->   "%tmp_data_sub_data_0_s = call fastcc i16 @post_process_unit(i16 %output_acc_0_V, i16 %kernel_bias_fp_V_loa, i1 %bias_en_V_read, i1 %leaky_V_read)" [src/yolo_acc.cpp:65]   --->   Operation 245 'call' 'tmp_data_sub_data_0_s' <Predicate = (!icmp_ln42)> <Delay = 7.03> <CoreType = "Generic">   --->   Core 0 '' <Latency = 0> <II = 1> <Delay = 1.00> <Generic> <Opcode : >
ST_11 : Operation 246 [1/4] (7.03ns)   --->   "%tmp_data_sub_data_1_1 = call fastcc i16 @post_process_unit(i16 %output_acc_1_V, i16 %kernel_bias_fp_V_loa_1, i1 %bias_en_V_read, i1 %leaky_V_read)" [src/yolo_acc.cpp:66]   --->   Operation 246 'call' 'tmp_data_sub_data_1_1' <Predicate = (!icmp_ln42)> <Delay = 7.03> <CoreType = "Generic">   --->   Core 0 '' <Latency = 0> <II = 1> <Delay = 1.00> <Generic> <Opcode : >
ST_11 : Operation 247 [2/4] (7.03ns)   --->   "%tmp_data_sub_data_2_1 = call fastcc i16 @post_process_unit(i16 %output_acc_2_V, i16 %kernel_bias_fp_V_loa_2, i1 %bias_en_V_read, i1 %leaky_V_read)" [src/yolo_acc.cpp:67]   --->   Operation 247 'call' 'tmp_data_sub_data_2_1' <Predicate = (!icmp_ln42)> <Delay = 7.03> <CoreType = "Generic">   --->   Core 0 '' <Latency = 0> <II = 1> <Delay = 1.00> <Generic> <Opcode : >
ST_11 : Operation 248 [2/4] (7.03ns)   --->   "%tmp_data_sub_data_3_1 = call fastcc i16 @post_process_unit(i16 %output_acc_3_V, i16 %kernel_bias_fp_V_loa_3, i1 %bias_en_V_read, i1 %leaky_V_read)" [src/yolo_acc.cpp:68]   --->   Operation 248 'call' 'tmp_data_sub_data_3_1' <Predicate = (!icmp_ln42)> <Delay = 7.03> <CoreType = "Generic">   --->   Core 0 '' <Latency = 0> <II = 1> <Delay = 1.00> <Generic> <Opcode : >

State 12 <SV = 9> <Delay = 7.03>
ST_12 : Operation 249 [1/4] (7.03ns)   --->   "%tmp_data_sub_data_2_1 = call fastcc i16 @post_process_unit(i16 %output_acc_2_V, i16 %kernel_bias_fp_V_loa_2, i1 %bias_en_V_read, i1 %leaky_V_read)" [src/yolo_acc.cpp:67]   --->   Operation 249 'call' 'tmp_data_sub_data_2_1' <Predicate = (!icmp_ln42)> <Delay = 7.03> <CoreType = "Generic">   --->   Core 0 '' <Latency = 0> <II = 1> <Delay = 1.00> <Generic> <Opcode : >
ST_12 : Operation 250 [1/4] (7.03ns)   --->   "%tmp_data_sub_data_3_1 = call fastcc i16 @post_process_unit(i16 %output_acc_3_V, i16 %kernel_bias_fp_V_loa_3, i1 %bias_en_V_read, i1 %leaky_V_read)" [src/yolo_acc.cpp:68]   --->   Operation 250 'call' 'tmp_data_sub_data_3_1' <Predicate = (!icmp_ln42)> <Delay = 7.03> <CoreType = "Generic">   --->   Core 0 '' <Latency = 0> <II = 1> <Delay = 1.00> <Generic> <Opcode : >
ST_12 : Operation 251 [1/1] (0.00ns)   --->   "%tmp_data_3 = call i64 @_ssdm_op_BitConcatenate.i64.i16.i16.i16.i16(i16 %tmp_data_sub_data_3_1, i16 %tmp_data_sub_data_2_1, i16 %tmp_data_sub_data_1_1, i16 %tmp_data_sub_data_0_s)" [src/yolo_acc.cpp:85]   --->   Operation 251 'bitconcatenate' 'tmp_data_3' <Predicate = (!icmp_ln42)> <Delay = 0.00>
ST_12 : Operation 252 [2/2] (0.00ns)   --->   "call void @_ssdm_op_Write.axis.volatile.i64P.i8P.i8P.i2P.i1P.i5P.i6P(i64* %outStream_V_data, i8* %outStream_V_keep_V, i8* %outStream_V_strb_V, i2* %outStream_V_user_V, i1* %outStream_V_last_V, i5* %outStream_V_id_V, i6* %outStream_V_dest_V, i64 %tmp_data_3, i8 %tmp_keep_V, i8 %tmp_strb_V, i2 %tmp_user_V, i1 %tmp_last_V, i5 %tmp_id_V, i6 %tmp_dest_V)" [src/yolo_acc.cpp:85]   --->   Operation 252 'write' <Predicate = (!icmp_ln42)> <Delay = 0.00> <Core = "AXI4Stream">   --->   Core 5 'AXI4Stream' <Latency = 0> <II = 1> <Delay = 1.00> <Adapter> <Opcode : >

State 13 <SV = 10> <Delay = 0.00>
ST_13 : Operation 253 [1/1] (0.00ns)   --->   "call void (...)* @_ssdm_op_SpecLoopTripCount(i64 692224, i64 692224, i64 692224)"   --->   Operation 253 'speclooptripcount' <Predicate = (!icmp_ln42)> <Delay = 0.00>
ST_13 : Operation 254 [1/1] (0.00ns)   --->   "%tmp_3 = call i32 (...)* @_ssdm_op_SpecRegionBegin([12 x i8]* @p_str9)" [src/yolo_acc.cpp:49]   --->   Operation 254 'specregionbegin' 'tmp_3' <Predicate = (!icmp_ln42)> <Delay = 0.00>
ST_13 : Operation 255 [1/1] (0.00ns)   --->   "call void (...)* @_ssdm_op_SpecPipeline(i32 -1, i32 1, i32 1, i32 0, [1 x i8]* @p_str1) nounwind" [src/yolo_acc.cpp:51]   --->   Operation 255 'specpipeline' <Predicate = (!icmp_ln42)> <Delay = 0.00>
ST_13 : Operation 256 [1/2] (0.00ns)   --->   "call void @_ssdm_op_Write.axis.volatile.i64P.i8P.i8P.i2P.i1P.i5P.i6P(i64* %outStream_V_data, i8* %outStream_V_keep_V, i8* %outStream_V_strb_V, i2* %outStream_V_user_V, i1* %outStream_V_last_V, i5* %outStream_V_id_V, i6* %outStream_V_dest_V, i64 %tmp_data_3, i8 %tmp_keep_V, i8 %tmp_strb_V, i2 %tmp_user_V, i1 %tmp_last_V, i5 %tmp_id_V, i6 %tmp_dest_V)" [src/yolo_acc.cpp:85]   --->   Operation 256 'write' <Predicate = (!icmp_ln42)> <Delay = 0.00> <Core = "AXI4Stream">   --->   Core 5 'AXI4Stream' <Latency = 0> <II = 1> <Delay = 1.00> <Adapter> <Opcode : >
ST_13 : Operation 257 [1/1] (0.00ns)   --->   "%empty_10 = call i32 (...)* @_ssdm_op_SpecRegionEnd([12 x i8]* @p_str9, i32 %tmp_3)" [src/yolo_acc.cpp:87]   --->   Operation 257 'specregionend' 'empty_10' <Predicate = (!icmp_ln42)> <Delay = 0.00>
ST_13 : Operation 258 [1/1] (0.00ns)   --->   "br label %3" [src/yolo_acc.cpp:48]   --->   Operation 258 'br' <Predicate = (!icmp_ln42)> <Delay = 0.00>

State 14 <SV = 5> <Delay = 0.00>
ST_14 : Operation 259 [1/1] (0.00ns)   --->   "ret void" [src/yolo_acc.cpp:91]   --->   Operation 259 'ret' <Predicate = true> <Delay = 0.00>


============================================================
+ Verbose Summary: Timing violations
============================================================
Target clock period: 10ns, clock uncertainty: 1.25ns.

 <State 1>: 1.77ns
The critical path consists of the following:
	multiplexor before 'phi' operation ('i.V') with incoming values : ('i.V', src/yolo_acc.cpp:25) [71]  (1.77 ns)

 <State 2>: 2.28ns
The critical path consists of the following:
	'icmp' operation ('icmp_ln25', src/yolo_acc.cpp:25) [72]  (1.3 ns)
	blocking operation 0.978 ns on control path)

 <State 3>: 2.32ns
The critical path consists of the following:
	'or' operation ('ret.V', src/yolo_acc.cpp:35) [95]  (0 ns)
	'getelementptr' operation ('kernel_bias_fp_V_add_2', src/yolo_acc.cpp:35) [97]  (0 ns)
	'store' operation ('store_ln35', src/yolo_acc.cpp:35) of variable 'tmp_data_sub_data_2_s', src/yolo_stream.h:8->src/yolo_stream.h:16->src/yolo_acc.cpp:32 on array 'kernel_bias_fp.V', src/yolo_acc.cpp:20 [98]  (2.32 ns)

 <State 4>: 2.32ns
The critical path consists of the following:
	axis read on port 'inStream_b_V_data' (src/yolo_acc.cpp:32) [81]  (0 ns)
	'store' operation ('store_ln33', src/yolo_acc.cpp:33) of variable 'trunc_ln203', src/yolo_stream.h:8->src/yolo_stream.h:16->src/yolo_acc.cpp:32 on array 'kernel_bias_fp.V', src/yolo_acc.cpp:20 [90]  (2.32 ns)

 <State 5>: 4.35ns
The critical path consists of the following:
	'mul' operation ('mul_ln1354', src/yolo_acc.cpp:76) [114]  (4.35 ns)

 <State 6>: 6.38ns
The critical path consists of the following:
	'mul' operation of DSP[117] ('mul_ln1354_1', src/yolo_acc.cpp:76) [117]  (6.38 ns)

 <State 7>: 8.63ns
The critical path consists of the following:
	'phi' operation ('indvar_flatten', src/yolo_acc.cpp:45) with incoming values : ('select_ln45_1', src/yolo_acc.cpp:45) [124]  (0 ns)
	'icmp' operation ('icmp_ln45', src/yolo_acc.cpp:45) [137]  (2.1 ns)
	'select' operation ('select_ln1598', src/yolo_acc.cpp:42) [138]  (0.968 ns)
	'add' operation ('col_idx', src/yolo_acc.cpp:45) [148]  (1.82 ns)
	'icmp' operation ('icmp_ln75_5', src/yolo_acc.cpp:75) [152]  (1.77 ns)
	'or' operation ('or_ln75_3', src/yolo_acc.cpp:75) [153]  (0 ns)
	'select' operation ('select_ln1598_5', src/yolo_acc.cpp:45) [154]  (0.993 ns)
	'or' operation ('or_ln75_1', src/yolo_acc.cpp:75) [252]  (0 ns)
	'xor' operation ('tmp.last.V', src/yolo_acc.cpp:75) [253]  (0.978 ns)

 <State 8>: 8.07ns
The critical path consists of the following:
	axis read on port 'inStream_a_V_data' (src/yolo_acc.cpp:57) [158]  (0 ns)
	'add' operation ('__Val2__', src/yolo_acc.cpp:60) [179]  (2.08 ns)
	'select' operation ('select_ln388', src/yolo_acc.cpp:60) [187]  (0.978 ns)
	'select' operation ('output_acc_0.V', src/yolo_acc.cpp:60) [188]  (0.978 ns)
	'call' operation ('tmp.data.sub_data_0.V', src/yolo_acc.cpp:65) to 'post_process_unit' [235]  (4.03 ns)

 <State 9>: 7.04ns
The critical path consists of the following:
	'call' operation ('tmp.data.sub_data_0.V', src/yolo_acc.cpp:65) to 'post_process_unit' [235]  (7.04 ns)

 <State 10>: 7.04ns
The critical path consists of the following:
	'call' operation ('tmp.data.sub_data_0.V', src/yolo_acc.cpp:65) to 'post_process_unit' [235]  (7.04 ns)

 <State 11>: 7.04ns
The critical path consists of the following:
	'call' operation ('tmp.data.sub_data_0.V', src/yolo_acc.cpp:65) to 'post_process_unit' [235]  (7.04 ns)

 <State 12>: 7.04ns
The critical path consists of the following:
	'call' operation ('tmp.data.sub_data_2.V', src/yolo_acc.cpp:67) to 'post_process_unit' [245]  (7.04 ns)

 <State 13>: 0ns
The critical path consists of the following:

 <State 14>: 0ns
The critical path consists of the following:


============================================================
+ Verbose Summary: Binding
============================================================
N/A
* FSMD analyzer results:
  - Output states:
 - Input state : 
  - Chain level:
	State 1
	State 2
	State 3
	State 4
	State 5
	State 6
	State 7
	State 8
	State 9
	State 10
	State 11
	State 12
	State 13
	State 14


============================================================
+ Verbose Summary: Datapath Resource usage 
============================================================
N/A
