

================================================================
== Vivado HLS Report for 'yolo_upsamp_top'
================================================================
* Date:           Sun Jan 25 20:07:45 2026

* Version:        2019.2 (Build 2704478 on Wed Nov 06 22:10:23 MST 2019)
* Project:        yolo_upsamp_prj
* Solution:       solution1
* Product family: zynq
* Target device:  xc7z020-clg484-1


================================================================
== Performance Estimates
================================================================
+ Timing: 
    * Summary: 
    +--------+----------+-----------+------------+
    |  Clock |  Target  | Estimated | Uncertainty|
    +--------+----------+-----------+------------+
    |ap_clk  | 10.00 ns | 10.211 ns |   1.25 ns  |
    +--------+----------+-----------+------------+

+ Latency: 
    * Summary: 
    +---------+---------+-----------+-----------+------+------+---------+
    |  Latency (cycles) |   Latency (absolute)  |   Interval  | Pipeline|
    |   min   |   max   |    min    |    max    |  min |  max |   Type  |
    +---------+---------+-----------+-----------+------+------+---------+
    |     5444|     5444| 55.591 us | 55.591 us |  5444|  5444|   none  |
    +---------+---------+-----------+-----------+------+------+---------+

    + Detail: 
        * Instance: 
        N/A

        * Loop: 
        +----------+---------+---------+----------+-----------+-----------+------+----------+
        |          |  Latency (cycles) | Iteration|  Initiation Interval  | Trip |          |
        | Loop Name|   min   |   max   |  Latency |  achieved |   target  | Count| Pipelined|
        +----------+---------+---------+----------+-----------+-----------+------+----------+
        |- Loop 1  |        7|        7|         1|          -|          -|     8|    no    |
        |- Loop 2  |        7|        7|         1|          -|          -|     8|    no    |
        |- Loop 3  |        7|        7|         1|          -|          -|     8|    no    |
        |- Loop 4  |        7|        7|         1|          -|          -|     8|    no    |
        |- Loop 5  |     5410|     5410|         4|          1|          1|  5408|    yes   |
        +----------+---------+---------+----------+-----------+-----------+------+----------+



================================================================
== Utilization Estimates
================================================================
* Summary: 
+-----------------+---------+-------+--------+-------+-----+
|       Name      | BRAM_18K| DSP48E|   FF   |  LUT  | URAM|
+-----------------+---------+-------+--------+-------+-----+
|DSP              |        -|      2|       -|      -|    -|
|Expression       |        -|      -|       0|    547|    -|
|FIFO             |        -|      -|       -|      -|    -|
|Instance         |        0|      -|      36|     40|    -|
|Memory           |        4|      -|       0|      0|    0|
|Multiplexer      |        -|      -|       -|    371|    -|
|Register         |        0|      -|     505|     64|    -|
+-----------------+---------+-------+--------+-------+-----+
|Total            |        4|      2|     541|   1022|    0|
+-----------------+---------+-------+--------+-------+-----+
|Available        |      280|    220|  106400|  53200|    0|
+-----------------+---------+-------+--------+-------+-----+
|Utilization (%)  |        1|   ~0  |   ~0   |      1|    0|
+-----------------+---------+-------+--------+-------+-----+

+ Detail: 
    * Instance: 
    +----------------------------------+--------------------------------+---------+-------+----+----+-----+
    |             Instance             |             Module             | BRAM_18K| DSP48E| FF | LUT| URAM|
    +----------------------------------+--------------------------------+---------+-------+----+----+-----+
    |yolo_upsamp_top_CTRL_BUS_s_axi_U  |yolo_upsamp_top_CTRL_BUS_s_axi  |        0|      0|  36|  40|    0|
    +----------------------------------+--------------------------------+---------+-------+----+----+-----+
    |Total                             |                                |        0|      0|  36|  40|    0|
    +----------------------------------+--------------------------------+---------+-------+----+----+-----+

    * DSP48E: 
    +-------------------------+----------------------+--------------+
    |         Instance        |        Module        |  Expression  |
    +-------------------------+----------------------+--------------+
    |yolo_upsamp_top_mfYi_U1  |yolo_upsamp_top_mfYi  | i0 + i1 * i2 |
    |yolo_upsamp_top_mg8j_U2  |yolo_upsamp_top_mg8j  | i0 * i1 + i2 |
    +-------------------------+----------------------+--------------+

    * Memory: 
    +------------------------+----------------------+---------+---+----+-----+------+-----+------+-------------+
    |         Memory         |        Module        | BRAM_18K| FF| LUT| URAM| Words| Bits| Banks| W*Bits*Banks|
    +------------------------+----------------------+---------+---+----+-----+------+-----+------+-------------+
    |line_buff_group_0_va_U  |yolo_upsamp_top_lbkb  |        1|  0|   0|    0|   104|   16|     1|         1664|
    |line_buff_group_1_va_U  |yolo_upsamp_top_lbkb  |        1|  0|   0|    0|   104|   16|     1|         1664|
    |line_buff_group_2_va_U  |yolo_upsamp_top_lbkb  |        1|  0|   0|    0|   104|   16|     1|         1664|
    |line_buff_group_3_va_U  |yolo_upsamp_top_lbkb  |        1|  0|   0|    0|   104|   16|     1|         1664|
    +------------------------+----------------------+---------+---+----+-----+------+-----+------+-------------+
    |Total                   |                      |        4|  0|   0|    0|   416|   64|     4|         6656|
    +------------------------+----------------------+---------+---+----+-----+------+-----+------+-------------+

    * FIFO: 
    N/A

    * Expression: 
    +----------------------------------+----------+-------+---+----+------------+------------+
    |           Variable Name          | Operation| DSP48E| FF| LUT| Bitwidth P0| Bitwidth P1|
    +----------------------------------+----------+-------+---+----+------------+------------+
    |add_ln10_fu_544_p2                |     +    |      0|  0|  12|           3|           1|
    |add_ln11_fu_562_p2                |     +    |      0|  0|  12|           3|           1|
    |add_ln12_fu_580_p2                |     +    |      0|  0|  12|           3|           1|
    |add_ln15_fu_642_p2                |     +    |      0|  0|  17|           1|          13|
    |add_ln17_1_fu_1084_p2             |     +    |      0|  0|  14|          10|           1|
    |add_ln19_1_fu_1070_p2             |     +    |      0|  0|  15|           9|           1|
    |add_ln21_1_fu_1056_p2             |     +    |      0|  0|  15|           6|           1|
    |add_ln627_1_fu_550_p2             |     +    |      0|  0|  15|           7|           4|
    |add_ln627_2_fu_568_p2             |     +    |      0|  0|  15|           7|           4|
    |add_ln627_3_fu_586_p2             |     +    |      0|  0|  15|           7|           4|
    |add_ln627_fu_532_p2               |     +    |      0|  0|  15|           7|           4|
    |add_ln9_fu_526_p2                 |     +    |      0|  0|  12|           3|           1|
    |col_idx_fu_860_p2                 |     +    |      0|  0|  13|           1|           4|
    |col_stride_fu_920_p2              |     +    |      0|  0|  10|           1|           2|
    |input_ch_idx_fu_1050_p2           |     +    |      0|  0|  13|           4|           1|
    |row_idx_fu_648_p2                 |     +    |      0|  0|  13|           1|           4|
    |row_stride_fu_762_p2              |     +    |      0|  0|  10|           1|           2|
    |and_ln17_1_fu_834_p2              |    and   |      0|  0|   2|           1|           1|
    |and_ln17_2_fu_840_p2              |    and   |      0|  0|   2|           1|           1|
    |and_ln17_3_fu_846_p2              |    and   |      0|  0|   2|           1|           1|
    |and_ln17_fu_1102_p2               |    and   |      0|  0|   2|           1|           1|
    |and_ln52_10_fu_748_p2             |    and   |      0|  0|   2|           1|           1|
    |and_ln52_11_fu_800_p2             |    and   |      0|  0|   2|           1|           1|
    |and_ln52_12_fu_908_p2             |    and   |      0|  0|   2|           1|           1|
    |and_ln52_13_fu_914_p2             |    and   |      0|  0|   2|           1|           1|
    |and_ln52_1_fu_1162_p2             |    and   |      0|  0|   2|           1|           1|
    |and_ln52_2_fu_1166_p2             |    and   |      0|  0|   2|           1|           1|
    |and_ln52_3_fu_688_p2              |    and   |      0|  0|   2|           1|           1|
    |and_ln52_4_fu_694_p2              |    and   |      0|  0|   2|           1|           1|
    |and_ln52_5_fu_1098_p2             |    and   |      0|  0|   2|           1|           1|
    |and_ln52_6_fu_706_p2              |    and   |      0|  0|   2|           1|           1|
    |and_ln52_7_fu_712_p2              |    and   |      0|  0|   2|           1|           1|
    |and_ln52_8_fu_724_p2              |    and   |      0|  0|   2|           1|           1|
    |and_ln52_9_fu_736_p2              |    and   |      0|  0|   2|           1|           1|
    |and_ln52_fu_614_p2                |    and   |      0|  0|   2|           1|           1|
    |ap_block_pp0_stage0_01001         |    and   |      0|  0|   2|           1|           1|
    |ap_block_state6_pp0_stage0_iter0  |    and   |      0|  0|   2|           1|           1|
    |ap_block_state8_io                |    and   |      0|  0|   2|           1|           1|
    |ap_block_state9_io                |    and   |      0|  0|   2|           1|           1|
    |ap_condition_400                  |    and   |      0|  0|   2|           1|           1|
    |ap_condition_404                  |    and   |      0|  0|   2|           1|           1|
    |ap_predicate_op151_read_state6    |    and   |      0|  0|   2|           1|           1|
    |curr_output_last_V_fu_1172_p2     |    and   |      0|  0|   2|           1|           1|
    |icmp_ln10_fu_556_p2               |   icmp   |      0|  0|   9|           3|           2|
    |icmp_ln11_fu_574_p2               |   icmp   |      0|  0|   9|           3|           2|
    |icmp_ln12_fu_592_p2               |   icmp   |      0|  0|   9|           3|           2|
    |icmp_ln15_fu_636_p2               |   icmp   |      0|  0|  13|          13|          13|
    |icmp_ln17_fu_654_p2               |   icmp   |      0|  0|  13|          10|           9|
    |icmp_ln19_fu_742_p2               |   icmp   |      0|  0|  13|           9|           8|
    |icmp_ln21_fu_730_p2               |   icmp   |      0|  0|  11|           6|           5|
    |icmp_ln23_fu_718_p2               |   icmp   |      0|  0|  11|           4|           5|
    |icmp_ln52_1_fu_608_p2             |   icmp   |      0|  0|   8|           2|           1|
    |icmp_ln52_2_fu_630_p2             |   icmp   |      0|  0|   8|           2|           1|
    |icmp_ln52_3_fu_668_p2             |   icmp   |      0|  0|   9|           4|           4|
    |icmp_ln52_4_fu_1044_p2            |   icmp   |      0|  0|   9|           4|           3|
    |icmp_ln52_5_fu_700_p2             |   icmp   |      0|  0|   9|           4|           4|
    |icmp_ln52_6_fu_794_p2             |   icmp   |      0|  0|   8|           2|           1|
    |icmp_ln52_7_fu_1107_p2            |   icmp   |      0|  0|   9|           4|           4|
    |icmp_ln52_8_fu_964_p2             |   icmp   |      0|  0|   8|           2|           1|
    |icmp_ln52_fu_598_p2               |   icmp   |      0|  0|   9|           4|           4|
    |icmp_ln9_fu_538_p2                |   icmp   |      0|  0|   9|           3|           2|
    |ap_block_pp0_stage0_11001         |    or    |      0|  0|   2|           1|           1|
    |or_ln17_1_fu_820_p2               |    or    |      0|  0|   2|           1|           1|
    |or_ln17_fu_768_p2                 |    or    |      0|  0|   2|           1|           1|
    |or_ln21_1_fu_932_p2               |    or    |      0|  0|   2|           1|           1|
    |or_ln21_fu_926_p2                 |    or    |      0|  0|   2|           1|           1|
    |or_ln26_1_fu_950_p2               |    or    |      0|  0|   2|           1|           1|
    |or_ln26_fu_624_p2                 |    or    |      0|  0|   2|           1|           1|
    |or_ln52_1_fu_872_p2               |    or    |      0|  0|   2|           1|           1|
    |or_ln52_fu_866_p2                 |    or    |      0|  0|   2|           1|           1|
    |select_ln15_fu_754_p3             |  select  |      0|  0|   4|           1|           4|
    |select_ln17_1_fu_786_p3           |  select  |      0|  0|   2|           1|           1|
    |select_ln17_2_fu_806_p3           |  select  |      0|  0|   2|           1|           1|
    |select_ln17_3_fu_826_p3           |  select  |      0|  0|   2|           1|           1|
    |select_ln17_4_fu_852_p3           |  select  |      0|  0|   2|           1|           2|
    |select_ln17_5_fu_1090_p3          |  select  |      0|  0|  10|           1|           1|
    |select_ln17_fu_774_p3             |  select  |      0|  0|   4|           1|           1|
    |select_ln19_fu_1076_p3            |  select  |      0|  0|   9|           1|           1|
    |select_ln21_1_fu_956_p3           |  select  |      0|  0|   2|           1|           1|
    |select_ln21_2_fu_970_p3           |  select  |      0|  0|   2|           1|           1|
    |select_ln21_3_fu_978_p3           |  select  |      0|  0|   2|           1|           2|
    |select_ln21_4_fu_1062_p3          |  select  |      0|  0|   6|           1|           1|
    |select_ln21_fu_938_p3             |  select  |      0|  0|   4|           1|           1|
    |select_ln52_1_fu_674_p3           |  select  |      0|  0|   2|           1|           1|
    |select_ln52_2_fu_878_p3           |  select  |      0|  0|   2|           1|           1|
    |select_ln52_3_fu_1112_p3          |  select  |      0|  0|   2|           1|           1|
    |select_ln52_4_fu_886_p3           |  select  |      0|  0|   4|           1|           4|
    |select_ln52_5_fu_894_p3           |  select  |      0|  0|   2|           1|           1|
    |select_ln52_fu_660_p3             |  select  |      0|  0|   2|           1|           1|
    |ap_enable_pp0                     |    xor   |      0|  0|   2|           1|           2|
    |ap_enable_reg_pp0_iter1           |    xor   |      0|  0|   2|           2|           1|
    |xor_ln17_fu_814_p2                |    xor   |      0|  0|   2|           1|           2|
    |xor_ln52_1_fu_902_p2              |    xor   |      0|  0|   2|           2|           1|
    |xor_ln52_fu_682_p2                |    xor   |      0|  0|   2|           1|           2|
    +----------------------------------+----------+-------+---+----+------------+------------+
    |Total                             |          |      0|  0| 547|         217|         190|
    +----------------------------------+----------+-------+---+----+------------+------------+

    * Multiplexer: 
    +-----------------------------------------------------+----+-----------+-----+-----------+
    |                         Name                        | LUT| Input Size| Bits| Total Bits|
    +-----------------------------------------------------+----+-----------+-----+-----------+
    |ap_NS_fsm                                            |  41|          8|    1|          8|
    |ap_enable_reg_pp0_iter1                              |   9|          2|    1|          2|
    |ap_enable_reg_pp0_iter3                              |   9|          2|    1|          2|
    |ap_phi_mux_col_assign_phi_fu_446_p4                  |   9|          2|    4|          8|
    |ap_phi_mux_curr_output_data_sub_3_phi_fu_519_p4      |   9|          2|   16|         32|
    |ap_phi_mux_tmp_data_sub_data_0_s_phi_fu_489_p4       |   9|          2|   16|         32|
    |ap_phi_mux_tmp_data_sub_data_1_s_phi_fu_499_p4       |   9|          2|   16|         32|
    |ap_phi_mux_tmp_data_sub_data_2_s_phi_fu_509_p4       |   9|          2|   16|         32|
    |ap_phi_reg_pp0_iter2_curr_output_data_sub_3_reg_516  |   9|          2|   16|         32|
    |ap_phi_reg_pp0_iter2_tmp_data_sub_data_0_s_reg_486   |   9|          2|   16|         32|
    |ap_phi_reg_pp0_iter2_tmp_data_sub_data_1_s_reg_496   |   9|          2|   16|         32|
    |ap_phi_reg_pp0_iter2_tmp_data_sub_data_2_s_reg_506   |   9|          2|   16|         32|
    |col_assign_reg_442                                   |   9|          2|    4|          8|
    |col_stride_0_reg_464                                 |   9|          2|    2|          4|
    |inStream_TDATA_blk_n                                 |   9|          2|    1|          2|
    |indvar_flatten136_reg_387                            |   9|          2|   13|         26|
    |indvar_flatten27_reg_431                             |   9|          2|    9|         18|
    |indvar_flatten72_reg_409                             |   9|          2|   10|         20|
    |indvar_flatten_reg_453                               |   9|          2|    6|         12|
    |input_ch_idx_0_reg_475                               |   9|          2|    4|          8|
    |line_buff_group_0_va_address0                        |  15|          3|    7|         21|
    |line_buff_group_1_va_address0                        |  15|          3|    7|         21|
    |line_buff_group_2_va_address0                        |  15|          3|    7|         21|
    |line_buff_group_3_va_address0                        |  15|          3|    7|         21|
    |outStream_TDATA_blk_n                                |   9|          2|    1|          2|
    |phi_ln10_reg_321                                     |   9|          2|    3|          6|
    |phi_ln11_reg_343                                     |   9|          2|    3|          6|
    |phi_ln12_reg_365                                     |   9|          2|    3|          6|
    |phi_ln9_reg_299                                      |   9|          2|    3|          6|
    |phi_mul153_reg_332                                   |   9|          2|    7|         14|
    |phi_mul155_reg_354                                   |   9|          2|    7|         14|
    |phi_mul157_reg_376                                   |   9|          2|    7|         14|
    |phi_mul_reg_310                                      |   9|          2|    7|         14|
    |row_idx_0_reg_398                                    |   9|          2|    4|          8|
    |row_stride_0_reg_420                                 |   9|          2|    2|          4|
    +-----------------------------------------------------+----+-----------+-----+-----------+
    |Total                                                | 371|         80|  259|        552|
    +-----------------------------------------------------+----+-----------+-----+-----------+

    * Register: 
    +-----------------------------------------------------+----+----+-----+-----------+
    |                         Name                        | FF | LUT| Bits| Const Bits|
    +-----------------------------------------------------+----+----+-----+-----------+
    |and_ln17_3_reg_1345                                  |   1|   0|    1|          0|
    |ap_CS_fsm                                            |   7|   0|    7|          0|
    |ap_enable_reg_pp0_iter0                              |   1|   0|    1|          0|
    |ap_enable_reg_pp0_iter1                              |   1|   0|    1|          0|
    |ap_enable_reg_pp0_iter2                              |   1|   0|    1|          0|
    |ap_enable_reg_pp0_iter3                              |   1|   0|    1|          0|
    |ap_phi_reg_pp0_iter1_curr_output_data_sub_3_reg_516  |  16|   0|   16|          0|
    |ap_phi_reg_pp0_iter1_tmp_data_sub_data_0_s_reg_486   |  16|   0|   16|          0|
    |ap_phi_reg_pp0_iter1_tmp_data_sub_data_1_s_reg_496   |  16|   0|   16|          0|
    |ap_phi_reg_pp0_iter1_tmp_data_sub_data_2_s_reg_506   |  16|   0|   16|          0|
    |ap_phi_reg_pp0_iter2_curr_output_data_sub_3_reg_516  |  16|   0|   16|          0|
    |ap_phi_reg_pp0_iter2_tmp_data_sub_data_0_s_reg_486   |  16|   0|   16|          0|
    |ap_phi_reg_pp0_iter2_tmp_data_sub_data_1_s_reg_496   |  16|   0|   16|          0|
    |ap_phi_reg_pp0_iter2_tmp_data_sub_data_2_s_reg_506   |  16|   0|   16|          0|
    |col_assign_reg_442                                   |   4|   0|    4|          0|
    |col_idx_reg_1355                                     |   4|   0|    4|          0|
    |col_stride_0_reg_464                                 |   2|   0|    2|          0|
    |curr_input_data_sub_1_reg_1417                       |  16|   0|   16|          0|
    |curr_input_data_sub_2_reg_1423                       |  16|   0|   16|          0|
    |curr_input_data_sub_3_reg_1429                       |  16|   0|   16|          0|
    |curr_input_data_sub_s_reg_1411                       |  16|   0|   16|          0|
    |curr_output_last_V_reg_1480                          |   1|   0|    1|          0|
    |icmp_ln15_reg_1311                                   |   1|   0|    1|          0|
    |icmp_ln52_4_reg_1435                                 |   1|   0|    1|          0|
    |icmp_ln52_5_reg_1325                                 |   1|   0|    1|          0|
    |indvar_flatten136_reg_387                            |  13|   0|   13|          0|
    |indvar_flatten27_reg_431                             |   9|   0|    9|          0|
    |indvar_flatten72_reg_409                             |  10|   0|   10|          0|
    |indvar_flatten_reg_453                               |   6|   0|    6|          0|
    |input_ch_idx_0_reg_475                               |   4|   0|    4|          0|
    |or_ln17_1_reg_1340                                   |   1|   0|    1|          0|
    |phi_ln10_reg_321                                     |   3|   0|    3|          0|
    |phi_ln11_reg_343                                     |   3|   0|    3|          0|
    |phi_ln12_reg_365                                     |   3|   0|    3|          0|
    |phi_ln9_reg_299                                      |   3|   0|    3|          0|
    |phi_mul153_reg_332                                   |   7|   0|    7|          0|
    |phi_mul155_reg_354                                   |   7|   0|    7|          0|
    |phi_mul157_reg_376                                   |   7|   0|    7|          0|
    |phi_mul_reg_310                                      |   7|   0|    7|          0|
    |row_idx_0_reg_398                                    |   4|   0|    4|          0|
    |row_stride_0_reg_420                                 |   2|   0|    2|          0|
    |select_ln17_2_reg_1335                               |   1|   0|    1|          0|
    |select_ln21_1_reg_1372                               |   1|   0|    1|          0|
    |select_ln21_2_reg_1376                               |   1|   0|    1|          0|
    |select_ln21_reg_1366                                 |   4|   0|    4|          0|
    |select_ln52_4_reg_1360                               |   4|   0|    4|          0|
    |tmp_dest_V_4_reg_1406                                |   6|   0|    6|          0|
    |tmp_dest_V_fu_160                                    |   6|   0|    6|          0|
    |tmp_id_V_4_reg_1401                                  |   5|   0|    5|          0|
    |tmp_id_V_fu_176                                      |   5|   0|    5|          0|
    |tmp_keep_V_4_reg_1386                                |   8|   0|    8|          0|
    |tmp_keep_V_fu_164                                    |   8|   0|    8|          0|
    |tmp_strb_V_4_reg_1391                                |   8|   0|    8|          0|
    |tmp_strb_V_fu_168                                    |   8|   0|    8|          0|
    |tmp_user_V_4_reg_1396                                |   2|   0|    2|          0|
    |tmp_user_V_fu_172                                    |   2|   0|    2|          0|
    |xor_ln52_reg_1320                                    |   1|   0|    1|          0|
    |icmp_ln15_reg_1311                                   |  64|  32|    1|          0|
    |select_ln21_1_reg_1372                               |  64|  32|    1|          0|
    +-----------------------------------------------------+----+----+-----+-----------+
    |Total                                                | 505|  64|  379|          0|
    +-----------------------------------------------------+----+----+-----+-----------+



================================================================
== Interface
================================================================
* Summary: 
+------------------------+-----+-----+------------+--------------------+--------------+
|        RTL Ports       | Dir | Bits|  Protocol  |    Source Object   |    C Type    |
+------------------------+-----+-----+------------+--------------------+--------------+
|s_axi_CTRL_BUS_AWVALID  |  in |    1|    s_axi   |      CTRL_BUS      |  return void |
|s_axi_CTRL_BUS_AWREADY  | out |    1|    s_axi   |      CTRL_BUS      |  return void |
|s_axi_CTRL_BUS_AWADDR   |  in |    4|    s_axi   |      CTRL_BUS      |  return void |
|s_axi_CTRL_BUS_WVALID   |  in |    1|    s_axi   |      CTRL_BUS      |  return void |
|s_axi_CTRL_BUS_WREADY   | out |    1|    s_axi   |      CTRL_BUS      |  return void |
|s_axi_CTRL_BUS_WDATA    |  in |   32|    s_axi   |      CTRL_BUS      |  return void |
|s_axi_CTRL_BUS_WSTRB    |  in |    4|    s_axi   |      CTRL_BUS      |  return void |
|s_axi_CTRL_BUS_ARVALID  |  in |    1|    s_axi   |      CTRL_BUS      |  return void |
|s_axi_CTRL_BUS_ARREADY  | out |    1|    s_axi   |      CTRL_BUS      |  return void |
|s_axi_CTRL_BUS_ARADDR   |  in |    4|    s_axi   |      CTRL_BUS      |  return void |
|s_axi_CTRL_BUS_RVALID   | out |    1|    s_axi   |      CTRL_BUS      |  return void |
|s_axi_CTRL_BUS_RREADY   |  in |    1|    s_axi   |      CTRL_BUS      |  return void |
|s_axi_CTRL_BUS_RDATA    | out |   32|    s_axi   |      CTRL_BUS      |  return void |
|s_axi_CTRL_BUS_RRESP    | out |    2|    s_axi   |      CTRL_BUS      |  return void |
|s_axi_CTRL_BUS_BVALID   | out |    1|    s_axi   |      CTRL_BUS      |  return void |
|s_axi_CTRL_BUS_BREADY   |  in |    1|    s_axi   |      CTRL_BUS      |  return void |
|s_axi_CTRL_BUS_BRESP    | out |    2|    s_axi   |      CTRL_BUS      |  return void |
|ap_clk                  |  in |    1| ap_ctrl_hs |   yolo_upsamp_top  | return value |
|ap_rst_n                |  in |    1| ap_ctrl_hs |   yolo_upsamp_top  | return value |
|interrupt               | out |    1| ap_ctrl_hs |   yolo_upsamp_top  | return value |
|inStream_TDATA          |  in |   64|    axis    |   inStream_V_data  |    pointer   |
|inStream_TVALID         |  in |    1|    axis    |  inStream_V_dest_V |    pointer   |
|inStream_TREADY         | out |    1|    axis    |  inStream_V_dest_V |    pointer   |
|inStream_TDEST          |  in |    6|    axis    |  inStream_V_dest_V |    pointer   |
|inStream_TKEEP          |  in |    8|    axis    |  inStream_V_keep_V |    pointer   |
|inStream_TSTRB          |  in |    8|    axis    |  inStream_V_strb_V |    pointer   |
|inStream_TUSER          |  in |    2|    axis    |  inStream_V_user_V |    pointer   |
|inStream_TLAST          |  in |    1|    axis    |  inStream_V_last_V |    pointer   |
|inStream_TID            |  in |    5|    axis    |   inStream_V_id_V  |    pointer   |
|outStream_TDATA         | out |   64|    axis    |  outStream_V_data  |    pointer   |
|outStream_TVALID        | out |    1|    axis    | outStream_V_dest_V |    pointer   |
|outStream_TREADY        |  in |    1|    axis    | outStream_V_dest_V |    pointer   |
|outStream_TDEST         | out |    6|    axis    | outStream_V_dest_V |    pointer   |
|outStream_TKEEP         | out |    8|    axis    | outStream_V_keep_V |    pointer   |
|outStream_TSTRB         | out |    8|    axis    | outStream_V_strb_V |    pointer   |
|outStream_TUSER         | out |    2|    axis    | outStream_V_user_V |    pointer   |
|outStream_TLAST         | out |    1|    axis    | outStream_V_last_V |    pointer   |
|outStream_TID           | out |    5|    axis    |  outStream_V_id_V  |    pointer   |
+------------------------+-----+-----+------------+--------------------+--------------+

