==============================================================
Vivado(TM) HLS - High-Level Synthesis from C, C++ and SystemC v2019.2 (64-bit)
Copyright 1986-2019 Xilinx, Inc. All Rights Reserved.
==============================================================
INFO: [HLS 200-10] Setting target device to 'xc7z020-clg484-1'
INFO: [SYN 201-201] Setting up clock 'default' with a period of 10ns.
INFO: [SIM 211-2] *************** CSIM start ***************
INFO: [SIM 211-4] CSIM will launch GCC as the compiler.
INFO: [SIM 211-1] CSim done with 0 errors.
INFO: [SIM 211-3] *************** CSIM finish ***************
INFO: [SCHED 204-61] Option 'relax_ii_for_timing' is enabled, will increase II to preserve clock frequency constraints.
INFO: [HLS 200-10] Analyzing design file 'src/yolo_yolo.cpp' ... 
INFO: [HLS 200-111] Finished Linking Time (s): cpu = 00:01:10 ; elapsed = 00:01:13 . Memory (MB): peak = 863.609 ; gain = 457.035 ; free physical = 1147 ; free virtual = 14675
INFO: [HLS 200-111] Finished Checking Pragmas Time (s): cpu = 00:01:10 ; elapsed = 00:01:13 . Memory (MB): peak = 863.609 ; gain = 457.035 ; free physical = 1147 ; free virtual = 14675
INFO: [HLS 200-10] Starting code transformations ...
INFO: [HLS 200-111] Finished Standard Transforms Time (s): cpu = 00:01:13 ; elapsed = 00:01:17 . Memory (MB): peak = 934.523 ; gain = 527.949 ; free physical = 1009 ; free virtual = 14533
INFO: [HLS 200-10] Checking synthesizability ...
WARNING: [SYNCHK 200-23] /home/kal-thir/tools/Xilinx/Vivado/2019.2/common/technology/autopilot/hls_exp_apfixed.h:191: variable-indexed range selection may cause suboptimal QoR.
INFO: [SYNCHK 200-10] 0 error(s), 1 warning(s).
INFO: [HLS 200-111] Finished Checking Synthesizability Time (s): cpu = 00:01:14 ; elapsed = 00:01:18 . Memory (MB): peak = 1060.711 ; gain = 654.137 ; free physical = 939 ; free virtual = 14490
INFO: [XFORM 203-1101] Packing variable 'outStream.V.data' (src/yolo_yolo.cpp:3) into a 64-bit variable.
INFO: [XFORM 203-1101] Packing variable 'inStream.V.data' (src/yolo_yolo.cpp:3) into a 64-bit variable.
INFO: [XFORM 203-502] Unrolling all loops for pipelining in function 'exp_reduce::exp<16, 8>' (/home/kal-thir/tools/Xilinx/Vivado/2019.2/common/technology/autopilot/hls_exp_apfixed.h:41:29).
INFO: [HLS 200-489] Unrolling loop 'Loop-1' (/home/kal-thir/tools/Xilinx/Vivado/2019.2/common/technology/autopilot/hls_exp_apfixed.h:190) in function 'exp_reduce::exp<16, 8>' completely with a factor of 8.
INFO: [HLS 200-489] Unrolling loop 'Loop-2' (/home/kal-thir/tools/Xilinx/Vivado/2019.2/common/technology/autopilot/hls_exp_apfixed.h:197) in function 'exp_reduce::exp<16, 8>' completely with a factor of 22.
INFO: [HLS 200-489] Unrolling loop 'Loop-3' (/home/kal-thir/tools/Xilinx/Vivado/2019.2/common/technology/autopilot/hls_exp_apfixed.h:254) in function 'exp_reduce::exp<16, 8>' completely with a factor of 4.
INFO: [HLS 200-489] Unrolling loop 'Loop-4' (/home/kal-thir/tools/Xilinx/Vivado/2019.2/common/technology/autopilot/hls_exp_apfixed.h:260) in function 'exp_reduce::exp<16, 8>' completely with a factor of 4.
INFO: [HLS 200-489] Unrolling loop 'Loop-5' (/home/kal-thir/tools/Xilinx/Vivado/2019.2/common/technology/autopilot/hls_exp_apfixed.h:263) in function 'exp_reduce::exp<16, 8>' completely with a factor of 18.
INFO: [XFORM 203-401] Performing if-conversion on hyperblock from (src/yolo_yolo.cpp:79:96) to (src/yolo_yolo.cpp:79:96) in function 'logistic_activate'... converting 3 basic blocks.
INFO: [XFORM 203-401] Performing if-conversion on hyperblock from (/home/kal-thir/tools/Xilinx/Vivado/2019.2/common/technology/autopilot/hls_exp_apfixed.h:41:1) to (/home/kal-thir/tools/Xilinx/Vivado/2019.2/common/technology/autopilot/hls_exp_apfixed.h:867:1) in function 'exp_reduce::exp<16, 8>'... converting 5 basic blocks.
INFO: [XFORM 203-11] Balancing expressions in function 'exp_reduce::exp<16, 8>' (/home/kal-thir/tools/Xilinx/Vivado/2019.2/common/technology/autopilot/hls_exp_apfixed.h:41:1)...8 expression(s) balanced.
INFO: [HLS 200-111] Finished Pre-synthesis Time (s): cpu = 00:01:15 ; elapsed = 00:01:19 . Memory (MB): peak = 1140.648 ; gain = 734.074 ; free physical = 845 ; free virtual = 14412
INFO: [XFORM 203-541] Flattening a loop nest 'Loop-1.1' (src/yolo_yolo.cpp:17:20) in function 'yolo_yolo_top'.
INFO: [XFORM 203-541] Flattening a loop nest 'Loop-1' (src/yolo_yolo.cpp:14:20) in function 'yolo_yolo_top'.
WARNING: [XFORM 203-631] Renaming function 'exp_reduce::exp<16, 8>' to 'exp<16, 8>' (/home/kal-thir/tools/Xilinx/Vivado/2019.2/common/technology/autopilot/hls_exp_apfixed.h:41:1)
INFO: [HLS 200-111] Finished Architecture Synthesis Time (s): cpu = 00:01:16 ; elapsed = 00:01:20 . Memory (MB): peak = 1204.648 ; gain = 798.074 ; free physical = 817 ; free virtual = 14387
INFO: [HLS 200-10] Starting hardware synthesis ...
INFO: [HLS 200-10] Synthesizing 'yolo_yolo_top' ...
WARNING: [SYN 201-103] Legalizing function name 'exp<16, 8>' to 'exp_16_8_s'.
INFO: [HLS 200-10] ----------------------------------------------------------------
INFO: [HLS 200-42] -- Implementing module 'exp_16_8_s' 
INFO: [HLS 200-10] ----------------------------------------------------------------
INFO: [SCHED 204-11] Starting scheduling ...
INFO: [SCHED 204-61] Pipelining function 'exp<16, 8>'.
INFO: [SCHED 204-61] Pipelining result : Target II = 1, Final II = 1, Depth = 6.
INFO: [SCHED 204-11] Finished scheduling.
INFO: [HLS 200-111]  Elapsed time: 79.84 seconds; current allocated memory: 414.718 MB.
INFO: [BIND 205-100] Starting micro-architecture generation ...
INFO: [BIND 205-101] Performing variable lifetime analysis.
INFO: [BIND 205-101] Exploring resource sharing.
INFO: [BIND 205-101] Binding ...
INFO: [BIND 205-100] Finished micro-architecture generation.
INFO: [HLS 200-111]  Elapsed time: 0.04 seconds; current allocated memory: 415.068 MB.
INFO: [HLS 200-10] ----------------------------------------------------------------
INFO: [HLS 200-42] -- Implementing module 'logistic_activate' 
INFO: [HLS 200-10] ----------------------------------------------------------------
INFO: [SCHED 204-11] Starting scheduling ...
INFO: [SCHED 204-61] Pipelining function 'logistic_activate'.
INFO: [SCHED 204-61] Pipelining result : Target II = 1, Final II = 1, Depth = 29.
INFO: [SCHED 204-11] Finished scheduling.
INFO: [HLS 200-111]  Elapsed time: 0.07 seconds; current allocated memory: 415.288 MB.
INFO: [BIND 205-100] Starting micro-architecture generation ...
INFO: [BIND 205-101] Performing variable lifetime analysis.
INFO: [BIND 205-101] Exploring resource sharing.
INFO: [BIND 205-101] Binding ...
INFO: [BIND 205-100] Finished micro-architecture generation.
INFO: [HLS 200-111]  Elapsed time: 0.04 seconds; current allocated memory: 415.492 MB.
INFO: [HLS 200-10] ----------------------------------------------------------------
INFO: [HLS 200-42] -- Implementing module 'yolo_yolo_top' 
INFO: [HLS 200-10] ----------------------------------------------------------------
INFO: [SCHED 204-11] Starting scheduling ...
INFO: [SCHED 204-61] Pipelining loop 'Loop 1'.
WARNING: [SCHED 204-69] Unable to satisfy resource constraint for function 'logistic_activate' (II = 1)..
WARNING: [SCHED 204-69] Unable to schedule 'call' operation ('op_V_assign_2', src/yolo_yolo.cpp:42) to 'logistic_activate' due to limited resources (II = 2).
WARNING: [SCHED 204-69] Unable to schedule 'call' operation ('op_V_assign_3', src/yolo_yolo.cpp:47) to 'logistic_activate' due to limited resources (II = 3).
INFO: [SCHED 204-61] Pipelining result : Target II = 1, Final II = 4, Depth = 35.
INFO: [SCHED 204-11] Finished scheduling.
INFO: [HLS 200-111]  Elapsed time: 0.16 seconds; current allocated memory: 416.152 MB.
INFO: [BIND 205-100] Starting micro-architecture generation ...
INFO: [BIND 205-101] Performing variable lifetime analysis.
INFO: [BIND 205-101] Exploring resource sharing.
INFO: [BIND 205-101] Binding ...
INFO: [BIND 205-100] Starting global binding ...
INFO: [BIND 205-100] Finished micro-architecture generation.
INFO: [HLS 200-111]  Elapsed time: 0.21 seconds; current allocated memory: 417.159 MB.
INFO: [HLS 200-10] ----------------------------------------------------------------
INFO: [HLS 200-10] -- Generating RTL for module 'exp_16_8_s' 
INFO: [HLS 200-10] ----------------------------------------------------------------
INFO: [SYN 201-210] Renamed object name 'exp_16_8_s_f_x_lsb_table_V' to 'exp_16_8_s_f_x_lsbkb' due to the length limit 20
