==============================================================
Vivado(TM) HLS - High-Level Synthesis from C, C++ and SystemC v2019.2 (64-bit)
Copyright 1986-2019 Xilinx, Inc. All Rights Reserved.
==============================================================
INFO: [HLS 200-10] Setting target device to 'xc7z020-clg484-1'
INFO: [SYN 201-201] Setting up clock 'default' with a period of 10ns.
INFO: [SIM 211-2] *************** CSIM start ***************
INFO: [SIM 211-4] CSIM will launch GCC as the compiler.
INFO: [SIM 211-1] CSim done with 0 errors.
INFO: [SIM 211-3] *************** CSIM finish ***************
INFO: [SCHED 204-61] Option 'relax_ii_for_timing' is enabled, will increase II to preserve clock frequency constraints.
INFO: [HLS 200-10] Analyzing design file 'src/yolo_max_pool.cpp' ... 
INFO: [HLS 200-111] Finished Linking Time (s): cpu = 00:01:07 ; elapsed = 00:01:11 . Memory (MB): peak = 879.613 ; gain = 457.035 ; free physical = 2548 ; free virtual = 15201
INFO: [HLS 200-111] Finished Checking Pragmas Time (s): cpu = 00:01:07 ; elapsed = 00:01:11 . Memory (MB): peak = 879.613 ; gain = 457.035 ; free physical = 2556 ; free virtual = 15209
INFO: [HLS 200-10] Starting code transformations ...
INFO: [HLS 200-489] Unrolling loop 'Loop-1' (/home/kal-thir/tools/Xilinx/Vivado/2019.2/common/technology/autopilot/hls/hls_video_mem.h:727) in function 'hls::LineBuffer<2, 418, ap_fixed<16, 8, (ap_q_mode)4, (ap_o_mode)0, 0>, 0>::shift_pixels_up(int)' completely with a factor of 1.
INFO: [XFORM 203-603] Inlining function 'hls::LineBuffer<2, 418, ap_fixed<16, 8, (ap_q_mode)4, (ap_o_mode)0, 0>, 0>::shift_pixels_up' into 'hls::LineBuffer<2, 418, ap_fixed<16, 8, (ap_q_mode)4, (ap_o_mode)0, 0>, 0>::shift_up' (/home/kal-thir/tools/Xilinx/Vivado/2019.2/common/technology/autopilot/hls/hls_video_mem.h:863).
INFO: [XFORM 203-603] Inlining function 'hls::LineBuffer<2, 418, ap_fixed<16, 8, (ap_q_mode)4, (ap_o_mode)0, 0>, 0>::shift_up' into 'yolo_line_buffer' (src/yolo_max_pool.cpp:131).
INFO: [XFORM 203-603] Inlining function 'hls::LineBuffer<2, 418, ap_fixed<16, 8, (ap_q_mode)4, (ap_o_mode)0, 0>, 0>::insert_bottom_row' into 'hls::LineBuffer<2, 418, ap_fixed<16, 8, (ap_q_mode)4, (ap_o_mode)0, 0>, 0>::insert_top' (/home/kal-thir/tools/Xilinx/Vivado/2019.2/common/technology/autopilot/hls/hls_video_mem.h:883).
INFO: [XFORM 203-603] Inlining function 'hls::LineBuffer<2, 418, ap_fixed<16, 8, (ap_q_mode)4, (ap_o_mode)0, 0>, 0>::insert_top' into 'yolo_line_buffer' (src/yolo_max_pool.cpp:132).
INFO: [XFORM 203-603] Inlining function 'hls::LineBuffer<2, 418, ap_fixed<16, 8, (ap_q_mode)4, (ap_o_mode)0, 0>, 0>::getval' into 'slide_window' (src/yolo_max_pool.cpp:144).
INFO: [XFORM 203-603] Inlining function 'hls::Window<2, 2, ap_fixed<16, 8, (ap_q_mode)4, (ap_o_mode)0, 0> >::insert_pixel' into 'hls::Window<2, 2, ap_fixed<16, 8, (ap_q_mode)4, (ap_o_mode)0, 0> >::insert' (/home/kal-thir/tools/Xilinx/Vivado/2019.2/common/technology/autopilot/hls/hls_video_mem.h:573).
INFO: [XFORM 203-603] Inlining function 'hls::Window<2, 2, ap_fixed<16, 8, (ap_q_mode)4, (ap_o_mode)0, 0> >::insert' into 'slide_window' (src/yolo_max_pool.cpp:145).
INFO: [XFORM 203-603] Inlining function 'hls::Window<2, 2, ap_fixed<16, 8, (ap_q_mode)4, (ap_o_mode)0, 0> >::getval' into 'window_max_pool' (src/yolo_max_pool.cpp:159).
INFO: [HLS 200-111] Finished Standard Transforms Time (s): cpu = 00:01:09 ; elapsed = 00:01:13 . Memory (MB): peak = 943.613 ; gain = 521.035 ; free physical = 2498 ; free virtual = 15175
INFO: [HLS 200-10] Checking synthesizability ...
INFO: [HLS 200-111] Finished Checking Synthesizability Time (s): cpu = 00:01:09 ; elapsed = 00:01:13 . Memory (MB): peak = 945.383 ; gain = 522.805 ; free physical = 2478 ; free virtual = 15158
INFO: [XFORM 203-1101] Packing variable 'outStream.V.data' (src/yolo_max_pool.cpp:4) into a 64-bit variable.
INFO: [XFORM 203-1101] Packing variable 'inStream.V.data' (src/yolo_max_pool.cpp:4) into a 64-bit variable.
INFO: [XFORM 203-502] Unrolling all sub-loops inside loop 'Loop-5.1.1.1.1' (src/yolo_max_pool.cpp:39) in function 'yolo_max_pool_top' for pipelining.
INFO: [XFORM 203-502] Unrolling all loops for pipelining in function 'window_max_pool' (src/yolo_max_pool.cpp:152).
INFO: [XFORM 203-502] Unrolling all loops for pipelining in function 'slide_window' (src/yolo_max_pool.cpp:136).
INFO: [HLS 200-489] Unrolling loop 'Loop-5.1.1.1.1.1' (/home/kal-thir/tools/Xilinx/Vivado/2019.2/common/technology/autopilot/hls/hls_video_mem.h:49) in function 'yolo_max_pool_top' completely with a factor of 2.
INFO: [HLS 200-489] Unrolling loop 'Loop-5.1.1.1.1.1.1' (/home/kal-thir/tools/Xilinx/Vivado/2019.2/common/technology/autopilot/hls/hls_video_mem.h:49) in function 'yolo_max_pool_top' completely with a factor of 2.
INFO: [HLS 200-489] Unrolling loop 'Loop-5.1.1.1.1.2' (/home/kal-thir/tools/Xilinx/Vivado/2019.2/common/technology/autopilot/hls/hls_video_mem.h:49) in function 'yolo_max_pool_top' completely with a factor of 2.
INFO: [HLS 200-489] Unrolling loop 'Loop-5.1.1.1.1.2.1' (/home/kal-thir/tools/Xilinx/Vivado/2019.2/common/technology/autopilot/hls/hls_video_mem.h:49) in function 'yolo_max_pool_top' completely with a factor of 2.
INFO: [HLS 200-489] Unrolling loop 'Loop-5.1.1.1.1.3' (/home/kal-thir/tools/Xilinx/Vivado/2019.2/common/technology/autopilot/hls/hls_video_mem.h:49) in function 'yolo_max_pool_top' completely with a factor of 2.
INFO: [HLS 200-489] Unrolling loop 'Loop-5.1.1.1.1.3.1' (/home/kal-thir/tools/Xilinx/Vivado/2019.2/common/technology/autopilot/hls/hls_video_mem.h:49) in function 'yolo_max_pool_top' completely with a factor of 2.
INFO: [HLS 200-489] Unrolling loop 'Loop-5.1.1.1.1.4' (/home/kal-thir/tools/Xilinx/Vivado/2019.2/common/technology/autopilot/hls/hls_video_mem.h:49) in function 'yolo_max_pool_top' completely with a factor of 2.
INFO: [HLS 200-489] Unrolling loop 'Loop-5.1.1.1.1.4.1' (/home/kal-thir/tools/Xilinx/Vivado/2019.2/common/technology/autopilot/hls/hls_video_mem.h:49) in function 'yolo_max_pool_top' completely with a factor of 2.
INFO: [HLS 200-489] Unrolling loop 'Loop-1' (src/yolo_max_pool.cpp:155) in function 'window_max_pool' completely with a factor of 2.
INFO: [HLS 200-489] Unrolling loop 'Loop-1.1' (src/yolo_max_pool.cpp:157) in function 'window_max_pool' completely with a factor of 2.
INFO: [HLS 200-489] Unrolling loop 'Loop-1' (src/yolo_max_pool.cpp:140) in function 'slide_window' completely with a factor of 2.
INFO: [HLS 200-489] Unrolling loop 'Loop-1.1' (src/yolo_max_pool.cpp:142) in function 'slide_window' completely with a factor of 2.
INFO: [XFORM 203-102] Partitioning array 'window.val.V.0' automatically.
INFO: [XFORM 203-102] Partitioning array 'window.val.V.1' automatically.
INFO: [XFORM 203-101] Partitioning array 'line_buff_group_0.val.V' (src/yolo_max_pool.cpp:19) in dimension 2 completely.
INFO: [XFORM 203-101] Partitioning array 'line_buff_group_1.val.V' (src/yolo_max_pool.cpp:20) in dimension 2 completely.
INFO: [XFORM 203-101] Partitioning array 'line_buff_group_2.val.V' (src/yolo_max_pool.cpp:21) in dimension 2 completely.
INFO: [XFORM 203-101] Partitioning array 'line_buff_group_3.val.V' (src/yolo_max_pool.cpp:22) in dimension 2 completely.
INFO: [XFORM 203-101] Partitioning array 'window_0.val.V' (src/yolo_max_pool.cpp:84) in dimension 1 completely.
INFO: [XFORM 203-101] Partitioning array 'window_1.val.V' (src/yolo_max_pool.cpp:85) in dimension 1 completely.
INFO: [XFORM 203-101] Partitioning array 'window_2.val.V' (src/yolo_max_pool.cpp:86) in dimension 1 completely.
INFO: [XFORM 203-101] Partitioning array 'window_3.val.V' (src/yolo_max_pool.cpp:87) in dimension 1 completely.
INFO: [XFORM 203-101] Partitioning array 'window_0.val.V' (src/yolo_max_pool.cpp:84) in dimension 2 completely.
INFO: [XFORM 203-101] Partitioning array 'window_1.val.V' (src/yolo_max_pool.cpp:85) in dimension 2 completely.
INFO: [XFORM 203-101] Partitioning array 'window_2.val.V' (src/yolo_max_pool.cpp:86) in dimension 2 completely.
INFO: [XFORM 203-101] Partitioning array 'window_3.val.V' (src/yolo_max_pool.cpp:87) in dimension 2 completely.
INFO: [XFORM 203-602] Inlining function 'yolo_line_buffer' into 'yolo_max_pool_top' (src/yolo_max_pool.cpp:76) automatically.
INFO: [XFORM 203-401] Performing if-conversion on hyperblock from (src/yolo_max_pool.cpp:94:17) to (src/yolo_max_pool.cpp:117:5) in function 'yolo_max_pool_top'... converting 4 basic blocks.
INFO: [XFORM 203-602] Inlining function 'slide_window' into 'yolo_max_pool_top' (src/yolo_max_pool.cpp:94) automatically.
INFO: [HLS 200-111] Finished Pre-synthesis Time (s): cpu = 00:01:10 ; elapsed = 00:01:14 . Memory (MB): peak = 945.383 ; gain = 522.805 ; free physical = 2442 ; free virtual = 15130
INFO: [XFORM 203-541] Flattening a loop nest 'Loop-5.1.1.1' (src/yolo_max_pool.cpp:36:23) in function 'yolo_max_pool_top'.
INFO: [XFORM 203-541] Flattening a loop nest 'Loop-5.1.1' (src/yolo_max_pool.cpp:33:20) in function 'yolo_max_pool_top'.
INFO: [XFORM 203-541] Flattening a loop nest 'Loop-5.1' (src/yolo_max_pool.cpp:30:23) in function 'yolo_max_pool_top'.
INFO: [XFORM 203-541] Flattening a loop nest 'Loop-5' (src/yolo_max_pool.cpp:27:20) in function 'yolo_max_pool_top'.
WARNING: [ANALYSIS 214-52] Found false inter dependency for variable 'line_buff_group_0.va' (src/yolo_max_pool.cpp:19).
WARNING: [ANALYSIS 214-52] Found false intra dependency for variable 'line_buff_group_0.va' (src/yolo_max_pool.cpp:19).
WARNING: [ANALYSIS 214-52] Found false inter dependency for variable 'line_buff_group_1.va' (src/yolo_max_pool.cpp:20).
WARNING: [ANALYSIS 214-52] Found false intra dependency for variable 'line_buff_group_1.va' (src/yolo_max_pool.cpp:20).
WARNING: [ANALYSIS 214-52] Found false inter dependency for variable 'line_buff_group_2.va' (src/yolo_max_pool.cpp:21).
WARNING: [ANALYSIS 214-52] Found false intra dependency for variable 'line_buff_group_2.va' (src/yolo_max_pool.cpp:21).
WARNING: [ANALYSIS 214-52] Found false inter dependency for variable 'line_buff_group_3.va' (src/yolo_max_pool.cpp:22).
WARNING: [ANALYSIS 214-52] Found false intra dependency for variable 'line_buff_group_3.va' (src/yolo_max_pool.cpp:22).
INFO: [HLS 200-472] Inferring partial write operation for 'line_buff_group_0.va' (/home/kal-thir/tools/Xilinx/Vivado/2019.2/common/technology/autopilot/hls/hls_video_mem.h:729:27)
INFO: [HLS 200-472] Inferring partial write operation for 'line_buff_group_0.va.1' (/home/kal-thir/tools/Xilinx/Vivado/2019.2/common/technology/autopilot/hls/hls_video_mem.h:765:5)
INFO: [HLS 200-472] Inferring partial write operation for 'line_buff_group_1.va' (/home/kal-thir/tools/Xilinx/Vivado/2019.2/common/technology/autopilot/hls/hls_video_mem.h:729:27)
INFO: [HLS 200-472] Inferring partial write operation for 'line_buff_group_1.va.1' (/home/kal-thir/tools/Xilinx/Vivado/2019.2/common/technology/autopilot/hls/hls_video_mem.h:765:5)
INFO: [HLS 200-472] Inferring partial write operation for 'line_buff_group_2.va' (/home/kal-thir/tools/Xilinx/Vivado/2019.2/common/technology/autopilot/hls/hls_video_mem.h:729:27)
INFO: [HLS 200-472] Inferring partial write operation for 'line_buff_group_2.va.1' (/home/kal-thir/tools/Xilinx/Vivado/2019.2/common/technology/autopilot/hls/hls_video_mem.h:765:5)
INFO: [HLS 200-472] Inferring partial write operation for 'line_buff_group_3.va' (/home/kal-thir/tools/Xilinx/Vivado/2019.2/common/technology/autopilot/hls/hls_video_mem.h:729:27)
INFO: [HLS 200-472] Inferring partial write operation for 'line_buff_group_3.va.1' (/home/kal-thir/tools/Xilinx/Vivado/2019.2/common/technology/autopilot/hls/hls_video_mem.h:765:5)
INFO: [HLS 200-111] Finished Architecture Synthesis Time (s): cpu = 00:01:11 ; elapsed = 00:01:15 . Memory (MB): peak = 945.453 ; gain = 522.875 ; free physical = 2430 ; free virtual = 15121
INFO: [HLS 200-10] Starting hardware synthesis ...
INFO: [HLS 200-10] Synthesizing 'yolo_max_pool_top' ...
INFO: [HLS 200-10] ----------------------------------------------------------------
INFO: [HLS 200-42] -- Implementing module 'window_max_pool' 
INFO: [HLS 200-10] ----------------------------------------------------------------
INFO: [SCHED 204-11] Starting scheduling ...
INFO: [SCHED 204-61] Pipelining function 'window_max_pool'.
INFO: [SCHED 204-61] Pipelining result : Target II = 1, Final II = 1, Depth = 2.
INFO: [SCHED 204-11] Finished scheduling.
INFO: [HLS 200-111]  Elapsed time: 74.8 seconds; current allocated memory: 226.238 MB.
INFO: [BIND 205-100] Starting micro-architecture generation ...
INFO: [BIND 205-101] Performing variable lifetime analysis.
INFO: [BIND 205-101] Exploring resource sharing.
INFO: [BIND 205-101] Binding ...
INFO: [BIND 205-100] Finished micro-architecture generation.
INFO: [HLS 200-111]  Elapsed time: 0.01 seconds; current allocated memory: 226.304 MB.
INFO: [HLS 200-10] ----------------------------------------------------------------
INFO: [HLS 200-42] -- Implementing module 'write_output' 
INFO: [HLS 200-10] ----------------------------------------------------------------
INFO: [SCHED 204-11] Starting scheduling ...
INFO: [SCHED 204-61] Pipelining function 'write_output'.
INFO: [SCHED 204-61] Pipelining result : Target II = 1, Final II = 1, Depth = 1.
INFO: [SCHED 204-11] Finished scheduling.
INFO: [HLS 200-111]  Elapsed time: 0.03 seconds; current allocated memory: 226.373 MB.
INFO: [BIND 205-100] Starting micro-architecture generation ...
INFO: [BIND 205-101] Performing variable lifetime analysis.
INFO: [BIND 205-101] Exploring resource sharing.
INFO: [BIND 205-101] Binding ...
INFO: [BIND 205-100] Finished micro-architecture generation.
INFO: [HLS 200-111]  Elapsed time: 0.01 seconds; current allocated memory: 226.481 MB.
INFO: [HLS 200-10] ----------------------------------------------------------------
INFO: [HLS 200-42] -- Implementing module 'yolo_max_pool_top' 
INFO: [HLS 200-10] ----------------------------------------------------------------
INFO: [SCHED 204-11] Starting scheduling ...
INFO: [SCHED 204-61] Pipelining loop 'Loop 5'.
WARNING: [SCHED 204-69] Unable to satisfy resource constraint for function 'window_max_pool' (II = 1)..
INFO: [SCHED 204-61] Pipelining result : Target II = 1, Final II = 2, Depth = 10.
INFO: [SCHED 204-11] Finished scheduling.
INFO: [HLS 200-111]  Elapsed time: 0.3 seconds; current allocated memory: 227.685 MB.
INFO: [BIND 205-100] Starting micro-architecture generation ...
INFO: [BIND 205-101] Performing variable lifetime analysis.
INFO: [BIND 205-101] Exploring resource sharing.
INFO: [BIND 205-101] Binding ...
INFO: [BIND 205-100] Starting global binding ...
INFO: [BIND 205-100] Finished micro-architecture generation.
INFO: [HLS 200-111]  Elapsed time: 0.24 seconds; current allocated memory: 229.314 MB.
INFO: [HLS 200-10] ----------------------------------------------------------------
INFO: [HLS 200-10] -- Generating RTL for module 'window_max_pool' 
INFO: [HLS 200-10] ----------------------------------------------------------------
INFO: [RTGEN 206-100] Finished creating RTL model for 'window_max_pool'.
INFO: [HLS 200-111]  Elapsed time: 0.29 seconds; current allocated memory: 229.668 MB.
INFO: [HLS 200-10] ----------------------------------------------------------------
INFO: [HLS 200-10] -- Generating RTL for module 'write_output' 
INFO: [HLS 200-10] ----------------------------------------------------------------
INFO: [RTGEN 206-100] Finished creating RTL model for 'write_output'.
INFO: [HLS 200-111]  Elapsed time: 0.03 seconds; current allocated memory: 230.166 MB.
INFO: [HLS 200-10] ----------------------------------------------------------------
INFO: [HLS 200-10] -- Generating RTL for module 'yolo_max_pool_top' 
INFO: [HLS 200-10] ----------------------------------------------------------------
INFO: [RTGEN 206-500] Setting interface mode on port 'yolo_max_pool_top/inStream_V_data' to 'axis' (register, both mode).
INFO: [RTGEN 206-500] Setting interface mode on port 'yolo_max_pool_top/inStream_V_keep_V' to 'axis' (register, both mode).
INFO: [RTGEN 206-500] Setting interface mode on port 'yolo_max_pool_top/inStream_V_strb_V' to 'axis' (register, both mode).
INFO: [RTGEN 206-500] Setting interface mode on port 'yolo_max_pool_top/inStream_V_user_V' to 'axis' (register, both mode).
INFO: [RTGEN 206-500] Setting interface mode on port 'yolo_max_pool_top/inStream_V_last_V' to 'axis' (register, both mode).
INFO: [RTGEN 206-500] Setting interface mode on port 'yolo_max_pool_top/inStream_V_id_V' to 'axis' (register, both mode).
INFO: [RTGEN 206-500] Setting interface mode on port 'yolo_max_pool_top/inStream_V_dest_V' to 'axis' (register, both mode).
INFO: [RTGEN 206-500] Setting interface mode on port 'yolo_max_pool_top/outStream_V_data' to 'axis' (register, both mode).
==============================================================
Vivado(TM) HLS - High-Level Synthesis from C, C++ and SystemC v2019.2 (64-bit)
Copyright 1986-2019 Xilinx, Inc. All Rights Reserved.
==============================================================
INFO: [HLS 200-10] Setting target device to 'xc7z020-clg484-1'
INFO: [SYN 201-201] Setting up clock 'default' with a period of 10ns.
INFO: [SIM 211-2] *************** CSIM start ***************
INFO: [SIM 211-4] CSIM will launch GCC as the compiler.
INFO: [SIM 211-1] CSim done with 0 errors.
INFO: [SIM 211-3] *************** CSIM finish ***************
INFO: [SCHED 204-61] Option 'relax_ii_for_timing' is enabled, will increase II to preserve clock frequency constraints.
INFO: [HLS 200-10] Analyzing design file 'src/yolo_max_pool.cpp' ... 
INFO: [HLS 200-111] Finished Linking Time (s): cpu = 00:01:01 ; elapsed = 00:01:05 . Memory (MB): peak = 863.609 ; gain = 457.035 ; free physical = 1920 ; free virtual = 14752
INFO: [HLS 200-111] Finished Checking Pragmas Time (s): cpu = 00:01:01 ; elapsed = 00:01:05 . Memory (MB): peak = 863.609 ; gain = 457.035 ; free physical = 1920 ; free virtual = 14753
INFO: [HLS 200-10] Starting code transformations ...
INFO: [HLS 200-489] Unrolling loop 'Loop-1' (/home/kal-thir/tools/Xilinx/Vivado/2019.2/common/technology/autopilot/hls/hls_video_mem.h:727) in function 'hls::LineBuffer<2, 418, ap_fixed<16, 8, (ap_q_mode)4, (ap_o_mode)0, 0>, 0>::shift_pixels_up(int)' completely with a factor of 1.
INFO: [XFORM 203-603] Inlining function 'hls::LineBuffer<2, 418, ap_fixed<16, 8, (ap_q_mode)4, (ap_o_mode)0, 0>, 0>::shift_pixels_up' into 'hls::LineBuffer<2, 418, ap_fixed<16, 8, (ap_q_mode)4, (ap_o_mode)0, 0>, 0>::shift_up' (/home/kal-thir/tools/Xilinx/Vivado/2019.2/common/technology/autopilot/hls/hls_video_mem.h:863).
INFO: [XFORM 203-603] Inlining function 'hls::LineBuffer<2, 418, ap_fixed<16, 8, (ap_q_mode)4, (ap_o_mode)0, 0>, 0>::shift_up' into 'yolo_line_buffer' (src/yolo_max_pool.cpp:131).
INFO: [XFORM 203-603] Inlining function 'hls::LineBuffer<2, 418, ap_fixed<16, 8, (ap_q_mode)4, (ap_o_mode)0, 0>, 0>::insert_bottom_row' into 'hls::LineBuffer<2, 418, ap_fixed<16, 8, (ap_q_mode)4, (ap_o_mode)0, 0>, 0>::insert_top' (/home/kal-thir/tools/Xilinx/Vivado/2019.2/common/technology/autopilot/hls/hls_video_mem.h:883).
INFO: [XFORM 203-603] Inlining function 'hls::LineBuffer<2, 418, ap_fixed<16, 8, (ap_q_mode)4, (ap_o_mode)0, 0>, 0>::insert_top' into 'yolo_line_buffer' (src/yolo_max_pool.cpp:132).
INFO: [XFORM 203-603] Inlining function 'hls::LineBuffer<2, 418, ap_fixed<16, 8, (ap_q_mode)4, (ap_o_mode)0, 0>, 0>::getval' into 'slide_window' (src/yolo_max_pool.cpp:144).
INFO: [XFORM 203-603] Inlining function 'hls::Window<2, 2, ap_fixed<16, 8, (ap_q_mode)4, (ap_o_mode)0, 0> >::insert_pixel' into 'hls::Window<2, 2, ap_fixed<16, 8, (ap_q_mode)4, (ap_o_mode)0, 0> >::insert' (/home/kal-thir/tools/Xilinx/Vivado/2019.2/common/technology/autopilot/hls/hls_video_mem.h:573).
INFO: [XFORM 203-603] Inlining function 'hls::Window<2, 2, ap_fixed<16, 8, (ap_q_mode)4, (ap_o_mode)0, 0> >::insert' into 'slide_window' (src/yolo_max_pool.cpp:145).
INFO: [XFORM 203-603] Inlining function 'hls::Window<2, 2, ap_fixed<16, 8, (ap_q_mode)4, (ap_o_mode)0, 0> >::getval' into 'window_max_pool' (src/yolo_max_pool.cpp:159).
INFO: [HLS 200-111] Finished Standard Transforms Time (s): cpu = 00:01:03 ; elapsed = 00:01:06 . Memory (MB): peak = 929.418 ; gain = 522.844 ; free physical = 1885 ; free virtual = 14740
INFO: [HLS 200-10] Checking synthesizability ...
INFO: [HLS 200-111] Finished Checking Synthesizability Time (s): cpu = 00:01:03 ; elapsed = 00:01:07 . Memory (MB): peak = 929.418 ; gain = 522.844 ; free physical = 1855 ; free virtual = 14714
INFO: [XFORM 203-1101] Packing variable 'outStream.V.data' (src/yolo_max_pool.cpp:4) into a 64-bit variable.
INFO: [XFORM 203-1101] Packing variable 'inStream.V.data' (src/yolo_max_pool.cpp:4) into a 64-bit variable.
INFO: [XFORM 203-502] Unrolling all sub-loops inside loop 'Loop-5.1.1.1.1' (src/yolo_max_pool.cpp:39) in function 'yolo_max_pool_top' for pipelining.
INFO: [XFORM 203-502] Unrolling all loops for pipelining in function 'window_max_pool' (src/yolo_max_pool.cpp:152).
INFO: [XFORM 203-502] Unrolling all loops for pipelining in function 'slide_window' (src/yolo_max_pool.cpp:136).
INFO: [HLS 200-489] Unrolling loop 'Loop-5.1.1.1.1.1' (/home/kal-thir/tools/Xilinx/Vivado/2019.2/common/technology/autopilot/hls/hls_video_mem.h:49) in function 'yolo_max_pool_top' completely with a factor of 2.
INFO: [HLS 200-489] Unrolling loop 'Loop-5.1.1.1.1.1.1' (/home/kal-thir/tools/Xilinx/Vivado/2019.2/common/technology/autopilot/hls/hls_video_mem.h:49) in function 'yolo_max_pool_top' completely with a factor of 2.
INFO: [HLS 200-489] Unrolling loop 'Loop-5.1.1.1.1.2' (/home/kal-thir/tools/Xilinx/Vivado/2019.2/common/technology/autopilot/hls/hls_video_mem.h:49) in function 'yolo_max_pool_top' completely with a factor of 2.
INFO: [HLS 200-489] Unrolling loop 'Loop-5.1.1.1.1.2.1' (/home/kal-thir/tools/Xilinx/Vivado/2019.2/common/technology/autopilot/hls/hls_video_mem.h:49) in function 'yolo_max_pool_top' completely with a factor of 2.
INFO: [HLS 200-489] Unrolling loop 'Loop-5.1.1.1.1.3' (/home/kal-thir/tools/Xilinx/Vivado/2019.2/common/technology/autopilot/hls/hls_video_mem.h:49) in function 'yolo_max_pool_top' completely with a factor of 2.
INFO: [HLS 200-489] Unrolling loop 'Loop-5.1.1.1.1.3.1' (/home/kal-thir/tools/Xilinx/Vivado/2019.2/common/technology/autopilot/hls/hls_video_mem.h:49) in function 'yolo_max_pool_top' completely with a factor of 2.
INFO: [HLS 200-489] Unrolling loop 'Loop-5.1.1.1.1.4' (/home/kal-thir/tools/Xilinx/Vivado/2019.2/common/technology/autopilot/hls/hls_video_mem.h:49) in function 'yolo_max_pool_top' completely with a factor of 2.
INFO: [HLS 200-489] Unrolling loop 'Loop-5.1.1.1.1.4.1' (/home/kal-thir/tools/Xilinx/Vivado/2019.2/common/technology/autopilot/hls/hls_video_mem.h:49) in function 'yolo_max_pool_top' completely with a factor of 2.
INFO: [HLS 200-489] Unrolling loop 'Loop-1' (src/yolo_max_pool.cpp:155) in function 'window_max_pool' completely with a factor of 2.
INFO: [HLS 200-489] Unrolling loop 'Loop-1.1' (src/yolo_max_pool.cpp:157) in function 'window_max_pool' completely with a factor of 2.
INFO: [HLS 200-489] Unrolling loop 'Loop-1' (src/yolo_max_pool.cpp:140) in function 'slide_window' completely with a factor of 2.
INFO: [HLS 200-489] Unrolling loop 'Loop-1.1' (src/yolo_max_pool.cpp:142) in function 'slide_window' completely with a factor of 2.
INFO: [XFORM 203-102] Partitioning array 'window.val.V.0' automatically.
INFO: [XFORM 203-102] Partitioning array 'window.val.V.1' automatically.
INFO: [XFORM 203-101] Partitioning array 'line_buff_group_0.val.V' (src/yolo_max_pool.cpp:19) in dimension 2 completely.
INFO: [XFORM 203-101] Partitioning array 'line_buff_group_1.val.V' (src/yolo_max_pool.cpp:20) in dimension 2 completely.
INFO: [XFORM 203-101] Partitioning array 'line_buff_group_2.val.V' (src/yolo_max_pool.cpp:21) in dimension 2 completely.
INFO: [XFORM 203-101] Partitioning array 'line_buff_group_3.val.V' (src/yolo_max_pool.cpp:22) in dimension 2 completely.
INFO: [XFORM 203-101] Partitioning array 'window_0.val.V' (src/yolo_max_pool.cpp:84) in dimension 1 completely.
INFO: [XFORM 203-101] Partitioning array 'window_1.val.V' (src/yolo_max_pool.cpp:85) in dimension 1 completely.
INFO: [XFORM 203-101] Partitioning array 'window_2.val.V' (src/yolo_max_pool.cpp:86) in dimension 1 completely.
INFO: [XFORM 203-101] Partitioning array 'window_3.val.V' (src/yolo_max_pool.cpp:87) in dimension 1 completely.
INFO: [XFORM 203-101] Partitioning array 'window_0.val.V' (src/yolo_max_pool.cpp:84) in dimension 2 completely.
INFO: [XFORM 203-101] Partitioning array 'window_1.val.V' (src/yolo_max_pool.cpp:85) in dimension 2 completely.
INFO: [XFORM 203-101] Partitioning array 'window_2.val.V' (src/yolo_max_pool.cpp:86) in dimension 2 completely.
INFO: [XFORM 203-101] Partitioning array 'window_3.val.V' (src/yolo_max_pool.cpp:87) in dimension 2 completely.
INFO: [XFORM 203-602] Inlining function 'yolo_line_buffer' into 'yolo_max_pool_top' (src/yolo_max_pool.cpp:76) automatically.
INFO: [XFORM 203-401] Performing if-conversion on hyperblock from (src/yolo_max_pool.cpp:94:17) to (src/yolo_max_pool.cpp:117:5) in function 'yolo_max_pool_top'... converting 4 basic blocks.
INFO: [XFORM 203-602] Inlining function 'slide_window' into 'yolo_max_pool_top' (src/yolo_max_pool.cpp:94) automatically.
INFO: [HLS 200-111] Finished Pre-synthesis Time (s): cpu = 00:01:04 ; elapsed = 00:01:07 . Memory (MB): peak = 929.453 ; gain = 522.879 ; free physical = 1847 ; free virtual = 14714
INFO: [XFORM 203-541] Flattening a loop nest 'Loop-5.1.1.1' (src/yolo_max_pool.cpp:36:23) in function 'yolo_max_pool_top'.
INFO: [XFORM 203-541] Flattening a loop nest 'Loop-5.1.1' (src/yolo_max_pool.cpp:33:20) in function 'yolo_max_pool_top'.
INFO: [XFORM 203-541] Flattening a loop nest 'Loop-5.1' (src/yolo_max_pool.cpp:30:23) in function 'yolo_max_pool_top'.
INFO: [XFORM 203-541] Flattening a loop nest 'Loop-5' (src/yolo_max_pool.cpp:27:20) in function 'yolo_max_pool_top'.
WARNING: [ANALYSIS 214-52] Found false inter dependency for variable 'line_buff_group_0.va' (src/yolo_max_pool.cpp:19).
WARNING: [ANALYSIS 214-52] Found false intra dependency for variable 'line_buff_group_0.va' (src/yolo_max_pool.cpp:19).
WARNING: [ANALYSIS 214-52] Found false inter dependency for variable 'line_buff_group_1.va' (src/yolo_max_pool.cpp:20).
WARNING: [ANALYSIS 214-52] Found false intra dependency for variable 'line_buff_group_1.va' (src/yolo_max_pool.cpp:20).
WARNING: [ANALYSIS 214-52] Found false inter dependency for variable 'line_buff_group_2.va' (src/yolo_max_pool.cpp:21).
WARNING: [ANALYSIS 214-52] Found false intra dependency for variable 'line_buff_group_2.va' (src/yolo_max_pool.cpp:21).
WARNING: [ANALYSIS 214-52] Found false inter dependency for variable 'line_buff_group_3.va' (src/yolo_max_pool.cpp:22).
WARNING: [ANALYSIS 214-52] Found false intra dependency for variable 'line_buff_group_3.va' (src/yolo_max_pool.cpp:22).
INFO: [HLS 200-472] Inferring partial write operation for 'line_buff_group_0.va' (/home/kal-thir/tools/Xilinx/Vivado/2019.2/common/technology/autopilot/hls/hls_video_mem.h:729:27)
INFO: [HLS 200-472] Inferring partial write operation for 'line_buff_group_0.va.1' (/home/kal-thir/tools/Xilinx/Vivado/2019.2/common/technology/autopilot/hls/hls_video_mem.h:765:5)
INFO: [HLS 200-472] Inferring partial write operation for 'line_buff_group_1.va' (/home/kal-thir/tools/Xilinx/Vivado/2019.2/common/technology/autopilot/hls/hls_video_mem.h:729:27)
INFO: [HLS 200-472] Inferring partial write operation for 'line_buff_group_1.va.1' (/home/kal-thir/tools/Xilinx/Vivado/2019.2/common/technology/autopilot/hls/hls_video_mem.h:765:5)
INFO: [HLS 200-472] Inferring partial write operation for 'line_buff_group_2.va' (/home/kal-thir/tools/Xilinx/Vivado/2019.2/common/technology/autopilot/hls/hls_video_mem.h:729:27)
INFO: [HLS 200-472] Inferring partial write operation for 'line_buff_group_2.va.1' (/home/kal-thir/tools/Xilinx/Vivado/2019.2/common/technology/autopilot/hls/hls_video_mem.h:765:5)
INFO: [HLS 200-472] Inferring partial write operation for 'line_buff_group_3.va' (/home/kal-thir/tools/Xilinx/Vivado/2019.2/common/technology/autopilot/hls/hls_video_mem.h:729:27)
INFO: [HLS 200-472] Inferring partial write operation for 'line_buff_group_3.va.1' (/home/kal-thir/tools/Xilinx/Vivado/2019.2/common/technology/autopilot/hls/hls_video_mem.h:765:5)
INFO: [HLS 200-111] Finished Architecture Synthesis Time (s): cpu = 00:01:05 ; elapsed = 00:01:08 . Memory (MB): peak = 929.453 ; gain = 522.879 ; free physical = 1827 ; free virtual = 14696
INFO: [HLS 200-10] Starting hardware synthesis ...
INFO: [HLS 200-10] Synthesizing 'yolo_max_pool_top' ...
INFO: [HLS 200-10] ----------------------------------------------------------------
INFO: [HLS 200-42] -- Implementing module 'window_max_pool' 
INFO: [HLS 200-10] ----------------------------------------------------------------
INFO: [SCHED 204-11] Starting scheduling ...
INFO: [SCHED 204-61] Pipelining function 'window_max_pool'.
INFO: [SCHED 204-61] Pipelining result : Target II = 1, Final II = 1, Depth = 2.
INFO: [SCHED 204-11] Finished scheduling.
INFO: [HLS 200-111]  Elapsed time: 67.95 seconds; current allocated memory: 242.318 MB.
INFO: [BIND 205-100] Starting micro-architecture generation ...
INFO: [BIND 205-101] Performing variable lifetime analysis.
INFO: [BIND 205-101] Exploring resource sharing.
INFO: [BIND 205-101] Binding ...
INFO: [BIND 205-100] Finished micro-architecture generation.
INFO: [HLS 200-111]  Elapsed time: 0.01 seconds; current allocated memory: 242.385 MB.
INFO: [HLS 200-10] ----------------------------------------------------------------
INFO: [HLS 200-42] -- Implementing module 'write_output' 
INFO: [HLS 200-10] ----------------------------------------------------------------
INFO: [SCHED 204-11] Starting scheduling ...
INFO: [SCHED 204-61] Pipelining function 'write_output'.
INFO: [SCHED 204-61] Pipelining result : Target II = 1, Final II = 1, Depth = 1.
INFO: [SCHED 204-11] Finished scheduling.
INFO: [HLS 200-111]  Elapsed time: 0.04 seconds; current allocated memory: 242.470 MB.
INFO: [BIND 205-100] Starting micro-architecture generation ...
INFO: [BIND 205-101] Performing variable lifetime analysis.
INFO: [BIND 205-101] Exploring resource sharing.
INFO: [BIND 205-101] Binding ...
INFO: [BIND 205-100] Finished micro-architecture generation.
INFO: [HLS 200-111]  Elapsed time: 0.01 seconds; current allocated memory: 242.578 MB.
INFO: [HLS 200-10] ----------------------------------------------------------------
INFO: [HLS 200-42] -- Implementing module 'yolo_max_pool_top' 
INFO: [HLS 200-10] ----------------------------------------------------------------
INFO: [SCHED 204-11] Starting scheduling ...
INFO: [SCHED 204-61] Pipelining loop 'Loop 5'.
WARNING: [SCHED 204-69] Unable to satisfy resource constraint for function 'window_max_pool' (II = 1)..
INFO: [SCHED 204-61] Pipelining result : Target II = 1, Final II = 2, Depth = 10.
INFO: [SCHED 204-11] Finished scheduling.
INFO: [HLS 200-111]  Elapsed time: 0.26 seconds; current allocated memory: 243.779 MB.
INFO: [BIND 205-100] Starting micro-architecture generation ...
INFO: [BIND 205-101] Performing variable lifetime analysis.
INFO: [BIND 205-101] Exploring resource sharing.
INFO: [BIND 205-101] Binding ...
INFO: [BIND 205-100] Starting global binding ...
INFO: [BIND 205-100] Finished micro-architecture generation.
INFO: [HLS 200-111]  Elapsed time: 0.21 seconds; current allocated memory: 245.410 MB.
INFO: [HLS 200-10] ----------------------------------------------------------------
INFO: [HLS 200-10] -- Generating RTL for module 'window_max_pool' 
INFO: [HLS 200-10] ----------------------------------------------------------------
INFO: [RTGEN 206-100] Finished creating RTL model for 'window_max_pool'.
INFO: [HLS 200-111]  Elapsed time: 0.26 seconds; current allocated memory: 245.766 MB.
INFO: [HLS 200-10] ----------------------------------------------------------------
INFO: [HLS 200-10] -- Generating RTL for module 'write_output' 
INFO: [HLS 200-10] ----------------------------------------------------------------
INFO: [RTGEN 206-100] Finished creating RTL model for 'write_output'.
INFO: [HLS 200-111]  Elapsed time: 0.04 seconds; current allocated memory: 246.279 MB.
INFO: [HLS 200-10] ----------------------------------------------------------------
INFO: [HLS 200-10] -- Generating RTL for module 'yolo_max_pool_top' 
INFO: [HLS 200-10] ----------------------------------------------------------------
INFO: [RTGEN 206-500] Setting interface mode on port 'yolo_max_pool_top/inStream_V_data' to 'axis' (register, both mode).
INFO: [RTGEN 206-500] Setting interface mode on port 'yolo_max_pool_top/inStream_V_keep_V' to 'axis' (register, both mode).
INFO: [RTGEN 206-500] Setting interface mode on port 'yolo_max_pool_top/inStream_V_strb_V' to 'axis' (register, both mode).
INFO: [RTGEN 206-500] Setting interface mode on port 'yolo_max_pool_top/inStream_V_user_V' to 'axis' (register, both mode).
INFO: [RTGEN 206-500] Setting interface mode on port 'yolo_max_pool_top/inStream_V_last_V' to 'axis' (register, both mode).
INFO: [RTGEN 206-500] Setting interface mode on port 'yolo_max_pool_top/inStream_V_id_V' to 'axis' (register, both mode).
INFO: [RTGEN 206-500] Setting interface mode on port 'yolo_max_pool_top/inStream_V_dest_V' to 'axis' (register, both mode).
INFO: [RTGEN 206-500] Setting interface mode on port 'yolo_max_pool_top/outStream_V_data' to 'axis' (register, both mode).
==============================================================
Vivado(TM) HLS - High-Level Synthesis from C, C++ and SystemC v2019.2 (64-bit)
Copyright 1986-2019 Xilinx, Inc. All Rights Reserved.
==============================================================
INFO: [HLS 200-10] Setting target device to 'xc7z020-clg484-1'
INFO: [SYN 201-201] Setting up clock 'default' with a period of 10ns.
INFO: [SIM 211-2] *************** CSIM start ***************
INFO: [SIM 211-4] CSIM will launch GCC as the compiler.
INFO: [SIM 211-1] CSim done with 0 errors.
INFO: [SIM 211-3] *************** CSIM finish ***************
INFO: [SCHED 204-61] Option 'relax_ii_for_timing' is enabled, will increase II to preserve clock frequency constraints.
INFO: [HLS 200-10] Analyzing design file 'src/yolo_max_pool.cpp' ... 
INFO: [HLS 200-111] Finished Linking Time (s): cpu = 00:01:06 ; elapsed = 00:01:09 . Memory (MB): peak = 863.609 ; gain = 457.035 ; free physical = 1995 ; free virtual = 14862
INFO: [HLS 200-111] Finished Checking Pragmas Time (s): cpu = 00:01:06 ; elapsed = 00:01:09 . Memory (MB): peak = 863.609 ; gain = 457.035 ; free physical = 1995 ; free virtual = 14862
INFO: [HLS 200-10] Starting code transformations ...
INFO: [HLS 200-489] Unrolling loop 'Loop-1' (/home/kal-thir/tools/Xilinx/Vivado/2019.2/common/technology/autopilot/hls/hls_video_mem.h:727) in function 'hls::LineBuffer<2, 418, ap_fixed<16, 8, (ap_q_mode)4, (ap_o_mode)0, 0>, 0>::shift_pixels_up(int)' completely with a factor of 1.
INFO: [XFORM 203-603] Inlining function 'hls::LineBuffer<2, 418, ap_fixed<16, 8, (ap_q_mode)4, (ap_o_mode)0, 0>, 0>::shift_pixels_up' into 'hls::LineBuffer<2, 418, ap_fixed<16, 8, (ap_q_mode)4, (ap_o_mode)0, 0>, 0>::shift_up' (/home/kal-thir/tools/Xilinx/Vivado/2019.2/common/technology/autopilot/hls/hls_video_mem.h:863).
INFO: [XFORM 203-603] Inlining function 'hls::LineBuffer<2, 418, ap_fixed<16, 8, (ap_q_mode)4, (ap_o_mode)0, 0>, 0>::shift_up' into 'yolo_line_buffer' (src/yolo_max_pool.cpp:131).
INFO: [XFORM 203-603] Inlining function 'hls::LineBuffer<2, 418, ap_fixed<16, 8, (ap_q_mode)4, (ap_o_mode)0, 0>, 0>::insert_bottom_row' into 'hls::LineBuffer<2, 418, ap_fixed<16, 8, (ap_q_mode)4, (ap_o_mode)0, 0>, 0>::insert_top' (/home/kal-thir/tools/Xilinx/Vivado/2019.2/common/technology/autopilot/hls/hls_video_mem.h:883).
INFO: [XFORM 203-603] Inlining function 'hls::LineBuffer<2, 418, ap_fixed<16, 8, (ap_q_mode)4, (ap_o_mode)0, 0>, 0>::insert_top' into 'yolo_line_buffer' (src/yolo_max_pool.cpp:132).
INFO: [XFORM 203-603] Inlining function 'hls::LineBuffer<2, 418, ap_fixed<16, 8, (ap_q_mode)4, (ap_o_mode)0, 0>, 0>::getval' into 'slide_window' (src/yolo_max_pool.cpp:144).
INFO: [XFORM 203-603] Inlining function 'hls::Window<2, 2, ap_fixed<16, 8, (ap_q_mode)4, (ap_o_mode)0, 0> >::insert_pixel' into 'hls::Window<2, 2, ap_fixed<16, 8, (ap_q_mode)4, (ap_o_mode)0, 0> >::insert' (/home/kal-thir/tools/Xilinx/Vivado/2019.2/common/technology/autopilot/hls/hls_video_mem.h:573).
INFO: [XFORM 203-603] Inlining function 'hls::Window<2, 2, ap_fixed<16, 8, (ap_q_mode)4, (ap_o_mode)0, 0> >::insert' into 'slide_window' (src/yolo_max_pool.cpp:145).
INFO: [XFORM 203-603] Inlining function 'hls::Window<2, 2, ap_fixed<16, 8, (ap_q_mode)4, (ap_o_mode)0, 0> >::getval' into 'window_max_pool' (src/yolo_max_pool.cpp:159).
INFO: [HLS 200-111] Finished Standard Transforms Time (s): cpu = 00:01:07 ; elapsed = 00:01:11 . Memory (MB): peak = 929.418 ; gain = 522.844 ; free physical = 2045 ; free virtual = 14936
INFO: [HLS 200-10] Checking synthesizability ...
INFO: [HLS 200-111] Finished Checking Synthesizability Time (s): cpu = 00:01:08 ; elapsed = 00:01:11 . Memory (MB): peak = 929.418 ; gain = 522.844 ; free physical = 2012 ; free virtual = 14906
INFO: [XFORM 203-1101] Packing variable 'outStream.V.data' (src/yolo_max_pool.cpp:4) into a 64-bit variable.
INFO: [XFORM 203-1101] Packing variable 'inStream.V.data' (src/yolo_max_pool.cpp:4) into a 64-bit variable.
INFO: [XFORM 203-502] Unrolling all sub-loops inside loop 'Loop-5.1.1.1.1' (src/yolo_max_pool.cpp:39) in function 'yolo_max_pool_top' for pipelining.
INFO: [XFORM 203-502] Unrolling all loops for pipelining in function 'window_max_pool' (src/yolo_max_pool.cpp:152).
INFO: [XFORM 203-502] Unrolling all loops for pipelining in function 'slide_window' (src/yolo_max_pool.cpp:136).
INFO: [HLS 200-489] Unrolling loop 'Loop-5.1.1.1.1.1' (/home/kal-thir/tools/Xilinx/Vivado/2019.2/common/technology/autopilot/hls/hls_video_mem.h:49) in function 'yolo_max_pool_top' completely with a factor of 2.
INFO: [HLS 200-489] Unrolling loop 'Loop-5.1.1.1.1.1.1' (/home/kal-thir/tools/Xilinx/Vivado/2019.2/common/technology/autopilot/hls/hls_video_mem.h:49) in function 'yolo_max_pool_top' completely with a factor of 2.
INFO: [HLS 200-489] Unrolling loop 'Loop-5.1.1.1.1.2' (/home/kal-thir/tools/Xilinx/Vivado/2019.2/common/technology/autopilot/hls/hls_video_mem.h:49) in function 'yolo_max_pool_top' completely with a factor of 2.
INFO: [HLS 200-489] Unrolling loop 'Loop-5.1.1.1.1.2.1' (/home/kal-thir/tools/Xilinx/Vivado/2019.2/common/technology/autopilot/hls/hls_video_mem.h:49) in function 'yolo_max_pool_top' completely with a factor of 2.
INFO: [HLS 200-489] Unrolling loop 'Loop-5.1.1.1.1.3' (/home/kal-thir/tools/Xilinx/Vivado/2019.2/common/technology/autopilot/hls/hls_video_mem.h:49) in function 'yolo_max_pool_top' completely with a factor of 2.
INFO: [HLS 200-489] Unrolling loop 'Loop-5.1.1.1.1.3.1' (/home/kal-thir/tools/Xilinx/Vivado/2019.2/common/technology/autopilot/hls/hls_video_mem.h:49) in function 'yolo_max_pool_top' completely with a factor of 2.
INFO: [HLS 200-489] Unrolling loop 'Loop-5.1.1.1.1.4' (/home/kal-thir/tools/Xilinx/Vivado/2019.2/common/technology/autopilot/hls/hls_video_mem.h:49) in function 'yolo_max_pool_top' completely with a factor of 2.
INFO: [HLS 200-489] Unrolling loop 'Loop-5.1.1.1.1.4.1' (/home/kal-thir/tools/Xilinx/Vivado/2019.2/common/technology/autopilot/hls/hls_video_mem.h:49) in function 'yolo_max_pool_top' completely with a factor of 2.
INFO: [HLS 200-489] Unrolling loop 'Loop-1' (src/yolo_max_pool.cpp:155) in function 'window_max_pool' completely with a factor of 2.
INFO: [HLS 200-489] Unrolling loop 'Loop-1.1' (src/yolo_max_pool.cpp:157) in function 'window_max_pool' completely with a factor of 2.
INFO: [HLS 200-489] Unrolling loop 'Loop-1' (src/yolo_max_pool.cpp:140) in function 'slide_window' completely with a factor of 2.
INFO: [HLS 200-489] Unrolling loop 'Loop-1.1' (src/yolo_max_pool.cpp:142) in function 'slide_window' completely with a factor of 2.
INFO: [XFORM 203-102] Partitioning array 'window.val.V.0' automatically.
INFO: [XFORM 203-102] Partitioning array 'window.val.V.1' automatically.
INFO: [XFORM 203-101] Partitioning array 'line_buff_group_0.val.V' (src/yolo_max_pool.cpp:19) in dimension 2 completely.
INFO: [XFORM 203-101] Partitioning array 'line_buff_group_1.val.V' (src/yolo_max_pool.cpp:20) in dimension 2 completely.
INFO: [XFORM 203-101] Partitioning array 'line_buff_group_2.val.V' (src/yolo_max_pool.cpp:21) in dimension 2 completely.
INFO: [XFORM 203-101] Partitioning array 'line_buff_group_3.val.V' (src/yolo_max_pool.cpp:22) in dimension 2 completely.
INFO: [XFORM 203-101] Partitioning array 'window_0.val.V' (src/yolo_max_pool.cpp:84) in dimension 1 completely.
INFO: [XFORM 203-101] Partitioning array 'window_1.val.V' (src/yolo_max_pool.cpp:85) in dimension 1 completely.
INFO: [XFORM 203-101] Partitioning array 'window_2.val.V' (src/yolo_max_pool.cpp:86) in dimension 1 completely.
INFO: [XFORM 203-101] Partitioning array 'window_3.val.V' (src/yolo_max_pool.cpp:87) in dimension 1 completely.
INFO: [XFORM 203-101] Partitioning array 'window_0.val.V' (src/yolo_max_pool.cpp:84) in dimension 2 completely.
INFO: [XFORM 203-101] Partitioning array 'window_1.val.V' (src/yolo_max_pool.cpp:85) in dimension 2 completely.
INFO: [XFORM 203-101] Partitioning array 'window_2.val.V' (src/yolo_max_pool.cpp:86) in dimension 2 completely.
INFO: [XFORM 203-101] Partitioning array 'window_3.val.V' (src/yolo_max_pool.cpp:87) in dimension 2 completely.
INFO: [XFORM 203-602] Inlining function 'yolo_line_buffer' into 'yolo_max_pool_top' (src/yolo_max_pool.cpp:76) automatically.
INFO: [XFORM 203-401] Performing if-conversion on hyperblock from (src/yolo_max_pool.cpp:94:17) to (src/yolo_max_pool.cpp:117:5) in function 'yolo_max_pool_top'... converting 4 basic blocks.
INFO: [XFORM 203-602] Inlining function 'slide_window' into 'yolo_max_pool_top' (src/yolo_max_pool.cpp:94) automatically.
INFO: [HLS 200-111] Finished Pre-synthesis Time (s): cpu = 00:01:08 ; elapsed = 00:01:12 . Memory (MB): peak = 929.453 ; gain = 522.879 ; free physical = 1946 ; free virtual = 14846
INFO: [XFORM 203-541] Flattening a loop nest 'Loop-5.1.1.1' (src/yolo_max_pool.cpp:36:23) in function 'yolo_max_pool_top'.
INFO: [XFORM 203-541] Flattening a loop nest 'Loop-5.1.1' (src/yolo_max_pool.cpp:33:20) in function 'yolo_max_pool_top'.
INFO: [XFORM 203-541] Flattening a loop nest 'Loop-5.1' (src/yolo_max_pool.cpp:30:23) in function 'yolo_max_pool_top'.
INFO: [XFORM 203-541] Flattening a loop nest 'Loop-5' (src/yolo_max_pool.cpp:27:20) in function 'yolo_max_pool_top'.
WARNING: [ANALYSIS 214-52] Found false inter dependency for variable 'line_buff_group_0.va' (src/yolo_max_pool.cpp:19).
WARNING: [ANALYSIS 214-52] Found false intra dependency for variable 'line_buff_group_0.va' (src/yolo_max_pool.cpp:19).
WARNING: [ANALYSIS 214-52] Found false inter dependency for variable 'line_buff_group_1.va' (src/yolo_max_pool.cpp:20).
WARNING: [ANALYSIS 214-52] Found false intra dependency for variable 'line_buff_group_1.va' (src/yolo_max_pool.cpp:20).
WARNING: [ANALYSIS 214-52] Found false inter dependency for variable 'line_buff_group_2.va' (src/yolo_max_pool.cpp:21).
WARNING: [ANALYSIS 214-52] Found false intra dependency for variable 'line_buff_group_2.va' (src/yolo_max_pool.cpp:21).
WARNING: [ANALYSIS 214-52] Found false inter dependency for variable 'line_buff_group_3.va' (src/yolo_max_pool.cpp:22).
WARNING: [ANALYSIS 214-52] Found false intra dependency for variable 'line_buff_group_3.va' (src/yolo_max_pool.cpp:22).
INFO: [HLS 200-472] Inferring partial write operation for 'line_buff_group_0.va' (/home/kal-thir/tools/Xilinx/Vivado/2019.2/common/technology/autopilot/hls/hls_video_mem.h:729:27)
INFO: [HLS 200-472] Inferring partial write operation for 'line_buff_group_0.va.1' (/home/kal-thir/tools/Xilinx/Vivado/2019.2/common/technology/autopilot/hls/hls_video_mem.h:765:5)
INFO: [HLS 200-472] Inferring partial write operation for 'line_buff_group_1.va' (/home/kal-thir/tools/Xilinx/Vivado/2019.2/common/technology/autopilot/hls/hls_video_mem.h:729:27)
INFO: [HLS 200-472] Inferring partial write operation for 'line_buff_group_1.va.1' (/home/kal-thir/tools/Xilinx/Vivado/2019.2/common/technology/autopilot/hls/hls_video_mem.h:765:5)
INFO: [HLS 200-472] Inferring partial write operation for 'line_buff_group_2.va' (/home/kal-thir/tools/Xilinx/Vivado/2019.2/common/technology/autopilot/hls/hls_video_mem.h:729:27)
INFO: [HLS 200-472] Inferring partial write operation for 'line_buff_group_2.va.1' (/home/kal-thir/tools/Xilinx/Vivado/2019.2/common/technology/autopilot/hls/hls_video_mem.h:765:5)
INFO: [HLS 200-472] Inferring partial write operation for 'line_buff_group_3.va' (/home/kal-thir/tools/Xilinx/Vivado/2019.2/common/technology/autopilot/hls/hls_video_mem.h:729:27)
INFO: [HLS 200-472] Inferring partial write operation for 'line_buff_group_3.va.1' (/home/kal-thir/tools/Xilinx/Vivado/2019.2/common/technology/autopilot/hls/hls_video_mem.h:765:5)
INFO: [HLS 200-111] Finished Architecture Synthesis Time (s): cpu = 00:01:09 ; elapsed = 00:01:13 . Memory (MB): peak = 929.453 ; gain = 522.879 ; free physical = 1921 ; free virtual = 14824
INFO: [HLS 200-10] Starting hardware synthesis ...
INFO: [HLS 200-10] Synthesizing 'yolo_max_pool_top' ...
INFO: [HLS 200-10] ----------------------------------------------------------------
INFO: [HLS 200-42] -- Implementing module 'window_max_pool' 
INFO: [HLS 200-10] ----------------------------------------------------------------
INFO: [SCHED 204-11] Starting scheduling ...
INFO: [SCHED 204-61] Pipelining function 'window_max_pool'.
INFO: [SCHED 204-61] Pipelining result : Target II = 1, Final II = 1, Depth = 2.
INFO: [SCHED 204-11] Finished scheduling.
INFO: [HLS 200-111]  Elapsed time: 72.73 seconds; current allocated memory: 242.320 MB.
INFO: [BIND 205-100] Starting micro-architecture generation ...
INFO: [BIND 205-101] Performing variable lifetime analysis.
INFO: [BIND 205-101] Exploring resource sharing.
INFO: [BIND 205-101] Binding ...
INFO: [BIND 205-100] Finished micro-architecture generation.
INFO: [HLS 200-111]  Elapsed time: 0.01 seconds; current allocated memory: 242.387 MB.
INFO: [HLS 200-10] ----------------------------------------------------------------
INFO: [HLS 200-42] -- Implementing module 'write_output' 
INFO: [HLS 200-10] ----------------------------------------------------------------
INFO: [SCHED 204-11] Starting scheduling ...
INFO: [SCHED 204-61] Pipelining function 'write_output'.
INFO: [SCHED 204-61] Pipelining result : Target II = 1, Final II = 1, Depth = 1.
INFO: [SCHED 204-11] Finished scheduling.
INFO: [HLS 200-111]  Elapsed time: 0.02 seconds; current allocated memory: 242.471 MB.
INFO: [BIND 205-100] Starting micro-architecture generation ...
INFO: [BIND 205-101] Performing variable lifetime analysis.
INFO: [BIND 205-101] Exploring resource sharing.
INFO: [BIND 205-101] Binding ...
INFO: [BIND 205-100] Finished micro-architecture generation.
INFO: [HLS 200-111]  Elapsed time: 0.01 seconds; current allocated memory: 242.579 MB.
INFO: [HLS 200-10] ----------------------------------------------------------------
INFO: [HLS 200-42] -- Implementing module 'yolo_max_pool_top' 
INFO: [HLS 200-10] ----------------------------------------------------------------
INFO: [SCHED 204-11] Starting scheduling ...
INFO: [SCHED 204-61] Pipelining loop 'Loop 5'.
WARNING: [SCHED 204-69] Unable to satisfy resource constraint for function 'window_max_pool' (II = 1)..
INFO: [SCHED 204-61] Pipelining result : Target II = 1, Final II = 2, Depth = 10.
INFO: [SCHED 204-11] Finished scheduling.
INFO: [HLS 200-111]  Elapsed time: 0.27 seconds; current allocated memory: 243.782 MB.
INFO: [BIND 205-100] Starting micro-architecture generation ...
INFO: [BIND 205-101] Performing variable lifetime analysis.
INFO: [BIND 205-101] Exploring resource sharing.
INFO: [BIND 205-101] Binding ...
INFO: [BIND 205-100] Starting global binding ...
INFO: [BIND 205-100] Finished micro-architecture generation.
INFO: [HLS 200-111]  Elapsed time: 0.22 seconds; current allocated memory: 245.411 MB.
INFO: [HLS 200-10] ----------------------------------------------------------------
INFO: [HLS 200-10] -- Generating RTL for module 'window_max_pool' 
INFO: [HLS 200-10] ----------------------------------------------------------------
INFO: [RTGEN 206-100] Finished creating RTL model for 'window_max_pool'.
INFO: [HLS 200-111]  Elapsed time: 0.27 seconds; current allocated memory: 245.767 MB.
INFO: [HLS 200-10] ----------------------------------------------------------------
INFO: [HLS 200-10] -- Generating RTL for module 'write_output' 
INFO: [HLS 200-10] ----------------------------------------------------------------
INFO: [RTGEN 206-100] Finished creating RTL model for 'write_output'.
INFO: [HLS 200-111]  Elapsed time: 0.03 seconds; current allocated memory: 246.279 MB.
INFO: [HLS 200-10] ----------------------------------------------------------------
INFO: [HLS 200-10] -- Generating RTL for module 'yolo_max_pool_top' 
INFO: [HLS 200-10] ----------------------------------------------------------------
INFO: [RTGEN 206-500] Setting interface mode on port 'yolo_max_pool_top/inStream_V_data' to 'axis' (register, both mode).
INFO: [RTGEN 206-500] Setting interface mode on port 'yolo_max_pool_top/inStream_V_keep_V' to 'axis' (register, both mode).
INFO: [RTGEN 206-500] Setting interface mode on port 'yolo_max_pool_top/inStream_V_strb_V' to 'axis' (register, both mode).
INFO: [RTGEN 206-500] Setting interface mode on port 'yolo_max_pool_top/inStream_V_user_V' to 'axis' (register, both mode).
INFO: [RTGEN 206-500] Setting interface mode on port 'yolo_max_pool_top/inStream_V_last_V' to 'axis' (register, both mode).
INFO: [RTGEN 206-500] Setting interface mode on port 'yolo_max_pool_top/inStream_V_id_V' to 'axis' (register, both mode).
INFO: [RTGEN 206-500] Setting interface mode on port 'yolo_max_pool_top/inStream_V_dest_V' to 'axis' (register, both mode).
INFO: [RTGEN 206-500] Setting interface mode on port 'yolo_max_pool_top/outStream_V_data' to 'axis' (register, both mode).
