INFO: [XSIM 43-3496] Using init file passed via -initfile option "/home/kal-thir/tools/Xilinx/Vivado/2019.2/data/xsim/ip/xsim_ip.ini".
Vivado Simulator 2019.2
Copyright 1986-1999, 2001-2019 Xilinx, Inc. All Rights Reserved.
Running: /home/kal-thir/tools/Xilinx/Vivado/2019.2/bin/unwrapped/lnx64.o/xelab xil_defaultlib.apatb_yolo_acc_top_top glbl -prj yolo_acc_top.prj -L smartconnect_v1_0 -L axi_protocol_checker_v1_1_12 -L axi_protocol_checker_v1_1_13 -L axis_protocol_checker_v1_1_11 -L axis_protocol_checker_v1_1_12 -L xil_defaultlib -L unisims_ver -L xpm --initfile /home/kal-thir/tools/Xilinx/Vivado/2019.2/data/xsim/ip/xsim_ip.ini --lib ieee_proposed=./ieee_proposed -s yolo_acc_top 
Multi-threading is on. Using 10 slave threads.
WARNING: [XSIM 43-3431] One or more environment variables have been detected which affect the operation of the C compiler. These are typically not set in standard installations and are not tested by Xilinx, however they may be appropriate for your system, so the flow will attempt to continue.  If errors occur, try running xelab with the "-mt off -v 1" switches to see more information from the C compiler. The following environment variables have been detected:
    LIBRARY_PATH
INFO: [VRFC 10-2263] Analyzing SystemVerilog file "/home/kal-thir/Downloads/Tiny_YOLO_v3_ZYNQ/code/hls/yolo_acc/yolo_acc_prj/solution1/sim/verilog/glbl.v" into library work
INFO: [VRFC 10-311] analyzing module glbl
INFO: [VRFC 10-2263] Analyzing SystemVerilog file "/home/kal-thir/Downloads/Tiny_YOLO_v3_ZYNQ/code/hls/yolo_acc/yolo_acc_prj/solution1/sim/verilog/AESL_axi_s_inStream_b.v" into library xil_defaultlib
INFO: [VRFC 10-311] analyzing module AESL_axi_s_inStream_b
INFO: [VRFC 10-2263] Analyzing SystemVerilog file "/home/kal-thir/Downloads/Tiny_YOLO_v3_ZYNQ/code/hls/yolo_acc/yolo_acc_prj/solution1/sim/verilog/yolo_acc_top_CTRL_BUS_s_axi.v" into library xil_defaultlib
INFO: [VRFC 10-311] analyzing module yolo_acc_top_CTRL_BUS_s_axi
INFO: [VRFC 10-2263] Analyzing SystemVerilog file "/home/kal-thir/Downloads/Tiny_YOLO_v3_ZYNQ/code/hls/yolo_acc/yolo_acc_prj/solution1/sim/verilog/yolo_acc_top.v" into library xil_defaultlib
INFO: [VRFC 10-311] analyzing module yolo_acc_top
INFO: [VRFC 10-2263] Analyzing SystemVerilog file "/home/kal-thir/Downloads/Tiny_YOLO_v3_ZYNQ/code/hls/yolo_acc/yolo_acc_prj/solution1/sim/verilog/AESL_fifo.v" into library xil_defaultlib
INFO: [VRFC 10-311] analyzing module fifo
INFO: [VRFC 10-2263] Analyzing SystemVerilog file "/home/kal-thir/Downloads/Tiny_YOLO_v3_ZYNQ/code/hls/yolo_acc/yolo_acc_prj/solution1/sim/verilog/regslice_core.v" into library xil_defaultlib
INFO: [VRFC 10-311] analyzing module regslice_both
INFO: [VRFC 10-311] analyzing module regslice_forward
INFO: [VRFC 10-311] analyzing module regslice_reverse
INFO: [VRFC 10-311] analyzing module regslice_both_w1
INFO: [VRFC 10-311] analyzing module regslice_forward_w1
INFO: [VRFC 10-311] analyzing module regslice_reverse_w1
INFO: [VRFC 10-311] analyzing module ibuf
INFO: [VRFC 10-311] analyzing module obuf
INFO: [VRFC 10-2263] Analyzing SystemVerilog file "/home/kal-thir/Downloads/Tiny_YOLO_v3_ZYNQ/code/hls/yolo_acc/yolo_acc_prj/solution1/sim/verilog/yolo_acc_top_mul_bkb.v" into library xil_defaultlib
INFO: [VRFC 10-311] analyzing module yolo_acc_top_mul_bkb_DSP48_0
INFO: [VRFC 10-311] analyzing module yolo_acc_top_mul_bkb
INFO: [VRFC 10-2263] Analyzing SystemVerilog file "/home/kal-thir/Downloads/Tiny_YOLO_v3_ZYNQ/code/hls/yolo_acc/yolo_acc_prj/solution1/sim/verilog/AESL_axi_s_outStream.v" into library xil_defaultlib
INFO: [VRFC 10-311] analyzing module AESL_axi_s_outStream
INFO: [VRFC 10-2263] Analyzing SystemVerilog file "/home/kal-thir/Downloads/Tiny_YOLO_v3_ZYNQ/code/hls/yolo_acc/yolo_acc_prj/solution1/sim/verilog/AESL_axi_slave_CTRL_BUS.v" into library xil_defaultlib
INFO: [VRFC 10-311] analyzing module AESL_axi_slave_CTRL_BUS
INFO: [VRFC 10-2263] Analyzing SystemVerilog file "/home/kal-thir/Downloads/Tiny_YOLO_v3_ZYNQ/code/hls/yolo_acc/yolo_acc_prj/solution1/sim/verilog/yolo_acc_top_kerncud.v" into library xil_defaultlib
INFO: [VRFC 10-311] analyzing module yolo_acc_top_kerncud_ram
INFO: [VRFC 10-311] analyzing module yolo_acc_top_kerncud
INFO: [VRFC 10-2263] Analyzing SystemVerilog file "/home/kal-thir/Downloads/Tiny_YOLO_v3_ZYNQ/code/hls/yolo_acc/yolo_acc_prj/solution1/sim/verilog/yolo_acc_top_mul_dEe.v" into library xil_defaultlib
INFO: [VRFC 10-311] analyzing module yolo_acc_top_mul_dEe_DSP48_1
INFO: [VRFC 10-311] analyzing module yolo_acc_top_mul_dEe
INFO: [VRFC 10-2263] Analyzing SystemVerilog file "/home/kal-thir/Downloads/Tiny_YOLO_v3_ZYNQ/code/hls/yolo_acc/yolo_acc_prj/solution1/sim/verilog/post_process_unit.v" into library xil_defaultlib
INFO: [VRFC 10-311] analyzing module post_process_unit
INFO: [VRFC 10-2263] Analyzing SystemVerilog file "/home/kal-thir/Downloads/Tiny_YOLO_v3_ZYNQ/code/hls/yolo_acc/yolo_acc_prj/solution1/sim/verilog/AESL_axi_s_inStream_a.v" into library xil_defaultlib
INFO: [VRFC 10-311] analyzing module AESL_axi_s_inStream_a
INFO: [VRFC 10-2263] Analyzing SystemVerilog file "/home/kal-thir/Downloads/Tiny_YOLO_v3_ZYNQ/code/hls/yolo_acc/yolo_acc_prj/solution1/sim/verilog/yolo_acc_top.autotb.v" into library xil_defaultlib
INFO: [VRFC 10-311] analyzing module apatb_yolo_acc_top_top
Starting static elaboration
Pass Through NonSizing Optimizer
Completed static elaboration
Starting simulation data flow analysis
Completed simulation data flow analysis
Time Resolution for simulation is 1ps
Compiling module xil_defaultlib.yolo_acc_top_CTRL_BUS_s_axi
Compiling module xil_defaultlib.yolo_acc_top_kerncud_ram
Compiling module xil_defaultlib.yolo_acc_top_kerncud(DataWidth=1...
Compiling module xil_defaultlib.yolo_acc_top_mul_bkb_DSP48_0
Compiling module xil_defaultlib.yolo_acc_top_mul_bkb(ID=1,NUM_ST...
Compiling module xil_defaultlib.post_process_unit
Compiling module xil_defaultlib.yolo_acc_top_mul_dEe_DSP48_1
Compiling module xil_defaultlib.yolo_acc_top_mul_dEe(ID=1,NUM_ST...
Compiling module xil_defaultlib.ibuf(W=65)
Compiling module xil_defaultlib.obuf(W=65)
Compiling module xil_defaultlib.regslice_both(DataWidth=64)
Compiling module xil_defaultlib.ibuf(W=9)
Compiling module xil_defaultlib.obuf(W=9)
Compiling module xil_defaultlib.regslice_both(DataWidth=8)
Compiling module xil_defaultlib.ibuf(W=3)
Compiling module xil_defaultlib.obuf(W=3)
Compiling module xil_defaultlib.regslice_both(DataWidth=2)
Compiling module xil_defaultlib.ibuf(W=2)
Compiling module xil_defaultlib.obuf(W=2)
Compiling module xil_defaultlib.regslice_both(DataWidth=1)
Compiling module xil_defaultlib.ibuf(W=6)
Compiling module xil_defaultlib.obuf(W=6)
Compiling module xil_defaultlib.regslice_both(DataWidth=5)
Compiling module xil_defaultlib.ibuf(W=7)
Compiling module xil_defaultlib.obuf(W=7)
Compiling module xil_defaultlib.regslice_both(DataWidth=6)
Compiling module xil_defaultlib.yolo_acc_top
Compiling module xil_defaultlib.fifo(DEPTH=692224,WIDTH=64)
Compiling module xil_defaultlib.fifo(DEPTH=692224)
Compiling module xil_defaultlib.fifo(DEPTH=692224,WIDTH=2)
Compiling module xil_defaultlib.fifo(DEPTH=692224,WIDTH=1)
Compiling module xil_defaultlib.fifo(DEPTH=692224,WIDTH=5)
Compiling module xil_defaultlib.fifo(DEPTH=692224,WIDTH=6)
Compiling module xil_defaultlib.AESL_axi_s_inStream_a
Compiling module xil_defaultlib.fifo(DEPTH=692228,WIDTH=64)
Compiling module xil_defaultlib.fifo(DEPTH=692228)
Compiling module xil_defaultlib.fifo(DEPTH=692228,WIDTH=2)
Compiling module xil_defaultlib.fifo(DEPTH=692228,WIDTH=1)
Compiling module xil_defaultlib.fifo(DEPTH=692228,WIDTH=5)
Compiling module xil_defaultlib.fifo(DEPTH=692228,WIDTH=6)
Compiling module xil_defaultlib.AESL_axi_s_inStream_b
Compiling module xil_defaultlib.AESL_axi_s_outStream
Compiling module xil_defaultlib.AESL_axi_slave_CTRL_BUS
Compiling module xil_defaultlib.apatb_yolo_acc_top_top
Compiling module work.glbl
Built simulation snapshot yolo_acc_top

****** Webtalk v2019.2 (64-bit)
  **** SW Build 2708876 on Wed Nov  6 21:39:14 MST 2019
  **** IP Build 2700528 on Thu Nov  7 00:09:20 MST 2019
    ** Copyright 1986-2019 Xilinx, Inc. All Rights Reserved.

source /home/kal-thir/Downloads/Tiny_YOLO_v3_ZYNQ/code/hls/yolo_acc/yolo_acc_prj/solution1/sim/verilog/xsim.dir/yolo_acc_top/webtalk/xsim_webtalk.tcl -notrace
INFO: [Common 17-206] Exiting Webtalk at Sun Jan 25 20:15:16 2026...

****** xsim v2019.2 (64-bit)
  **** SW Build 2708876 on Wed Nov  6 21:39:14 MST 2019
  **** IP Build 2700528 on Thu Nov  7 00:09:20 MST 2019
    ** Copyright 1986-2019 Xilinx, Inc. All Rights Reserved.

source xsim.dir/yolo_acc_top/xsim_script.tcl
# xsim {yolo_acc_top} -autoloadwcfg -tclbatch {yolo_acc_top.tcl}
Vivado Simulator 2019.2
Time resolution is 1 ps
source yolo_acc_top.tcl
## run all
////////////////////////////////////////////////////////////////////////////////////
// Inter-Transaction Progress: Completed Transaction / Total Transaction
// Intra-Transaction Progress: Measured Latency / Latency Estimation * 100%
//
// RTL Simulation : "Inter-Transaction Progress" ["Intra-Transaction Progress"] @ "Simulation Time"
////////////////////////////////////////////////////////////////////////////////////
// RTL Simulation : 0 / 1 [0.00%] @ "125000"
// RTL Simulation : 1 / 1 [100.00%] @ "13845425000"
////////////////////////////////////////////////////////////////////////////////////
$finish called at time : 13845465 ns : File "/home/kal-thir/Downloads/Tiny_YOLO_v3_ZYNQ/code/hls/yolo_acc/yolo_acc_prj/solution1/sim/verilog/yolo_acc_top.autotb.v" Line 572
run: Time (s): cpu = 00:00:00.03 ; elapsed = 00:02:28 . Memory (MB): peak = 1444.418 ; gain = 0.000 ; free physical = 678 ; free virtual = 14188
## quit
INFO: [Common 17-206] Exiting xsim at Sun Jan 25 20:17:55 2026...
