

================================================================
== Vivado HLS Report for 'yolo_yolo_top'
================================================================
* Date:           Sun Jan 25 20:19:59 2026

* Version:        2019.2 (Build 2704478 on Wed Nov 06 22:10:23 MST 2019)
* Project:        yolo_yolo_prj
* Solution:       solution1
* Product family: zynq
* Target device:  xc7z020-clg484-1


================================================================
== Performance Estimates
================================================================
+ Timing: 
    * Summary: 
    +--------+----------+----------+------------+
    |  Clock |  Target  | Estimated| Uncertainty|
    +--------+----------+----------+------------+
    |ap_clk  | 10.00 ns | 8.750 ns |   1.25 ns  |
    +--------+----------+----------+------------+

+ Latency: 
    * Summary: 
    +---------+---------+-----------+-----------+------+------+---------+
    |  Latency (cycles) |   Latency (absolute)  |   Interval  | Pipeline|
    |   min   |   max   |    min    |    max    |  min |  max |   Type  |
    +---------+---------+-----------+-----------+------+------+---------+
    |     5440|     5440| 54.400 us | 54.400 us |  5440|  5440|   none  |
    +---------+---------+-----------+-----------+------+------+---------+

    + Detail: 
        * Instance: 
        +------------------------------+-------------------+---------+---------+----------+----------+-----+-----+----------+
        |                              |                   |  Latency (cycles) |  Latency (absolute) |  Interval | Pipeline |
        |           Instance           |       Module      |   min   |   max   |    min   |    max   | min | max |   Type   |
        +------------------------------+-------------------+---------+---------+----------+----------+-----+-----+----------+
        |grp_logistic_activate_fu_303  |logistic_activate  |       28|       28| 0.280 us | 0.280 us |    1|    1| function |
        +------------------------------+-------------------+---------+---------+----------+----------+-----+-----+----------+

        * Loop: 
        +----------+---------+---------+----------+-----------+-----------+------+----------+
        |          |  Latency (cycles) | Iteration|  Initiation Interval  | Trip |          |
        | Loop Name|   min   |   max   |  Latency |  achieved |   target  | Count| Pipelined|
        +----------+---------+---------+----------+-----------+-----------+------+----------+
        |- Loop 1  |     5438|     5438|        35|          4|          1|  1352|    yes   |
        +----------+---------+---------+----------+-----------+-----------+------+----------+



================================================================
== Utilization Estimates
================================================================
* Summary: 
+-----------------+---------+-------+--------+-------+-----+
|       Name      | BRAM_18K| DSP48E|   FF   |  LUT  | URAM|
+-----------------+---------+-------+--------+-------+-----+
|DSP              |        -|      -|       -|      -|    -|
|Expression       |        -|      0|       0|    933|    -|
|FIFO             |        -|      -|       -|      -|    -|
|Instance         |        0|      2|    1974|   1388|    -|
|Memory           |        -|      -|       -|      -|    -|
|Multiplexer      |        -|      -|       -|    227|    -|
|Register         |        0|      -|    1640|    352|    -|
+-----------------+---------+-------+--------+-------+-----+
|Total            |        0|      2|    3614|   2900|    0|
+-----------------+---------+-------+--------+-------+-----+
|Available        |      280|    220|  106400|  53200|    0|
+-----------------+---------+-------+--------+-------+-----+
|Utilization (%)  |        0|   ~0  |       3|      5|    0|
+-----------------+---------+-------+--------+-------+-----+

+ Detail: 
    * Instance: 
    +--------------------------------+------------------------------+---------+-------+------+------+-----+
    |            Instance            |            Module            | BRAM_18K| DSP48E|  FF  |  LUT | URAM|
    +--------------------------------+------------------------------+---------+-------+------+------+-----+
    |grp_logistic_activate_fu_303    |logistic_activate             |        0|      2|  1878|  1264|    0|
    |yolo_yolo_top_CTRL_BUS_s_axi_U  |yolo_yolo_top_CTRL_BUS_s_axi  |        0|      0|    96|   124|    0|
    +--------------------------------+------------------------------+---------+-------+------+------+-----+
    |Total                           |                              |        0|      2|  1974|  1388|    0|
    +--------------------------------+------------------------------+---------+-------+------+------+-----+

    * DSP48E: 
    N/A

    * Memory: 
    N/A

    * FIFO: 
    N/A

    * Expression: 
    +---------------------------------------+----------+-------+---+-----+------------+------------+
    |             Variable Name             | Operation| DSP48E| FF| LUT | Bitwidth P0| Bitwidth P1|
    +---------------------------------------+----------+-------+---+-----+------------+------------+
    |bound4_fu_381_p2                       |     *    |      0|  0|   41|           8|           5|
    |add_ln1354_1_fu_351_p2                 |     +    |      0|  0|   15|           2|           6|
    |add_ln1354_fu_341_p2                   |     +    |      0|  0|   15|           2|           6|
    |add_ln14_1_fu_441_p2                   |     +    |      0|  0|   15|           1|           5|
    |add_ln14_fu_422_p2                     |     +    |      0|  0|   17|          13|           1|
    |add_ln17_fu_589_p2                     |     +    |      0|  0|   15|           9|           1|
    |col_idx_fu_495_p2                      |     +    |      0|  0|   15|           1|           5|
    |input_ch_idx_fu_743_p2                 |     +    |      0|  0|   13|           4|           1|
    |and_ln1598_fu_489_p2                   |    and   |      0|  0|    2|           1|           1|
    |and_ln791_1_fu_669_p2                  |    and   |      0|  0|   32|          32|          32|
    |and_ln791_2_fu_695_p2                  |    and   |      0|  0|   32|          32|          32|
    |and_ln791_3_fu_732_p2                  |    and   |      0|  0|   32|          32|          32|
    |and_ln791_fu_560_p2                    |    and   |      0|  0|   29|          29|          29|
    |ap_block_pp0_stage1_01001              |    and   |      0|  0|    2|           1|           1|
    |ap_block_pp0_stage2_11001              |    and   |      0|  0|    2|           1|           1|
    |ap_block_state35_io                    |    and   |      0|  0|    2|           1|           1|
    |ap_block_state3_pp0_stage1_iter0       |    and   |      0|  0|    2|           1|           1|
    |ap_condition_371                       |    and   |      0|  0|    2|           1|           1|
    |ap_condition_409                       |    and   |      0|  0|    2|           1|           1|
    |ap_predicate_op130_call_state3         |    and   |      0|  0|    2|           1|           1|
    |ap_predicate_op130_call_state3_state2  |    and   |      0|  0|    2|           1|           1|
    |ap_predicate_op138_call_state4         |    and   |      0|  0|    2|           1|           1|
    |ap_predicate_op138_call_state4_state3  |    and   |      0|  0|    2|           1|           1|
    |ap_predicate_op149_call_state5         |    and   |      0|  0|    2|           1|           1|
    |ap_predicate_op149_call_state5_state4  |    and   |      0|  0|    2|           1|           1|
    |ap_predicate_op161_call_state6         |    and   |      0|  0|    2|           1|           1|
    |ap_predicate_op161_call_state6_state5  |    and   |      0|  0|    2|           1|           1|
    |icmp_ln14_fu_417_p2                    |   icmp   |      0|  0|   13|          13|          13|
    |icmp_ln17_fu_428_p2                    |   icmp   |      0|  0|   13|           9|           9|
    |icmp_ln20_fu_483_p2                    |   icmp   |      0|  0|   11|           4|           5|
    |icmp_ln56_1_fu_406_p2                  |   icmp   |      0|  0|   11|           6|           6|
    |icmp_ln56_2_fu_397_p2                  |   icmp   |      0|  0|   11|           6|           6|
    |icmp_ln56_3_fu_387_p2                  |   icmp   |      0|  0|   11|           6|           1|
    |icmp_ln56_4_fu_451_p2                  |   icmp   |      0|  0|   11|           6|           6|
    |icmp_ln56_5_fu_519_p2                  |   icmp   |      0|  0|   11|           6|           6|
    |icmp_ln56_fu_571_p2                    |   icmp   |      0|  0|    9|           4|           3|
    |p_Result_1_fu_674_p2                   |   icmp   |      0|  0|   18|          32|           1|
    |p_Result_2_fu_700_p2                   |   icmp   |      0|  0|   18|          32|           1|
    |p_Result_3_fu_737_p2                   |   icmp   |      0|  0|   18|          32|           1|
    |p_Result_s_fu_565_p2                   |   icmp   |      0|  0|   18|          29|           1|
    |ap_block_pp0_stage1_11001              |    or    |      0|  0|    2|           1|           1|
    |bvh_d_index_1_fu_654_p2                |    or    |      0|  0|    5|           5|           1|
    |bvh_d_index_2_fu_680_p2                |    or    |      0|  0|    5|           5|           2|
    |bvh_d_index_3_fu_717_p2                |    or    |      0|  0|    5|           5|           2|
    |or_ln1598_fu_501_p2                    |    or    |      0|  0|    2|           1|           1|
    |or_ln56_1_fu_577_p2                    |    or    |      0|  0|    2|           1|           1|
    |or_ln56_2_fu_464_p2                    |    or    |      0|  0|    2|           1|           1|
    |or_ln56_3_fu_524_p2                    |    or    |      0|  0|    2|           1|           1|
    |or_ln56_fu_411_p2                      |    or    |      0|  0|    2|           1|           1|
    |select_ln14_fu_706_p3                  |  select  |      0|  0|    5|           1|           5|
    |select_ln1598_1_fu_456_p3              |  select  |      0|  0|    2|           1|           1|
    |select_ln1598_2_fu_469_p3              |  select  |      0|  0|    2|           1|           1|
    |select_ln1598_3_fu_507_p3              |  select  |      0|  0|    4|           1|           1|
    |select_ln1598_4_fu_530_p3              |  select  |      0|  0|    2|           1|           1|
    |select_ln1598_fu_433_p3                |  select  |      0|  0|    5|           1|           1|
    |select_ln17_1_fu_748_p3                |  select  |      0|  0|    9|           1|           1|
    |select_ln17_fu_712_p3                  |  select  |      0|  0|    5|           1|           5|
    |shl_ln791_1_fu_663_p2                  |    shl   |      0|  0|  101|           1|          32|
    |shl_ln791_2_fu_689_p2                  |    shl   |      0|  0|  101|           1|          32|
    |shl_ln791_3_fu_726_p2                  |    shl   |      0|  0|  101|           1|          32|
    |shl_ln791_fu_554_p2                    |    shl   |      0|  0|   89|           1|          29|
    |ap_enable_pp0                          |    xor   |      0|  0|    2|           1|           2|
    |tmp_last_V_fu_583_p2                   |    xor   |      0|  0|    2|           1|           2|
    |xor_ln1598_fu_477_p2                   |    xor   |      0|  0|    2|           1|           2|
    +---------------------------------------+----------+-------+---+-----+------------+------------+
    |Total                                  |          |      0|  0|  933|         401|         387|
    +---------------------------------------+----------+-------+---+-----+------------+------------+

    * Multiplexer: 
    +----------------------------------------------------+----+-----------+-----+-----------+
    |                        Name                        | LUT| Input Size| Bits| Total Bits|
    +----------------------------------------------------+----+-----------+-----+-----------+
    |ap_NS_fsm                                           |  38|          7|    1|          7|
    |ap_enable_reg_pp0_iter8                             |   9|          2|    1|          2|
    |ap_phi_mux_i_op_assign_1_phi_fu_247_p4              |   9|          2|    5|         10|
    |ap_phi_mux_i_op_assign_phi_fu_224_p4                |   9|          2|    5|         10|
    |ap_phi_mux_indvar_flatten17_phi_fu_213_p4           |   9|          2|   13|         26|
    |ap_phi_mux_indvar_flatten_phi_fu_236_p4             |   9|          2|    9|         18|
    |ap_phi_mux_input_ch_idx_0_phi_fu_258_p4             |   9|          2|    4|          8|
    |ap_phi_mux_tmp_data_sub_data_3_s_phi_fu_297_p4      |   9|          2|   16|         32|
    |ap_phi_reg_pp0_iter1_tmp_data_sub_data_3_s_reg_294  |   9|          2|   16|         32|
    |ap_phi_reg_pp0_iter7_tmp_data_sub_data_0_s_reg_265  |   9|          2|   16|         32|
    |ap_phi_reg_pp0_iter8_tmp_data_sub_data_1_s_reg_275  |   9|          2|   16|         32|
    |ap_phi_reg_pp0_iter8_tmp_data_sub_data_2_s_reg_285  |   9|          2|   16|         32|
    |grp_logistic_activate_fu_303_val_in_V               |  27|          5|   16|         80|
    |i_op_assign_1_reg_243                               |   9|          2|    5|         10|
    |i_op_assign_reg_220                                 |   9|          2|    5|         10|
    |inStream_TDATA_blk_n                                |   9|          2|    1|          2|
    |indvar_flatten17_reg_209                            |   9|          2|   13|         26|
    |indvar_flatten_reg_232                              |   9|          2|    9|         18|
    |input_ch_idx_0_reg_254                              |   9|          2|    4|          8|
    |outStream_TDATA_blk_n                               |   9|          2|    1|          2|
    +----------------------------------------------------+----+-----------+-----+-----------+
    |Total                                               | 227|         48|  172|        397|
    +----------------------------------------------------+----+-----------+-----+-----------+

    * Register: 
    +----------------------------------------------------+----+----+-----+-----------+
    |                        Name                        | FF | LUT| Bits| Const Bits|
    +----------------------------------------------------+----+----+-----+-----------+
    |activate_en_V_read_reg_767                          |  32|   0|   32|          0|
    |add_ln1354_1_reg_780                                |   6|   0|    6|          0|
    |add_ln1354_reg_774                                  |   6|   0|    6|          0|
    |add_ln14_1_reg_826                                  |   5|   0|    5|          0|
    |add_ln14_reg_810                                    |  13|   0|   13|          0|
    |add_ln17_reg_862                                    |   9|   0|    9|          0|
    |and_ln1598_reg_831                                  |   1|   0|    1|          0|
    |ap_CS_fsm                                           |   6|   0|    6|          0|
    |ap_enable_reg_pp0_iter0                             |   1|   0|    1|          0|
    |ap_enable_reg_pp0_iter1                             |   1|   0|    1|          0|
    |ap_enable_reg_pp0_iter2                             |   1|   0|    1|          0|
    |ap_enable_reg_pp0_iter3                             |   1|   0|    1|          0|
    |ap_enable_reg_pp0_iter4                             |   1|   0|    1|          0|
    |ap_enable_reg_pp0_iter5                             |   1|   0|    1|          0|
    |ap_enable_reg_pp0_iter6                             |   1|   0|    1|          0|
    |ap_enable_reg_pp0_iter7                             |   1|   0|    1|          0|
    |ap_enable_reg_pp0_iter8                             |   1|   0|    1|          0|
    |ap_phi_reg_pp0_iter0_tmp_data_sub_data_0_s_reg_265  |  16|   0|   16|          0|
    |ap_phi_reg_pp0_iter0_tmp_data_sub_data_1_s_reg_275  |  16|   0|   16|          0|
    |ap_phi_reg_pp0_iter0_tmp_data_sub_data_2_s_reg_285  |  16|   0|   16|          0|
    |ap_phi_reg_pp0_iter1_tmp_data_sub_data_0_s_reg_265  |  16|   0|   16|          0|
    |ap_phi_reg_pp0_iter1_tmp_data_sub_data_1_s_reg_275  |  16|   0|   16|          0|
    |ap_phi_reg_pp0_iter1_tmp_data_sub_data_2_s_reg_285  |  16|   0|   16|          0|
    |ap_phi_reg_pp0_iter1_tmp_data_sub_data_3_s_reg_294  |  16|   0|   16|          0|
    |ap_phi_reg_pp0_iter2_tmp_data_sub_data_0_s_reg_265  |  16|   0|   16|          0|
    |ap_phi_reg_pp0_iter2_tmp_data_sub_data_1_s_reg_275  |  16|   0|   16|          0|
    |ap_phi_reg_pp0_iter2_tmp_data_sub_data_2_s_reg_285  |  16|   0|   16|          0|
    |ap_phi_reg_pp0_iter2_tmp_data_sub_data_3_s_reg_294  |  16|   0|   16|          0|
    |ap_phi_reg_pp0_iter3_tmp_data_sub_data_0_s_reg_265  |  16|   0|   16|          0|
    |ap_phi_reg_pp0_iter3_tmp_data_sub_data_1_s_reg_275  |  16|   0|   16|          0|
    |ap_phi_reg_pp0_iter3_tmp_data_sub_data_2_s_reg_285  |  16|   0|   16|          0|
    |ap_phi_reg_pp0_iter3_tmp_data_sub_data_3_s_reg_294  |  16|   0|   16|          0|
    |ap_phi_reg_pp0_iter4_tmp_data_sub_data_0_s_reg_265  |  16|   0|   16|          0|
    |ap_phi_reg_pp0_iter4_tmp_data_sub_data_1_s_reg_275  |  16|   0|   16|          0|
    |ap_phi_reg_pp0_iter4_tmp_data_sub_data_2_s_reg_285  |  16|   0|   16|          0|
    |ap_phi_reg_pp0_iter4_tmp_data_sub_data_3_s_reg_294  |  16|   0|   16|          0|
    |ap_phi_reg_pp0_iter5_tmp_data_sub_data_0_s_reg_265  |  16|   0|   16|          0|
    |ap_phi_reg_pp0_iter5_tmp_data_sub_data_1_s_reg_275  |  16|   0|   16|          0|
    |ap_phi_reg_pp0_iter5_tmp_data_sub_data_2_s_reg_285  |  16|   0|   16|          0|
    |ap_phi_reg_pp0_iter5_tmp_data_sub_data_3_s_reg_294  |  16|   0|   16|          0|
    |ap_phi_reg_pp0_iter6_tmp_data_sub_data_0_s_reg_265  |  16|   0|   16|          0|
    |ap_phi_reg_pp0_iter6_tmp_data_sub_data_1_s_reg_275  |  16|   0|   16|          0|
    |ap_phi_reg_pp0_iter6_tmp_data_sub_data_2_s_reg_285  |  16|   0|   16|          0|
    |ap_phi_reg_pp0_iter6_tmp_data_sub_data_3_s_reg_294  |  16|   0|   16|          0|
    |ap_phi_reg_pp0_iter7_tmp_data_sub_data_0_s_reg_265  |  16|   0|   16|          0|
    |ap_phi_reg_pp0_iter7_tmp_data_sub_data_1_s_reg_275  |  16|   0|   16|          0|
    |ap_phi_reg_pp0_iter7_tmp_data_sub_data_2_s_reg_285  |  16|   0|   16|          0|
    |ap_phi_reg_pp0_iter7_tmp_data_sub_data_3_s_reg_294  |  16|   0|   16|          0|
    |ap_phi_reg_pp0_iter8_tmp_data_sub_data_1_s_reg_275  |  16|   0|   16|          0|
    |ap_phi_reg_pp0_iter8_tmp_data_sub_data_2_s_reg_285  |  16|   0|   16|          0|
    |ap_phi_reg_pp0_iter8_tmp_data_sub_data_3_s_reg_294  |  16|   0|   16|          0|
    |bound4_reg_796                                      |  13|   0|   13|          0|
    |bound_reg_791                                       |   5|   0|    9|          4|
    |bvh_d_index_reg_846                                 |   3|   0|    5|          2|
    |col_idx_reg_836                                     |   5|   0|    5|          0|
    |grp_logistic_activate_fu_303_ap_start_reg           |   1|   0|    1|          0|
    |i_op_assign_1_reg_243                               |   5|   0|    5|          0|
    |i_op_assign_reg_220                                 |   5|   0|    5|          0|
    |icmp_ln14_reg_806                                   |   1|   0|    1|          0|
    |icmp_ln17_reg_815                                   |   1|   0|    1|          0|
    |icmp_ln56_3_reg_801                                 |   1|   0|    1|          0|
    |indvar_flatten17_reg_209                            |  13|   0|   13|          0|
    |indvar_flatten_reg_232                              |   9|   0|    9|          0|
    |input_ch_idx_0_reg_254                              |   4|   0|    4|          0|
    |input_ch_idx_reg_938                                |   4|   0|    4|          0|
    |op_V_assign_1_reg_953                               |  16|   0|   16|          0|
    |op_V_assign_2_reg_958                               |  16|   0|   16|          0|
    |op_V_assign_3_reg_963                               |  16|   0|   16|          0|
    |op_V_assign_reg_948                                 |  16|   0|   16|          0|
    |p_01_new_reg_904                                    |  16|   0|   16|          0|
    |p_02_new_reg_898                                    |  16|   0|   16|          0|
    |p_0_new_reg_910                                     |  16|   0|   16|          0|
    |p_Result_1_reg_916                                  |   1|   0|    1|          0|
    |p_Result_2_reg_920                                  |   1|   0|    1|          0|
    |p_Result_3_reg_934                                  |   1|   0|    1|          0|
    |p_Result_s_reg_853                                  |   1|   0|    1|          0|
    |select_ln14_reg_924                                 |   5|   0|    5|          0|
    |select_ln1598_3_reg_841                             |   4|   0|    4|          0|
    |select_ln1598_reg_821                               |   5|   0|    5|          0|
    |select_ln17_1_reg_943                               |   9|   0|    9|          0|
    |select_ln17_reg_929                                 |   5|   0|    5|          0|
    |tmp_data_sub_data_0_s_reg_265                       |  16|   0|   16|          0|
    |tmp_data_sub_data_1_s_reg_275                       |  16|   0|   16|          0|
    |tmp_dest_V_reg_887                                  |   6|   0|    6|          0|
    |tmp_id_V_reg_882                                    |   5|   0|    5|          0|
    |tmp_keep_V_reg_867                                  |   8|   0|    8|          0|
    |tmp_last_V_reg_857                                  |   1|   0|    1|          0|
    |tmp_strb_V_reg_872                                  |   8|   0|    8|          0|
    |tmp_user_V_reg_877                                  |   2|   0|    2|          0|
    |trunc_ln791_reg_786                                 |  29|   0|   29|          0|
    |icmp_ln14_reg_806                                   |  64|  32|    1|          0|
    |p_Result_1_reg_916                                  |  64|  32|    1|          0|
    |p_Result_2_reg_920                                  |  64|  32|    1|          0|
    |p_Result_3_reg_934                                  |  64|  32|    1|          0|
    |p_Result_s_reg_853                                  |  64|  32|    1|          0|
    |tmp_dest_V_reg_887                                  |  64|  32|    6|          0|
    |tmp_id_V_reg_882                                    |  64|  32|    5|          0|
    |tmp_keep_V_reg_867                                  |  64|  32|    8|          0|
    |tmp_last_V_reg_857                                  |  64|  32|    1|          0|
    |tmp_strb_V_reg_872                                  |  64|  32|    8|          0|
    |tmp_user_V_reg_877                                  |  64|  32|    2|          0|
    +----------------------------------------------------+----+----+-----+-----------+
    |Total                                               |1640| 352|  977|          6|
    +----------------------------------------------------+----+----+-----+-----------+



================================================================
== Interface
================================================================
* Summary: 
+------------------------+-----+-----+------------+--------------------+--------------+
|        RTL Ports       | Dir | Bits|  Protocol  |    Source Object   |    C Type    |
+------------------------+-----+-----+------------+--------------------+--------------+
|s_axi_CTRL_BUS_AWVALID  |  in |    1|    s_axi   |      CTRL_BUS      |    scalar    |
|s_axi_CTRL_BUS_AWREADY  | out |    1|    s_axi   |      CTRL_BUS      |    scalar    |
|s_axi_CTRL_BUS_AWADDR   |  in |    6|    s_axi   |      CTRL_BUS      |    scalar    |
|s_axi_CTRL_BUS_WVALID   |  in |    1|    s_axi   |      CTRL_BUS      |    scalar    |
|s_axi_CTRL_BUS_WREADY   | out |    1|    s_axi   |      CTRL_BUS      |    scalar    |
|s_axi_CTRL_BUS_WDATA    |  in |   32|    s_axi   |      CTRL_BUS      |    scalar    |
|s_axi_CTRL_BUS_WSTRB    |  in |    4|    s_axi   |      CTRL_BUS      |    scalar    |
|s_axi_CTRL_BUS_ARVALID  |  in |    1|    s_axi   |      CTRL_BUS      |    scalar    |
|s_axi_CTRL_BUS_ARREADY  | out |    1|    s_axi   |      CTRL_BUS      |    scalar    |
|s_axi_CTRL_BUS_ARADDR   |  in |    6|    s_axi   |      CTRL_BUS      |    scalar    |
|s_axi_CTRL_BUS_RVALID   | out |    1|    s_axi   |      CTRL_BUS      |    scalar    |
|s_axi_CTRL_BUS_RREADY   |  in |    1|    s_axi   |      CTRL_BUS      |    scalar    |
|s_axi_CTRL_BUS_RDATA    | out |   32|    s_axi   |      CTRL_BUS      |    scalar    |
|s_axi_CTRL_BUS_RRESP    | out |    2|    s_axi   |      CTRL_BUS      |    scalar    |
|s_axi_CTRL_BUS_BVALID   | out |    1|    s_axi   |      CTRL_BUS      |    scalar    |
|s_axi_CTRL_BUS_BREADY   |  in |    1|    s_axi   |      CTRL_BUS      |    scalar    |
|s_axi_CTRL_BUS_BRESP    | out |    2|    s_axi   |      CTRL_BUS      |    scalar    |
|ap_clk                  |  in |    1| ap_ctrl_hs |    yolo_yolo_top   | return value |
|ap_rst_n                |  in |    1| ap_ctrl_hs |    yolo_yolo_top   | return value |
|interrupt               | out |    1| ap_ctrl_hs |    yolo_yolo_top   | return value |
|inStream_TDATA          |  in |   64|    axis    |   inStream_V_data  |    pointer   |
|inStream_TVALID         |  in |    1|    axis    |  inStream_V_dest_V |    pointer   |
|inStream_TREADY         | out |    1|    axis    |  inStream_V_dest_V |    pointer   |
|inStream_TDEST          |  in |    6|    axis    |  inStream_V_dest_V |    pointer   |
|inStream_TKEEP          |  in |    8|    axis    |  inStream_V_keep_V |    pointer   |
|inStream_TSTRB          |  in |    8|    axis    |  inStream_V_strb_V |    pointer   |
|inStream_TUSER          |  in |    2|    axis    |  inStream_V_user_V |    pointer   |
|inStream_TLAST          |  in |    1|    axis    |  inStream_V_last_V |    pointer   |
|inStream_TID            |  in |    5|    axis    |   inStream_V_id_V  |    pointer   |
|outStream_TDATA         | out |   64|    axis    |  outStream_V_data  |    pointer   |
|outStream_TVALID        | out |    1|    axis    | outStream_V_dest_V |    pointer   |
|outStream_TREADY        |  in |    1|    axis    | outStream_V_dest_V |    pointer   |
|outStream_TDEST         | out |    6|    axis    | outStream_V_dest_V |    pointer   |
|outStream_TKEEP         | out |    8|    axis    | outStream_V_keep_V |    pointer   |
|outStream_TSTRB         | out |    8|    axis    | outStream_V_strb_V |    pointer   |
|outStream_TUSER         | out |    2|    axis    | outStream_V_user_V |    pointer   |
|outStream_TLAST         | out |    1|    axis    | outStream_V_last_V |    pointer   |
|outStream_TID           | out |    5|    axis    |  outStream_V_id_V  |    pointer   |
+------------------------+-----+-----+------------+--------------------+--------------+

