==============================================================
Vivado(TM) HLS - High-Level Synthesis from C, C++ and SystemC v2019.2 (64-bit)
Copyright 1986-2019 Xilinx, Inc. All Rights Reserved.
==============================================================
INFO: [HLS 200-10] Setting target device to 'xc7z020-clg484-1'
INFO: [SYN 201-201] Setting up clock 'default' with a period of 7.5ns.
INFO: [SIM 211-2] *************** CSIM start ***************
INFO: [SIM 211-4] CSIM will launch GCC as the compiler.
INFO: [SIM 211-1] CSim done with 0 errors.
INFO: [SIM 211-3] *************** CSIM finish ***************
INFO: [SCHED 204-61] Option 'relax_ii_for_timing' is enabled, will increase II to preserve clock frequency constraints.
INFO: [HLS 200-10] Analyzing design file 'src/yolo_conv.cpp' ... 
INFO: [HLS 200-111] Finished Linking Time (s): cpu = 00:00:57 ; elapsed = 00:01:00 . Memory (MB): peak = 879.613 ; gain = 457.035 ; free physical = 1523 ; free virtual = 14768
INFO: [HLS 200-111] Finished Checking Pragmas Time (s): cpu = 00:00:57 ; elapsed = 00:01:00 . Memory (MB): peak = 879.613 ; gain = 457.035 ; free physical = 1523 ; free virtual = 14768
INFO: [HLS 200-10] Starting code transformations ...
INFO: [XFORM 203-603] Inlining function 'hls::LineBuffer<3, 418, ap_fixed<16, 8, (ap_q_mode)5, (ap_o_mode)3, 0>, 0>::shift_pixels_up' into 'hls::LineBuffer<3, 418, ap_fixed<16, 8, (ap_q_mode)5, (ap_o_mode)3, 0>, 0>::shift_up' (/home/kal-thir/tools/Xilinx/Vivado/2019.2/common/technology/autopilot/hls/hls_video_mem.h:863).
INFO: [XFORM 203-603] Inlining function 'hls::LineBuffer<3, 418, ap_fixed<16, 8, (ap_q_mode)5, (ap_o_mode)3, 0>, 0>::shift_up' into 'yolo_line_buffer' (src/yolo_conv.cpp:248).
INFO: [XFORM 203-603] Inlining function 'hls::LineBuffer<3, 418, ap_fixed<16, 8, (ap_q_mode)5, (ap_o_mode)3, 0>, 0>::insert_bottom_row' into 'hls::LineBuffer<3, 418, ap_fixed<16, 8, (ap_q_mode)5, (ap_o_mode)3, 0>, 0>::insert_top' (/home/kal-thir/tools/Xilinx/Vivado/2019.2/common/technology/autopilot/hls/hls_video_mem.h:883).
INFO: [XFORM 203-603] Inlining function 'hls::LineBuffer<3, 418, ap_fixed<16, 8, (ap_q_mode)5, (ap_o_mode)3, 0>, 0>::insert_top' into 'yolo_line_buffer' (src/yolo_conv.cpp:249).
INFO: [XFORM 203-603] Inlining function 'hls::LineBuffer<3, 418, ap_fixed<16, 8, (ap_q_mode)5, (ap_o_mode)3, 0>, 0>::getval' into 'slide_window' (src/yolo_conv.cpp:261).
INFO: [XFORM 203-603] Inlining function 'hls::Window<3, 3, ap_fixed<16, 8, (ap_q_mode)5, (ap_o_mode)3, 0> >::insert_pixel' into 'hls::Window<3, 3, ap_fixed<16, 8, (ap_q_mode)5, (ap_o_mode)3, 0> >::insert' (/home/kal-thir/tools/Xilinx/Vivado/2019.2/common/technology/autopilot/hls/hls_video_mem.h:573).
INFO: [XFORM 203-603] Inlining function 'hls::Window<3, 3, ap_fixed<16, 8, (ap_q_mode)5, (ap_o_mode)3, 0> >::insert' into 'slide_window' (src/yolo_conv.cpp:262).
INFO: [XFORM 203-603] Inlining function 'hls::Window<3, 3, ap_fixed<16, 8, (ap_q_mode)5, (ap_o_mode)3, 0> >::getval' into 'window_macc' (src/yolo_conv.cpp:277).
INFO: [HLS 200-111] Finished Standard Transforms Time (s): cpu = 00:00:58 ; elapsed = 00:01:02 . Memory (MB): peak = 879.613 ; gain = 457.035 ; free physical = 1512 ; free virtual = 14781
INFO: [HLS 200-10] Checking synthesizability ...
INFO: [XFORM 203-602] Inlining function 'post_process' into 'yolo_conv_top' (src/yolo_conv.cpp:167) automatically.
INFO: [XFORM 203-602] Inlining function 'write_output' into 'yolo_conv_top' (src/yolo_conv.cpp:178) automatically.
INFO: [HLS 200-111] Finished Checking Synthesizability Time (s): cpu = 00:00:59 ; elapsed = 00:01:02 . Memory (MB): peak = 945.469 ; gain = 522.891 ; free physical = 1482 ; free virtual = 14755
INFO: [XFORM 203-1101] Packing variable 'outStream.V.data' (src/yolo_conv.cpp:4) into a 64-bit variable.
INFO: [XFORM 203-1101] Packing variable 'inStream.V.data' (src/yolo_conv.cpp:4) into a 64-bit variable.
INFO: [XFORM 203-502] Unrolling all sub-loops inside loop 'Loop-6.1.1' (src/yolo_conv.cpp:90) in function 'yolo_conv_top' for pipelining.
INFO: [XFORM 203-502] Unrolling all loops for pipelining in function 'window_macc' (src/yolo_conv.cpp:269).
INFO: [XFORM 203-502] Unrolling all loops for pipelining in function 'slide_window' (src/yolo_conv.cpp:253).
INFO: [XFORM 203-502] Unrolling all loops for pipelining in function 'yolo_line_buffer' (src/yolo_conv.cpp:245).
INFO: [XFORM 203-502] Unrolling all loops for pipelining in function 'out_stream_merge' (src/yolo_conv.cpp:289).
INFO: [HLS 200-489] Unrolling loop 'Loop-6.1.1.1' (/home/kal-thir/tools/Xilinx/Vivado/2019.2/common/technology/autopilot/hls/hls_video_mem.h:49) in function 'yolo_conv_top' completely with a factor of 3.
INFO: [HLS 200-489] Unrolling loop 'Loop-6.1.1.1.1' (/home/kal-thir/tools/Xilinx/Vivado/2019.2/common/technology/autopilot/hls/hls_video_mem.h:49) in function 'yolo_conv_top' completely with a factor of 3.
INFO: [HLS 200-489] Unrolling loop 'Loop-6.1.1.2' (/home/kal-thir/tools/Xilinx/Vivado/2019.2/common/technology/autopilot/hls/hls_video_mem.h:49) in function 'yolo_conv_top' completely with a factor of 3.
INFO: [HLS 200-489] Unrolling loop 'Loop-6.1.1.2.1' (/home/kal-thir/tools/Xilinx/Vivado/2019.2/common/technology/autopilot/hls/hls_video_mem.h:49) in function 'yolo_conv_top' completely with a factor of 3.
INFO: [HLS 200-489] Unrolling loop 'Loop-6.1.1.3' (/home/kal-thir/tools/Xilinx/Vivado/2019.2/common/technology/autopilot/hls/hls_video_mem.h:49) in function 'yolo_conv_top' completely with a factor of 3.
INFO: [HLS 200-489] Unrolling loop 'Loop-6.1.1.3.1' (/home/kal-thir/tools/Xilinx/Vivado/2019.2/common/technology/autopilot/hls/hls_video_mem.h:49) in function 'yolo_conv_top' completely with a factor of 3.
INFO: [HLS 200-489] Unrolling loop 'Loop-6.1.1.4' (/home/kal-thir/tools/Xilinx/Vivado/2019.2/common/technology/autopilot/hls/hls_video_mem.h:49) in function 'yolo_conv_top' completely with a factor of 3.
INFO: [HLS 200-489] Unrolling loop 'Loop-6.1.1.4.1' (/home/kal-thir/tools/Xilinx/Vivado/2019.2/common/technology/autopilot/hls/hls_video_mem.h:49) in function 'yolo_conv_top' completely with a factor of 3.
INFO: [HLS 200-489] Unrolling loop 'Loop-6.1.1.5' (src/yolo_conv.cpp:147) in function 'yolo_conv_top' completely with a factor of 32.
INFO: [HLS 200-489] Unrolling loop 'Loop-1' (src/yolo_conv.cpp:273) in function 'window_macc' completely with a factor of 3.
INFO: [HLS 200-489] Unrolling loop 'Loop-1.1' (src/yolo_conv.cpp:275) in function 'window_macc' completely with a factor of 3.
INFO: [HLS 200-489] Unrolling loop 'Loop-1' (src/yolo_conv.cpp:257) in function 'slide_window' completely with a factor of 3.
INFO: [HLS 200-489] Unrolling loop 'Loop-1.1' (src/yolo_conv.cpp:259) in function 'slide_window' completely with a factor of 3.
INFO: [HLS 200-489] Unrolling loop 'Loop-1' (/home/kal-thir/tools/Xilinx/Vivado/2019.2/common/technology/autopilot/hls/hls_video_mem.h:727) in function 'yolo_line_buffer' completely with a factor of 2.
INFO: [HLS 200-489] Unrolling loop 'Loop-1' (src/yolo_conv.cpp:295) in function 'out_stream_merge' completely with a factor of 6.
INFO: [XFORM 203-102] Partitioning array 'window.val.V.0' automatically.
INFO: [XFORM 203-102] Partitioning array 'window.val.V.1' automatically.
INFO: [XFORM 203-102] Partitioning array 'window.val.V.2' automatically.
INFO: [XFORM 203-102] Automatically partitioning streamed array 'out_stream_group.V.V' (src/yolo_conv.cpp:23) .
INFO: [XFORM 203-101] Partitioning array 'out_stream_group.V.V' (src/yolo_conv.cpp:23) in dimension 1 completely.
INFO: [XFORM 203-101] Partitioning array 'line_buff_group_0.val.V' (src/yolo_conv.cpp:27) in dimension 2 completely.
INFO: [XFORM 203-101] Partitioning array 'line_buff_group_1.val.V' (src/yolo_conv.cpp:28) in dimension 2 completely.
INFO: [XFORM 203-101] Partitioning array 'line_buff_group_2.val.V' (src/yolo_conv.cpp:29) in dimension 2 completely.
INFO: [XFORM 203-101] Partitioning array 'line_buff_group_3.val.V' (src/yolo_conv.cpp:30) in dimension 2 completely.
INFO: [XFORM 203-101] Partitioning array 'val_output.V' (src/yolo_conv.cpp:32) in dimension 1 completely.
INFO: [XFORM 203-101] Partitioning array 'local_mem_group.data.V' (src/yolo_conv.cpp:37) in dimension 1 with a block factor 8.
INFO: [XFORM 203-101] Partitioning array 'kernel_window_0.val.V' (src/yolo_conv.cpp:138) in dimension 1 completely.
INFO: [XFORM 203-101] Partitioning array 'kernel_window_1.val.V' (src/yolo_conv.cpp:138) in dimension 1 completely.
INFO: [XFORM 203-101] Partitioning array 'kernel_window_2.val.V' (src/yolo_conv.cpp:138) in dimension 1 completely.
INFO: [XFORM 203-101] Partitioning array 'kernel_window_3.val.V' (src/yolo_conv.cpp:138) in dimension 1 completely.
INFO: [XFORM 203-101] Partitioning array 'local_mem_group.data.V' (src/yolo_conv.cpp:37) in dimension 3 completely.
INFO: [XFORM 203-101] Partitioning array 'kernel_window_0.val.V' (src/yolo_conv.cpp:138) in dimension 2 completely.
INFO: [XFORM 203-101] Partitioning array 'kernel_window_1.val.V' (src/yolo_conv.cpp:138) in dimension 2 completely.
INFO: [XFORM 203-101] Partitioning array 'kernel_window_2.val.V' (src/yolo_conv.cpp:138) in dimension 2 completely.
INFO: [XFORM 203-101] Partitioning array 'kernel_window_3.val.V' (src/yolo_conv.cpp:138) in dimension 2 completely.
INFO: [XFORM 203-602] Inlining function 'yolo_line_buffer' into 'yolo_conv_top' (src/yolo_conv.cpp:130) automatically.
INFO: [XFORM 203-602] Inlining function 'write_output' into 'yolo_conv_top' (src/yolo_conv.cpp:178) automatically.
INFO: [XFORM 203-401] Performing if-conversion on hyperblock from (src/yolo_conv.cpp:195:13) to (src/yolo_conv.cpp:200:5) in function 'yolo_conv_top'... converting 4 basic blocks.
INFO: [XFORM 203-401] Performing if-conversion on hyperblock from (src/yolo_conv.cpp:175:79) to (src/yolo_conv.cpp:176:14) in function 'yolo_conv_top'... converting 7 basic blocks.
INFO: [XFORM 203-401] Performing if-conversion on hyperblock from (src/yolo_conv.cpp:175:79) to (src/yolo_conv.cpp:176:14) in function 'yolo_conv_top'... converting 7 basic blocks.
INFO: [XFORM 203-401] Performing if-conversion on hyperblock from (src/yolo_conv.cpp:175:79) to (src/yolo_conv.cpp:176:14) in function 'yolo_conv_top'... converting 7 basic blocks.
INFO: [XFORM 203-401] Performing if-conversion on hyperblock from (src/yolo_conv.cpp:175:79) to (src/yolo_conv.cpp:176:14) in function 'yolo_conv_top'... converting 7 basic blocks.
INFO: [XFORM 203-401] Performing if-conversion on hyperblock from (src/yolo_conv.cpp:175:79) to (src/yolo_conv.cpp:176:14) in function 'yolo_conv_top'... converting 7 basic blocks.
INFO: [XFORM 203-401] Performing if-conversion on hyperblock from (src/yolo_conv.cpp:175:79) to (src/yolo_conv.cpp:176:14) in function 'yolo_conv_top'... converting 7 basic blocks.
INFO: [XFORM 203-401] Performing if-conversion on hyperblock from (src/yolo_conv.cpp:175:79) to (src/yolo_conv.cpp:176:14) in function 'yolo_conv_top'... converting 7 basic blocks.
INFO: [XFORM 203-401] Performing if-conversion on hyperblock from (src/yolo_conv.cpp:175:79) to (src/yolo_conv.cpp:176:14) in function 'yolo_conv_top'... converting 7 basic blocks.
INFO: [XFORM 203-401] Performing if-conversion on hyperblock from (src/yolo_conv.cpp:175:79) to (src/yolo_conv.cpp:176:14) in function 'yolo_conv_top'... converting 7 basic blocks.
INFO: [XFORM 203-401] Performing if-conversion on hyperblock from (src/yolo_conv.cpp:175:79) to (src/yolo_conv.cpp:176:14) in function 'yolo_conv_top'... converting 7 basic blocks.
INFO: [XFORM 203-401] Performing if-conversion on hyperblock from (src/yolo_conv.cpp:175:79) to (src/yolo_conv.cpp:176:14) in function 'yolo_conv_top'... converting 7 basic blocks.
INFO: [XFORM 203-401] Performing if-conversion on hyperblock from (src/yolo_conv.cpp:175:79) to (src/yolo_conv.cpp:176:14) in function 'yolo_conv_top'... converting 7 basic blocks.
INFO: [XFORM 203-401] Performing if-conversion on hyperblock from (src/yolo_conv.cpp:175:79) to (src/yolo_conv.cpp:176:14) in function 'yolo_conv_top'... converting 7 basic blocks.
INFO: [XFORM 203-401] Performing if-conversion on hyperblock from (src/yolo_conv.cpp:175:79) to (src/yolo_conv.cpp:176:14) in function 'yolo_conv_top'... converting 7 basic blocks.
INFO: [XFORM 203-401] Performing if-conversion on hyperblock from (src/yolo_conv.cpp:175:79) to (src/yolo_conv.cpp:176:14) in function 'yolo_conv_top'... converting 7 basic blocks.
INFO: [XFORM 203-401] Performing if-conversion on hyperblock from (src/yolo_conv.cpp:175:79) to (src/yolo_conv.cpp:176:14) in function 'yolo_conv_top'... converting 7 basic blocks.
INFO: [XFORM 203-401] Performing if-conversion on hyperblock from (src/yolo_conv.cpp:175:79) to (src/yolo_conv.cpp:176:14) in function 'yolo_conv_top'... converting 7 basic blocks.
INFO: [XFORM 203-401] Performing if-conversion on hyperblock from (src/yolo_conv.cpp:175:79) to (src/yolo_conv.cpp:176:14) in function 'yolo_conv_top'... converting 7 basic blocks.
INFO: [XFORM 203-401] Performing if-conversion on hyperblock from (src/yolo_conv.cpp:175:79) to (src/yolo_conv.cpp:176:14) in function 'yolo_conv_top'... converting 7 basic blocks.
INFO: [XFORM 203-401] Performing if-conversion on hyperblock from (src/yolo_conv.cpp:175:79) to (src/yolo_conv.cpp:176:14) in function 'yolo_conv_top'... converting 7 basic blocks.
INFO: [XFORM 203-401] Performing if-conversion on hyperblock from (src/yolo_conv.cpp:175:79) to (src/yolo_conv.cpp:176:14) in function 'yolo_conv_top'... converting 7 basic blocks.
INFO: [XFORM 203-401] Performing if-conversion on hyperblock from (src/yolo_conv.cpp:175:79) to (src/yolo_conv.cpp:176:14) in function 'yolo_conv_top'... converting 7 basic blocks.
INFO: [XFORM 203-401] Performing if-conversion on hyperblock from (src/yolo_conv.cpp:175:79) to (src/yolo_conv.cpp:176:14) in function 'yolo_conv_top'... converting 7 basic blocks.
INFO: [XFORM 203-401] Performing if-conversion on hyperblock from (src/yolo_conv.cpp:175:79) to (src/yolo_conv.cpp:176:14) in function 'yolo_conv_top'... converting 7 basic blocks.
INFO: [XFORM 203-401] Performing if-conversion on hyperblock from (src/yolo_conv.cpp:175:79) to (src/yolo_conv.cpp:176:14) in function 'yolo_conv_top'... converting 7 basic blocks.
INFO: [XFORM 203-401] Performing if-conversion on hyperblock from (src/yolo_conv.cpp:175:79) to (src/yolo_conv.cpp:176:14) in function 'yolo_conv_top'... converting 7 basic blocks.
INFO: [XFORM 203-401] Performing if-conversion on hyperblock from (src/yolo_conv.cpp:175:79) to (src/yolo_conv.cpp:176:14) in function 'yolo_conv_top'... converting 7 basic blocks.
INFO: [XFORM 203-401] Performing if-conversion on hyperblock from (src/yolo_conv.cpp:175:79) to (src/yolo_conv.cpp:176:14) in function 'yolo_conv_top'... converting 7 basic blocks.
INFO: [XFORM 203-401] Performing if-conversion on hyperblock from (src/yolo_conv.cpp:175:79) to (src/yolo_conv.cpp:176:14) in function 'yolo_conv_top'... converting 7 basic blocks.
INFO: [XFORM 203-401] Performing if-conversion on hyperblock from (src/yolo_conv.cpp:175:79) to (src/yolo_conv.cpp:176:14) in function 'yolo_conv_top'... converting 7 basic blocks.
INFO: [XFORM 203-401] Performing if-conversion on hyperblock from (src/yolo_conv.cpp:175:79) to (src/yolo_conv.cpp:176:14) in function 'yolo_conv_top'... converting 7 basic blocks.
INFO: [XFORM 203-401] Performing if-conversion on hyperblock from (src/yolo_conv.cpp:175:79) to (src/yolo_conv.cpp:176:14) in function 'yolo_conv_top'... converting 7 basic blocks.
INFO: [XFORM 203-11] Balancing expressions in function 'yolo_conv_top' (src/yolo_conv.cpp:4)...3 expression(s) balanced.
INFO: [XFORM 203-11] Balancing expressions in function 'window_macc' (src/yolo_conv.cpp:278:2)...8 expression(s) balanced.
INFO: [XFORM 203-11] Balancing expressions in function 'post_process' (src/yolo_conv.cpp:210)...4 expression(s) balanced.
INFO: [HLS 200-111] Finished Pre-synthesis Time (s): cpu = 00:01:17 ; elapsed = 00:01:21 . Memory (MB): peak = 945.789 ; gain = 523.211 ; free physical = 1581 ; free virtual = 14845
INFO: [XFORM 203-541] Flattening a loop nest 'Loop-5.1' (src/yolo_conv.cpp:51:14) in function 'yolo_conv_top'.
INFO: [XFORM 203-541] Flattening a loop nest 'Loop-5' (src/yolo_conv.cpp:48:15) in function 'yolo_conv_top'.
INFO: [XFORM 203-541] Flattening a loop nest 'Loop-6.1' (src/yolo_conv.cpp:87:20) in function 'yolo_conv_top'.
INFO: [XFORM 203-541] Flattening a loop nest 'Loop-6' (src/yolo_conv.cpp:83:28) in function 'yolo_conv_top'.
WARNING: [ANALYSIS 214-52] Found false inter dependency for variable 'line_buff_group_0.va' (src/yolo_conv.cpp:27).
WARNING: [ANALYSIS 214-52] Found false intra dependency for variable 'line_buff_group_0.va' (src/yolo_conv.cpp:27).
WARNING: [ANALYSIS 214-52] Found false inter dependency for variable 'line_buff_group_1.va' (src/yolo_conv.cpp:28).
WARNING: [ANALYSIS 214-52] Found false intra dependency for variable 'line_buff_group_1.va' (src/yolo_conv.cpp:28).
WARNING: [ANALYSIS 214-52] Found false inter dependency for variable 'line_buff_group_2.va' (src/yolo_conv.cpp:29).
WARNING: [ANALYSIS 214-52] Found false intra dependency for variable 'line_buff_group_2.va' (src/yolo_conv.cpp:29).
WARNING: [ANALYSIS 214-52] Found false inter dependency for variable 'line_buff_group_3.va' (src/yolo_conv.cpp:30).
WARNING: [ANALYSIS 214-52] Found false intra dependency for variable 'line_buff_group_3.va' (src/yolo_conv.cpp:30).
INFO: [HLS 200-472] Inferring partial write operation for 'line_buff_group_0.va' (/home/kal-thir/tools/Xilinx/Vivado/2019.2/common/technology/autopilot/hls/hls_video_mem.h:729:27)
INFO: [HLS 200-472] Inferring partial write operation for 'line_buff_group_0.va.2' (/home/kal-thir/tools/Xilinx/Vivado/2019.2/common/technology/autopilot/hls/hls_video_mem.h:765:5)
INFO: [HLS 200-472] Inferring partial write operation for 'line_buff_group_1.va' (/home/kal-thir/tools/Xilinx/Vivado/2019.2/common/technology/autopilot/hls/hls_video_mem.h:729:27)
INFO: [HLS 200-472] Inferring partial write operation for 'line_buff_group_1.va.2' (/home/kal-thir/tools/Xilinx/Vivado/2019.2/common/technology/autopilot/hls/hls_video_mem.h:765:5)
INFO: [HLS 200-472] Inferring partial write operation for 'line_buff_group_2.va' (/home/kal-thir/tools/Xilinx/Vivado/2019.2/common/technology/autopilot/hls/hls_video_mem.h:729:27)
INFO: [HLS 200-472] Inferring partial write operation for 'line_buff_group_2.va.2' (/home/kal-thir/tools/Xilinx/Vivado/2019.2/common/technology/autopilot/hls/hls_video_mem.h:765:5)
INFO: [HLS 200-472] Inferring partial write operation for 'line_buff_group_3.va' (/home/kal-thir/tools/Xilinx/Vivado/2019.2/common/technology/autopilot/hls/hls_video_mem.h:729:27)
INFO: [HLS 200-472] Inferring partial write operation for 'line_buff_group_3.va.2' (/home/kal-thir/tools/Xilinx/Vivado/2019.2/common/technology/autopilot/hls/hls_video_mem.h:765:5)
INFO: [HLS 200-472] Inferring partial write operation for 'local_mem_group[0].d.3' (src/yolo_conv.cpp:64:6)
INFO: [HLS 200-472] Inferring partial write operation for 'local_mem_group[0].d.2' (src/yolo_conv.cpp:63:6)
INFO: [HLS 200-472] Inferring partial write operation for 'local_mem_group[0].d.1' (src/yolo_conv.cpp:62:6)
INFO: [HLS 200-472] Inferring partial write operation for 'local_mem_group[0].d' (src/yolo_conv.cpp:59:5)
INFO: [HLS 200-111] Finished Architecture Synthesis Time (s): cpu = 00:01:34 ; elapsed = 00:01:38 . Memory (MB): peak = 1071.613 ; gain = 649.035 ; free physical = 1571 ; free virtual = 14836
INFO: [HLS 200-10] Starting hardware synthesis ...
INFO: [HLS 200-10] Synthesizing 'yolo_conv_top' ...
INFO: [HLS 200-10] ----------------------------------------------------------------
INFO: [HLS 200-42] -- Implementing module 'slide_window' 
INFO: [HLS 200-10] ----------------------------------------------------------------
INFO: [SCHED 204-11] Starting scheduling ...
INFO: [SCHED 204-61] Pipelining function 'slide_window'.
WARNING: [SCHED 204-63] Unable to schedule the whole 2 cycles 'load' operation ('Window<3, 3, ap_fixed<16, 8, 5, 3, 0> >.val[0].V[0]', src/yolo_conv.cpp:261) on array 'line_buff_val_0_V' within the first cycle (II = 1).
Please consider increasing the target initiation interval of the pipeline.
WARNING: [SCHED 204-69] Unable to schedule 'load' operation ('Window<3, 3, ap_fixed<16, 8, 5, 3, 0> >.val[0].V[0]', src/yolo_conv.cpp:261) on array 'line_buff_val_0_V' due to limited memory ports. Please consider using a memory core with more ports or partitioning the array 'line_buff_val_0_V'.
INFO: [SCHED 204-61] Pipelining result : Target II = 1, Final II = 3, Depth = 4.
INFO: [SCHED 204-11] Finished scheduling.
INFO: [HLS 200-111]  Elapsed time: 98.86 seconds; current allocated memory: 293.901 MB.
INFO: [BIND 205-100] Starting micro-architecture generation ...
INFO: [BIND 205-101] Performing variable lifetime analysis.
INFO: [BIND 205-101] Exploring resource sharing.
INFO: [BIND 205-101] Binding ...
INFO: [BIND 205-100] Finished micro-architecture generation.
INFO: [HLS 200-111]  Elapsed time: 0.06 seconds; current allocated memory: 294.095 MB.
INFO: [HLS 200-10] ----------------------------------------------------------------
INFO: [HLS 200-42] -- Implementing module 'window_macc' 
INFO: [HLS 200-10] ----------------------------------------------------------------
INFO: [SCHED 204-11] Starting scheduling ...
INFO: [SCHED 204-61] Pipelining function 'window_macc'.
INFO: [SCHED 204-61] Pipelining result : Target II = 1, Final II = 1, Depth = 4.
WARNING: [SCHED 204-21] Estimated clock period (8.932ns) exceeds the target (target clock period: 7.5ns, clock uncertainty: 0.9375ns, effective delay budget: 6.5625ns).
WARNING: [SCHED 204-21] The critical path in module 'window_macc' consists of the following:
	'mul' operation of DSP[69] ('mul_ln1118_6', src/yolo_conv.cpp:278) [57]  (3.36 ns)
	'add' operation of DSP[69] ('add_ln703_5', src/yolo_conv.cpp:278) [69]  (3.02 ns)
	'add' operation ('add_ln703_6', src/yolo_conv.cpp:278) [70]  (2.55 ns)
INFO: [SCHED 204-11] Finished scheduling.
INFO: [HLS 200-111]  Elapsed time: 0.09 seconds; current allocated memory: 294.306 MB.
INFO: [BIND 205-100] Starting micro-architecture generation ...
INFO: [BIND 205-101] Performing variable lifetime analysis.
INFO: [BIND 205-101] Exploring resource sharing.
INFO: [BIND 205-101] Binding ...
INFO: [BIND 205-100] Finished micro-architecture generation.
INFO: [HLS 200-111]  Elapsed time: 0.05 seconds; current allocated memory: 294.526 MB.
INFO: [HLS 200-10] ----------------------------------------------------------------
INFO: [HLS 200-42] -- Implementing module 'post_process' 
INFO: [HLS 200-10] ----------------------------------------------------------------
INFO: [SCHED 204-11] Starting scheduling ...
INFO: [SCHED 204-61] Pipelining function 'post_process'.
INFO: [SCHED 204-61] Pipelining result : Target II = 1, Final II = 1, Depth = 2.
INFO: [SCHED 204-11] Finished scheduling.
INFO: [HLS 200-111]  Elapsed time: 0.06 seconds; current allocated memory: 294.575 MB.
INFO: [BIND 205-100] Starting micro-architecture generation ...
INFO: [BIND 205-101] Performing variable lifetime analysis.
INFO: [BIND 205-101] Exploring resource sharing.
INFO: [BIND 205-101] Binding ...
INFO: [BIND 205-100] Finished micro-architecture generation.
INFO: [HLS 200-111]  Elapsed time: 0.02 seconds; current allocated memory: 294.648 MB.
INFO: [HLS 200-10] ----------------------------------------------------------------
INFO: [HLS 200-42] -- Implementing module 'out_stream_merge' 
INFO: [HLS 200-10] ----------------------------------------------------------------
INFO: [SCHED 204-11] Starting scheduling ...
INFO: [SCHED 204-61] Pipelining function 'out_stream_merge'.
WARNING: [SCHED 204-68] The II Violation in module 'out_stream_merge' (Function: out_stream_merge): Unable to enforce a carried dependence constraint (II = 1, distance = 1, offset = 1)
   between axis write on port 'outStream_V_data' (src/yolo_conv.cpp:328) and axis write on port 'outStream_V_data' (src/yolo_conv.cpp:328).
WARNING: [SCHED 204-68] The II Violation in module 'out_stream_merge' (Function: out_stream_merge): Unable to enforce a carried dependence constraint (II = 2, distance = 1, offset = 1)
   between axis write on port 'outStream_V_data' (src/yolo_conv.cpp:328) and axis write on port 'outStream_V_data' (src/yolo_conv.cpp:328).
WARNING: [SCHED 204-68] The II Violation in module 'out_stream_merge' (Function: out_stream_merge): Unable to enforce a carried dependence constraint (II = 3, distance = 1, offset = 1)
   between axis write on port 'outStream_V_data' (src/yolo_conv.cpp:328) and axis write on port 'outStream_V_data' (src/yolo_conv.cpp:328).
WARNING: [SCHED 204-68] The II Violation in module 'out_stream_merge' (Function: out_stream_merge): Unable to enforce a carried dependence constraint (II = 4, distance = 1, offset = 1)
   between axis write on port 'outStream_V_data' (src/yolo_conv.cpp:328) and axis write on port 'outStream_V_data' (src/yolo_conv.cpp:328).
WARNING: [SCHED 204-68] The II Violation in module 'out_stream_merge' (Function: out_stream_merge): Unable to enforce a carried dependence constraint (II = 5, distance = 1, offset = 1)
   between axis write on port 'outStream_V_data' (src/yolo_conv.cpp:328) and axis write on port 'outStream_V_data' (src/yolo_conv.cpp:328).
INFO: [SCHED 204-61] Pipelining result : Target II = 1, Final II = 6, Depth = 7.
INFO: [SCHED 204-11] Finished scheduling.
INFO: [HLS 200-111]  Elapsed time: 1.08 seconds; current allocated memory: 295.655 MB.
INFO: [BIND 205-100] Starting micro-architecture generation ...
INFO: [BIND 205-101] Performing variable lifetime analysis.
INFO: [BIND 205-101] Exploring resource sharing.
INFO: [BIND 205-101] Binding ...
INFO: [BIND 205-100] Finished micro-architecture generation.
INFO: [HLS 200-111]  Elapsed time: 0.19 seconds; current allocated memory: 297.345 MB.
INFO: [HLS 200-10] ----------------------------------------------------------------
INFO: [HLS 200-42] -- Implementing module 'yolo_conv_top' 
INFO: [HLS 200-10] ----------------------------------------------------------------
INFO: [SCHED 204-11] Starting scheduling ...
INFO: [SCHED 204-61] Pipelining loop 'Loop 5'.
INFO: [SCHED 204-61] Pipelining result : Target II = 1, Final II = 1, Depth = 2.
INFO: [SCHED 204-61] Pipelining loop 'Loop 6'.
WARNING: [SCHED 204-68] The II Violation in module 'yolo_conv_top' (Loop: Loop 6): Unable to enforce a carried dependence constraint (II = 6, distance = 1, offset = 1)
   between 'call' operation ('_ln199', src/yolo_conv.cpp:199) to 'out_stream_merge' and fifo request on port 'out_stream_group[0].V.V', src/yolo_conv.cpp:23 (src/yolo_conv.cpp:176).
WARNING: [SCHED 204-68] The II Violation in module 'yolo_conv_top' (Loop: Loop 6): Unable to enforce a carried dependence constraint (II = 7, distance = 1, offset = 1)
   between 'call' operation ('_ln199', src/yolo_conv.cpp:199) to 'out_stream_merge' and fifo request on port 'out_stream_group[0].V.V', src/yolo_conv.cpp:23 (src/yolo_conv.cpp:176).
INFO: [SCHED 204-61] Pipelining result : Target II = 1, Final II = 8, Depth = 33.
INFO: [SCHED 204-11] Finished scheduling.
INFO: [HLS 200-111]  Elapsed time: 8.41 seconds; current allocated memory: 316.859 MB.
INFO: [BIND 205-100] Starting micro-architecture generation ...
INFO: [BIND 205-101] Performing variable lifetime analysis.
INFO: [BIND 205-101] Exploring resource sharing.
INFO: [BIND 205-101] Binding ...
INFO: [BIND 205-100] Finished micro-architecture generation.
INFO: [HLS 200-111]  Elapsed time: 7.19 seconds; current allocated memory: 356.538 MB.
INFO: [HLS 200-10] ----------------------------------------------------------------
INFO: [HLS 200-10] -- Generating RTL for module 'slide_window' 
INFO: [HLS 200-10] ----------------------------------------------------------------
INFO: [RTGEN 206-100] Finished creating RTL model for 'slide_window'.
INFO: [HLS 200-111]  Elapsed time: 5.17 seconds; current allocated memory: 358.488 MB.
INFO: [HLS 200-10] ----------------------------------------------------------------
INFO: [HLS 200-10] -- Generating RTL for module 'window_macc' 
INFO: [HLS 200-10] ----------------------------------------------------------------
INFO: [SYN 201-210] Renamed object name 'yolo_conv_top_mul_mul_16s_16s_32_1_0' to 'yolo_conv_top_mulbkb' due to the length limit 20
INFO: [SYN 201-210] Renamed object name 'yolo_conv_top_mac_muladd_16s_16s_32s_32_1_0' to 'yolo_conv_top_maccud' due to the length limit 20
INFO: [RTGEN 206-100] Generating core module 'yolo_conv_top_maccud': 5 instance(s).
INFO: [RTGEN 206-100] Generating core module 'yolo_conv_top_mulbkb': 4 instance(s).
INFO: [RTGEN 206-100] Finished creating RTL model for 'window_macc'.
INFO: [HLS 200-111]  Elapsed time: 0.11 seconds; current allocated memory: 359.706 MB.
INFO: [HLS 200-10] ----------------------------------------------------------------
INFO: [HLS 200-10] -- Generating RTL for module 'post_process' 
INFO: [HLS 200-10] ----------------------------------------------------------------
INFO: [RTGEN 206-100] Finished creating RTL model for 'post_process'.
INFO: [HLS 200-111]  Elapsed time: 0.08 seconds; current allocated memory: 360.768 MB.
INFO: [HLS 200-10] ----------------------------------------------------------------
INFO: [HLS 200-10] -- Generating RTL for module 'out_stream_merge' 
INFO: [HLS 200-10] ----------------------------------------------------------------
INFO: [RTGEN 206-100] Finished creating RTL model for 'out_stream_merge'.
INFO: [HLS 200-111]  Elapsed time: 0.09 seconds; current allocated memory: 363.005 MB.
INFO: [HLS 200-10] ----------------------------------------------------------------
INFO: [HLS 200-10] -- Generating RTL for module 'yolo_conv_top' 
INFO: [HLS 200-10] ----------------------------------------------------------------
INFO: [RTGEN 206-500] Setting interface mode on port 'yolo_conv_top/inStream_V_data' to 'axis' (register, both mode).
INFO: [RTGEN 206-500] Setting interface mode on port 'yolo_conv_top/inStream_V_keep_V' to 'axis' (register, both mode).
INFO: [RTGEN 206-500] Setting interface mode on port 'yolo_conv_top/inStream_V_strb_V' to 'axis' (register, both mode).
INFO: [RTGEN 206-500] Setting interface mode on port 'yolo_conv_top/inStream_V_user_V' to 'axis' (register, both mode).
INFO: [RTGEN 206-500] Setting interface mode on port 'yolo_conv_top/inStream_V_last_V' to 'axis' (register, both mode).
INFO: [RTGEN 206-500] Setting interface mode on port 'yolo_conv_top/inStream_V_id_V' to 'axis' (register, both mode).
INFO: [RTGEN 206-500] Setting interface mode on port 'yolo_conv_top/inStream_V_dest_V' to 'axis' (register, both mode).
INFO: [RTGEN 206-500] Setting interface mode on port 'yolo_conv_top/outStream_V_data' to 'axis' (register, both mode).
INFO: [RTGEN 206-500] Setting interface mode on port 'yolo_conv_top/outStream_V_keep_V' to 'axis' (register, both mode).
INFO: [RTGEN 206-500] Setting interface mode on port 'yolo_conv_top/outStream_V_strb_V' to 'axis' (register, both mode).
INFO: [RTGEN 206-500] Setting interface mode on port 'yolo_conv_top/outStream_V_user_V' to 'axis' (register, both mode).
INFO: [RTGEN 206-500] Setting interface mode on port 'yolo_conv_top/outStream_V_last_V' to 'axis' (register, both mode).
INFO: [RTGEN 206-500] Setting interface mode on port 'yolo_conv_top/outStream_V_id_V' to 'axis' (register, both mode).
INFO: [RTGEN 206-500] Setting interface mode on port 'yolo_conv_top/outStream_V_dest_V' to 'axis' (register, both mode).
INFO: [RTGEN 206-500] Setting interface mode on port 'yolo_conv_top/output_ch_V' to 's_axilite & ap_none'.
INFO: [RTGEN 206-500] Setting interface mode on port 'yolo_conv_top/input_ch_V' to 's_axilite & ap_none'.
INFO: [RTGEN 206-500] Setting interface mode on port 'yolo_conv_top/fold_output_ch_V' to 's_axilite & ap_none'.
INFO: [RTGEN 206-500] Setting interface mode on port 'yolo_conv_top/fold_input_ch_V' to 's_axilite & ap_none'.
INFO: [RTGEN 206-500] Setting interface mode on port 'yolo_conv_top/input_h_V' to 's_axilite & ap_none'.
INFO: [RTGEN 206-500] Setting interface mode on port 'yolo_conv_top/input_w_V' to 's_axilite & ap_none'.
INFO: [RTGEN 206-500] Setting interface mode on port 'yolo_conv_top/real_input_h_V' to 's_axilite & ap_none'.
INFO: [RTGEN 206-500] Setting interface mode on port 'yolo_conv_top/fold_win_area_V' to 's_axilite & ap_none'.
INFO: [RTGEN 206-500] Setting interface mode on function 'yolo_conv_top' to 's_axilite & ap_ctrl_hs'.
INFO: [RTGEN 206-100] Bundling port 'return', 'output_ch_V', 'input_ch_V', 'fold_output_ch_V', 'fold_input_ch_V', 'input_h_V', 'input_w_V', 'real_input_h_V' and 'fold_win_area_V' to AXI-Lite port CTRL_BUS.
INFO: [SYN 201-210] Renamed object name 'yolo_conv_top_line_buff_group_0_va' to 'yolo_conv_top_lindEe' due to the length limit 20
INFO: [SYN 201-210] Renamed object name 'yolo_conv_top_line_buff_group_0_va_1' to 'yolo_conv_top_lineOg' due to the length limit 20
INFO: [SYN 201-210] Renamed object name 'yolo_conv_top_line_buff_group_0_va_2' to 'yolo_conv_top_linfYi' due to the length limit 20
INFO: [SYN 201-210] Renamed object name 'yolo_conv_top_line_buff_group_1_va' to 'yolo_conv_top_ling8j' due to the length limit 20
INFO: [SYN 201-210] Renamed object name 'yolo_conv_top_line_buff_group_1_va_1' to 'yolo_conv_top_linhbi' due to the length limit 20
INFO: [SYN 201-210] Renamed object name 'yolo_conv_top_line_buff_group_1_va_2' to 'yolo_conv_top_linibs' due to the length limit 20
INFO: [SYN 201-210] Renamed object name 'yolo_conv_top_line_buff_group_2_va' to 'yolo_conv_top_linjbC' due to the length limit 20
INFO: [SYN 201-210] Renamed object name 'yolo_conv_top_line_buff_group_2_va_1' to 'yolo_conv_top_linkbM' due to the length limit 20
INFO: [SYN 201-210] Renamed object name 'yolo_conv_top_line_buff_group_2_va_2' to 'yolo_conv_top_linlbW' due to the length limit 20
INFO: [SYN 201-210] Renamed object name 'yolo_conv_top_line_buff_group_3_va' to 'yolo_conv_top_linmb6' due to the length limit 20
INFO: [SYN 201-210] Renamed object name 'yolo_conv_top_line_buff_group_3_va_1' to 'yolo_conv_top_linncg' due to the length limit 20
INFO: [SYN 201-210] Renamed object name 'yolo_conv_top_line_buff_group_3_va_2' to 'yolo_conv_top_linocq' due to the length limit 20
INFO: [SYN 201-210] Renamed object name 'yolo_conv_top_local_mem_group_0_d' to 'yolo_conv_top_locpcA' due to the length limit 20
INFO: [SYN 201-210] Renamed object name 'yolo_conv_top_local_mem_group_0_d_1' to 'yolo_conv_top_locqcK' due to the length limit 20
INFO: [SYN 201-210] Renamed object name 'yolo_conv_top_local_mem_group_0_d_2' to 'yolo_conv_top_locrcU' due to the length limit 20
INFO: [SYN 201-210] Renamed object name 'yolo_conv_top_local_mem_group_0_d_3' to 'yolo_conv_top_locsc4' due to the length limit 20
INFO: [SYN 201-210] Renamed object name 'yolo_conv_top_local_mem_group_0_d_4' to 'yolo_conv_top_loctde' due to the length limit 20
INFO: [SYN 201-210] Renamed object name 'yolo_conv_top_local_mem_group_0_d_5' to 'yolo_conv_top_locudo' due to the length limit 20
INFO: [SYN 201-210] Renamed object name 'yolo_conv_top_local_mem_group_0_d_6' to 'yolo_conv_top_locvdy' due to the length limit 20
INFO: [SYN 201-210] Renamed object name 'yolo_conv_top_local_mem_group_0_d_7' to 'yolo_conv_top_locwdI' due to the length limit 20
INFO: [SYN 201-210] Renamed object name 'yolo_conv_top_local_mem_group_0_d_8' to 'yolo_conv_top_locxdS' due to the length limit 20
INFO: [SYN 201-210] Renamed object name 'yolo_conv_top_local_mem_group_1_d' to 'yolo_conv_top_locyd2' due to the length limit 20
INFO: [SYN 201-210] Renamed object name 'yolo_conv_top_local_mem_group_1_d_1' to 'yolo_conv_top_loczec' due to the length limit 20
INFO: [SYN 201-210] Renamed object name 'yolo_conv_top_local_mem_group_1_d_2' to 'yolo_conv_top_locAem' due to the length limit 20
INFO: [SYN 201-210] Renamed object name 'yolo_conv_top_local_mem_group_1_d_3' to 'yolo_conv_top_locBew' due to the length limit 20
INFO: [SYN 201-210] Renamed object name 'yolo_conv_top_local_mem_group_1_d_4' to 'yolo_conv_top_locCeG' due to the length limit 20
INFO: [SYN 201-210] Renamed object name 'yolo_conv_top_local_mem_group_1_d_5' to 'yolo_conv_top_locDeQ' due to the length limit 20
INFO: [SYN 201-210] Renamed object name 'yolo_conv_top_local_mem_group_1_d_6' to 'yolo_conv_top_locEe0' due to the length limit 20
INFO: [SYN 201-210] Renamed object name 'yolo_conv_top_local_mem_group_1_d_7' to 'yolo_conv_top_locFfa' due to the length limit 20
INFO: [SYN 201-210] Renamed object name 'yolo_conv_top_local_mem_group_1_d_8' to 'yolo_conv_top_locGfk' due to the length limit 20
INFO: [SYN 201-210] Renamed object name 'yolo_conv_top_local_mem_group_2_d' to 'yolo_conv_top_locHfu' due to the length limit 20
INFO: [SYN 201-210] Renamed object name 'yolo_conv_top_local_mem_group_2_d_1' to 'yolo_conv_top_locIfE' due to the length limit 20
INFO: [SYN 201-210] Renamed object name 'yolo_conv_top_local_mem_group_2_d_2' to 'yolo_conv_top_locJfO' due to the length limit 20
INFO: [SYN 201-210] Renamed object name 'yolo_conv_top_local_mem_group_2_d_3' to 'yolo_conv_top_locKfY' due to the length limit 20
INFO: [SYN 201-210] Renamed object name 'yolo_conv_top_local_mem_group_2_d_4' to 'yolo_conv_top_locLf8' due to the length limit 20
INFO: [SYN 201-210] Renamed object name 'yolo_conv_top_local_mem_group_2_d_5' to 'yolo_conv_top_locMgi' due to the length limit 20
INFO: [SYN 201-210] Renamed object name 'yolo_conv_top_local_mem_group_2_d_6' to 'yolo_conv_top_locNgs' due to the length limit 20
INFO: [SYN 201-210] Renamed object name 'yolo_conv_top_local_mem_group_2_d_7' to 'yolo_conv_top_locOgC' due to the length limit 20
INFO: [SYN 201-210] Renamed object name 'yolo_conv_top_local_mem_group_2_d_8' to 'yolo_conv_top_locPgM' due to the length limit 20
INFO: [SYN 201-210] Renamed object name 'yolo_conv_top_local_mem_group_3_d' to 'yolo_conv_top_locQgW' due to the length limit 20
INFO: [SYN 201-210] Renamed object name 'yolo_conv_top_local_mem_group_3_d_1' to 'yolo_conv_top_locRg6' due to the length limit 20
INFO: [SYN 201-210] Renamed object name 'yolo_conv_top_local_mem_group_3_d_2' to 'yolo_conv_top_locShg' due to the length limit 20
INFO: [SYN 201-210] Renamed object name 'yolo_conv_top_local_mem_group_3_d_3' to 'yolo_conv_top_locThq' due to the length limit 20
INFO: [SYN 201-210] Renamed object name 'yolo_conv_top_local_mem_group_3_d_4' to 'yolo_conv_top_locUhA' due to the length limit 20
INFO: [SYN 201-210] Renamed object name 'yolo_conv_top_local_mem_group_3_d_5' to 'yolo_conv_top_locVhK' due to the length limit 20
INFO: [SYN 201-210] Renamed object name 'yolo_conv_top_local_mem_group_3_d_6' to 'yolo_conv_top_locWhU' due to the length limit 20
INFO: [SYN 201-210] Renamed object name 'yolo_conv_top_local_mem_group_3_d_7' to 'yolo_conv_top_locXh4' due to the length limit 20
INFO: [SYN 201-210] Renamed object name 'yolo_conv_top_local_mem_group_3_d_8' to 'yolo_conv_top_locYie' due to the length limit 20
INFO: [SYN 201-210] Renamed object name 'yolo_conv_top_local_mem_group_4_d' to 'yolo_conv_top_locZio' due to the length limit 20
INFO: [SYN 201-210] Renamed object name 'yolo_conv_top_local_mem_group_4_d_1' to 'yolo_conv_top_loc0iy' due to the length limit 20
INFO: [SYN 201-210] Renamed object name 'yolo_conv_top_local_mem_group_4_d_2' to 'yolo_conv_top_loc1iI' due to the length limit 20
INFO: [SYN 201-210] Renamed object name 'yolo_conv_top_local_mem_group_4_d_3' to 'yolo_conv_top_loc2iS' due to the length limit 20
INFO: [SYN 201-210] Renamed object name 'yolo_conv_top_local_mem_group_4_d_4' to 'yolo_conv_top_loc3i2' due to the length limit 20
INFO: [SYN 201-210] Renamed object name 'yolo_conv_top_local_mem_group_4_d_5' to 'yolo_conv_top_loc4jc' due to the length limit 20
INFO: [SYN 201-210] Renamed object name 'yolo_conv_top_local_mem_group_4_d_6' to 'yolo_conv_top_loc5jm' due to the length limit 20
INFO: [SYN 201-210] Renamed object name 'yolo_conv_top_local_mem_group_4_d_7' to 'yolo_conv_top_loc6jw' due to the length limit 20
INFO: [SYN 201-210] Renamed object name 'yolo_conv_top_local_mem_group_4_d_8' to 'yolo_conv_top_loc7jG' due to the length limit 20
INFO: [SYN 201-210] Renamed object name 'yolo_conv_top_local_mem_group_5_d' to 'yolo_conv_top_loc8jQ' due to the length limit 20
INFO: [SYN 201-210] Renamed object name 'yolo_conv_top_local_mem_group_5_d_1' to 'yolo_conv_top_loc9j0' due to the length limit 20
INFO: [SYN 201-210] Renamed object name 'yolo_conv_top_local_mem_group_5_d_2' to 'yolo_conv_top_locbak' due to the length limit 20
INFO: [SYN 201-210] Renamed object name 'yolo_conv_top_local_mem_group_5_d_3' to 'yolo_conv_top_locbbk' due to the length limit 20
INFO: [SYN 201-210] Renamed object name 'yolo_conv_top_local_mem_group_5_d_4' to 'yolo_conv_top_locbck' due to the length limit 20
INFO: [SYN 201-210] Renamed object name 'yolo_conv_top_local_mem_group_5_d_5' to 'yolo_conv_top_locbdk' due to the length limit 20
INFO: [SYN 201-210] Renamed object name 'yolo_conv_top_local_mem_group_5_d_6' to 'yolo_conv_top_locbek' due to the length limit 20
INFO: [SYN 201-210] Renamed object name 'yolo_conv_top_local_mem_group_5_d_7' to 'yolo_conv_top_locbfk' due to the length limit 20
INFO: [SYN 201-210] Renamed object name 'yolo_conv_top_local_mem_group_5_d_8' to 'yolo_conv_top_locbgk' due to the length limit 20
INFO: [SYN 201-210] Renamed object name 'yolo_conv_top_local_mem_group_6_d' to 'yolo_conv_top_locbhl' due to the length limit 20
