==============================================================
Vivado(TM) HLS - High-Level Synthesis from C, C++ and SystemC v2019.2 (64-bit)
Copyright 1986-2019 Xilinx, Inc. All Rights Reserved.
==============================================================
INFO: [HLS 200-10] Setting target device to 'xc7z020-clg484-1'
INFO: [SYN 201-201] Setting up clock 'default' with a period of 10ns.
INFO: [SIM 211-2] *************** CSIM start ***************
INFO: [SIM 211-4] CSIM will launch GCC as the compiler.
INFO: [SIM 211-1] CSim done with 0 errors.
INFO: [SIM 211-3] *************** CSIM finish ***************
INFO: [SCHED 204-61] Option 'relax_ii_for_timing' is enabled, will increase II to preserve clock frequency constraints.
INFO: [HLS 200-10] Analyzing design file 'src/yolo_upsamp.cpp' ... 
INFO: [HLS 200-111] Finished Linking Time (s): cpu = 00:00:55 ; elapsed = 00:00:58 . Memory (MB): peak = 863.609 ; gain = 457.035 ; free physical = 1607 ; free virtual = 14756
INFO: [HLS 200-111] Finished Checking Pragmas Time (s): cpu = 00:00:55 ; elapsed = 00:00:58 . Memory (MB): peak = 863.609 ; gain = 457.035 ; free physical = 1607 ; free virtual = 14756
INFO: [HLS 200-10] Starting code transformations ...
INFO: [XFORM 203-603] Inlining function 'hls::LineBuffer<1, 13, ap_fixed<16, 8, (ap_q_mode)4, (ap_o_mode)0, 0>, 0>::insert_bottom_row' into 'hls::LineBuffer<1, 13, ap_fixed<16, 8, (ap_q_mode)4, (ap_o_mode)0, 0>, 0>::insert_top' (/home/kal-thir/tools/Xilinx/Vivado/2019.2/common/technology/autopilot/hls/hls_video_mem.h:883).
INFO: [XFORM 203-603] Inlining function 'hls::LineBuffer<1, 13, ap_fixed<16, 8, (ap_q_mode)4, (ap_o_mode)0, 0>, 0>::insert_top' into 'yolo_upsamp_top' (src/yolo_upsamp.cpp:33).
INFO: [XFORM 203-603] Inlining function 'hls::LineBuffer<1, 13, ap_fixed<16, 8, (ap_q_mode)4, (ap_o_mode)0, 0>, 0>::insert_top' into 'yolo_upsamp_top' (src/yolo_upsamp.cpp:32).
INFO: [XFORM 203-603] Inlining function 'hls::LineBuffer<1, 13, ap_fixed<16, 8, (ap_q_mode)4, (ap_o_mode)0, 0>, 0>::insert_top' into 'yolo_upsamp_top' (src/yolo_upsamp.cpp:31).
INFO: [XFORM 203-603] Inlining function 'hls::LineBuffer<1, 13, ap_fixed<16, 8, (ap_q_mode)4, (ap_o_mode)0, 0>, 0>::insert_top' into 'yolo_upsamp_top' (src/yolo_upsamp.cpp:30).
INFO: [XFORM 203-603] Inlining function 'hls::LineBuffer<1, 13, ap_fixed<16, 8, (ap_q_mode)4, (ap_o_mode)0, 0>, 0>::getval' into 'yolo_upsamp_top' (src/yolo_upsamp.cpp:44).
INFO: [XFORM 203-603] Inlining function 'hls::LineBuffer<1, 13, ap_fixed<16, 8, (ap_q_mode)4, (ap_o_mode)0, 0>, 0>::getval' into 'yolo_upsamp_top' (src/yolo_upsamp.cpp:45).
INFO: [XFORM 203-603] Inlining function 'hls::LineBuffer<1, 13, ap_fixed<16, 8, (ap_q_mode)4, (ap_o_mode)0, 0>, 0>::getval' into 'yolo_upsamp_top' (src/yolo_upsamp.cpp:46).
INFO: [XFORM 203-603] Inlining function 'hls::LineBuffer<1, 13, ap_fixed<16, 8, (ap_q_mode)4, (ap_o_mode)0, 0>, 0>::getval' into 'yolo_upsamp_top' (src/yolo_upsamp.cpp:47).
INFO: [HLS 200-111] Finished Standard Transforms Time (s): cpu = 00:00:56 ; elapsed = 00:00:59 . Memory (MB): peak = 927.609 ; gain = 521.035 ; free physical = 1623 ; free virtual = 14795
INFO: [HLS 200-10] Checking synthesizability ...
INFO: [HLS 200-111] Finished Checking Synthesizability Time (s): cpu = 00:00:56 ; elapsed = 00:00:59 . Memory (MB): peak = 927.609 ; gain = 521.035 ; free physical = 1595 ; free virtual = 14769
INFO: [XFORM 203-1101] Packing variable 'outStream.V.data' (src/yolo_upsamp.cpp:3) into a 64-bit variable.
INFO: [XFORM 203-1101] Packing variable 'inStream.V.data' (src/yolo_upsamp.cpp:3) into a 64-bit variable.
INFO: [XFORM 203-101] Partitioning array 'line_buff_group_0.val.V' (src/yolo_upsamp.cpp:9) in dimension 2 completely.
INFO: [XFORM 203-101] Partitioning array 'line_buff_group_1.val.V' (src/yolo_upsamp.cpp:10) in dimension 2 completely.
INFO: [XFORM 203-101] Partitioning array 'line_buff_group_2.val.V' (src/yolo_upsamp.cpp:11) in dimension 2 completely.
INFO: [XFORM 203-101] Partitioning array 'line_buff_group_3.val.V' (src/yolo_upsamp.cpp:12) in dimension 2 completely.
INFO: [XFORM 203-11] Balancing expressions in function 'yolo_upsamp_top' (src/yolo_upsamp.cpp:3)...4 expression(s) balanced.
INFO: [HLS 200-111] Finished Pre-synthesis Time (s): cpu = 00:00:56 ; elapsed = 00:01:00 . Memory (MB): peak = 991.609 ; gain = 585.035 ; free physical = 1587 ; free virtual = 14765
INFO: [XFORM 203-541] Flattening a loop nest 'Loop-5.1.1.1' (src/yolo_upsamp.cpp:21:23) in function 'yolo_upsamp_top'.
INFO: [XFORM 203-541] Flattening a loop nest 'Loop-5.1.1' (src/yolo_upsamp.cpp:19:20) in function 'yolo_upsamp_top'.
INFO: [XFORM 203-541] Flattening a loop nest 'Loop-5.1' (src/yolo_upsamp.cpp:17:22) in function 'yolo_upsamp_top'.
INFO: [XFORM 203-541] Flattening a loop nest 'Loop-5' (src/yolo_upsamp.cpp:15:19) in function 'yolo_upsamp_top'.
WARNING: [ANALYSIS 214-52] Found false inter dependency for variable 'line_buff_group_0.va' (src/yolo_upsamp.cpp:9).
WARNING: [ANALYSIS 214-52] Found false intra dependency for variable 'line_buff_group_0.va' (src/yolo_upsamp.cpp:9).
WARNING: [ANALYSIS 214-52] Found false inter dependency for variable 'line_buff_group_1.va' (src/yolo_upsamp.cpp:10).
WARNING: [ANALYSIS 214-52] Found false intra dependency for variable 'line_buff_group_1.va' (src/yolo_upsamp.cpp:10).
WARNING: [ANALYSIS 214-52] Found false inter dependency for variable 'line_buff_group_2.va' (src/yolo_upsamp.cpp:11).
WARNING: [ANALYSIS 214-52] Found false intra dependency for variable 'line_buff_group_2.va' (src/yolo_upsamp.cpp:11).
WARNING: [ANALYSIS 214-52] Found false inter dependency for variable 'line_buff_group_3.va' (src/yolo_upsamp.cpp:12).
WARNING: [ANALYSIS 214-52] Found false intra dependency for variable 'line_buff_group_3.va' (src/yolo_upsamp.cpp:12).
INFO: [HLS 200-472] Inferring partial write operation for 'line_buff_group_0.va' (/home/kal-thir/tools/Xilinx/Vivado/2019.2/common/technology/autopilot/hls/hls_video_mem.h:765:5)
INFO: [HLS 200-472] Inferring partial write operation for 'line_buff_group_1.va' (/home/kal-thir/tools/Xilinx/Vivado/2019.2/common/technology/autopilot/hls/hls_video_mem.h:765:5)
INFO: [HLS 200-472] Inferring partial write operation for 'line_buff_group_2.va' (/home/kal-thir/tools/Xilinx/Vivado/2019.2/common/technology/autopilot/hls/hls_video_mem.h:765:5)
INFO: [HLS 200-472] Inferring partial write operation for 'line_buff_group_3.va' (/home/kal-thir/tools/Xilinx/Vivado/2019.2/common/technology/autopilot/hls/hls_video_mem.h:765:5)
INFO: [HLS 200-111] Finished Architecture Synthesis Time (s): cpu = 00:00:57 ; elapsed = 00:01:00 . Memory (MB): peak = 991.609 ; gain = 585.035 ; free physical = 1593 ; free virtual = 14773
INFO: [HLS 200-10] Starting hardware synthesis ...
INFO: [HLS 200-10] Synthesizing 'yolo_upsamp_top' ...
INFO: [HLS 200-10] ----------------------------------------------------------------
INFO: [HLS 200-42] -- Implementing module 'yolo_upsamp_top' 
INFO: [HLS 200-10] ----------------------------------------------------------------
INFO: [SCHED 204-11] Starting scheduling ...
INFO: [SCHED 204-61] Pipelining loop 'Loop 5'.
INFO: [SCHED 204-61] Pipelining result : Target II = 1, Final II = 1, Depth = 4.
WARNING: [SCHED 204-21] Estimated clock period (10.2115ns) exceeds the target (target clock period: 10ns, clock uncertainty: 1.25ns, effective delay budget: 8.75ns).
WARNING: [SCHED 204-21] The critical path in module 'yolo_upsamp_top' consists of the following:
	'phi' operation ('indvar_flatten72', src/yolo_upsamp.cpp:17) with incoming values : ('select_ln17_5', src/yolo_upsamp.cpp:17) [94]  (0 ns)
	'icmp' operation ('icmp_ln17', src/yolo_upsamp.cpp:17) [114]  (1.77 ns)
	'xor' operation ('xor_ln52', src/yolo_upsamp.cpp:52) [118]  (0.978 ns)
	'and' operation ('and_ln52_10', src/yolo_upsamp.cpp:52) [130]  (0.978 ns)
	'or' operation ('or_ln17', src/yolo_upsamp.cpp:17) [133]  (0.978 ns)
	'select' operation ('select_ln17', src/yolo_upsamp.cpp:17) [134]  (1.02 ns)
	'add' operation ('col_idx', src/yolo_upsamp.cpp:19) [148]  (1.74 ns)
	'select' operation ('select_ln52_4', src/yolo_upsamp.cpp:52) [154]  (1.02 ns)
	blocking operation 1.72 ns on control path)
INFO: [SCHED 204-11] Finished scheduling.
INFO: [HLS 200-111]  Elapsed time: 60.02 seconds; current allocated memory: 197.940 MB.
INFO: [BIND 205-100] Starting micro-architecture generation ...
INFO: [BIND 205-101] Performing variable lifetime analysis.
INFO: [BIND 205-101] Exploring resource sharing.
