==============================================================
Vivado(TM) HLS - High-Level Synthesis from C, C++ and SystemC v2019.2 (64-bit)
Copyright 1986-2019 Xilinx, Inc. All Rights Reserved.
==============================================================
INFO: [HLS 200-10] Setting target device to 'xc7z020-clg484-1'
INFO: [SYN 201-201] Setting up clock 'default' with a period of 10ns.
INFO: [SIM 211-2] *************** CSIM start ***************
INFO: [SIM 211-4] CSIM will launch GCC as the compiler.
INFO: [SIM 211-1] CSim done with 0 errors.
INFO: [SIM 211-3] *************** CSIM finish ***************
INFO: [SCHED 204-61] Option 'relax_ii_for_timing' is enabled, will increase II to preserve clock frequency constraints.
INFO: [HLS 200-10] Analyzing design file 'src/yolo_acc.cpp' ... 
INFO: [HLS 200-111] Finished Linking Time (s): cpu = 00:00:28 ; elapsed = 00:00:29 . Memory (MB): peak = 879.613 ; gain = 457.035 ; free physical = 1828 ; free virtual = 14876
INFO: [HLS 200-111] Finished Checking Pragmas Time (s): cpu = 00:00:28 ; elapsed = 00:00:29 . Memory (MB): peak = 879.613 ; gain = 457.035 ; free physical = 1828 ; free virtual = 14876
INFO: [HLS 200-10] Starting code transformations ...
INFO: [HLS 200-111] Finished Standard Transforms Time (s): cpu = 00:00:29 ; elapsed = 00:00:30 . Memory (MB): peak = 879.613 ; gain = 457.035 ; free physical = 1816 ; free virtual = 14883
INFO: [HLS 200-10] Checking synthesizability ...
INFO: [HLS 200-111] Finished Checking Synthesizability Time (s): cpu = 00:00:29 ; elapsed = 00:00:30 . Memory (MB): peak = 879.613 ; gain = 457.035 ; free physical = 1816 ; free virtual = 14884
INFO: [XFORM 203-1101] Packing variable 'outStream.V.data' (src/yolo_acc.cpp:5) into a 64-bit variable.
INFO: [XFORM 203-1101] Packing variable 'inStream_b.V.data' (src/yolo_acc.cpp:4) into a 64-bit variable.
INFO: [XFORM 203-1101] Packing variable 'inStream_a.V.data' (src/yolo_acc.cpp:4) into a 64-bit variable.
WARNING: [XFORM 203-105] Cannot partition array 'kernel_bias_fp.V' (src/yolo_acc.cpp:20): incorrect partition factor 1.
INFO: [XFORM 203-401] Performing if-conversion on hyperblock from (src/yolo_acc.cpp:49:5) to (src/yolo_acc.cpp:48:52) in function 'yolo_acc_top'... converting 17 basic blocks.
INFO: [XFORM 203-401] Performing if-conversion on hyperblock from (src/yolo_acc.cpp:96:5) to (src/yolo_acc.cpp:114:1) in function 'post_process_unit'... converting 10 basic blocks.
INFO: [HLS 200-111] Finished Pre-synthesis Time (s): cpu = 00:00:30 ; elapsed = 00:00:31 . Memory (MB): peak = 943.613 ; gain = 521.035 ; free physical = 1802 ; free virtual = 14873
INFO: [XFORM 203-541] Flattening a loop nest 'Loop-2.1' (src/yolo_acc.cpp:45:20) in function 'yolo_acc_top'.
INFO: [XFORM 203-541] Flattening a loop nest 'Loop-2' (src/yolo_acc.cpp:42:20) in function 'yolo_acc_top'.
INFO: [HLS 200-472] Inferring partial write operation for 'kernel_bias_fp.V' (src/yolo_acc.cpp:33:18)
INFO: [HLS 200-472] Inferring partial write operation for 'kernel_bias_fp.V' (src/yolo_acc.cpp:34:18)
INFO: [HLS 200-472] Inferring partial write operation for 'kernel_bias_fp.V' (src/yolo_acc.cpp:35:18)
INFO: [HLS 200-472] Inferring partial write operation for 'kernel_bias_fp.V' (src/yolo_acc.cpp:36:18)
INFO: [HLS 200-111] Finished Architecture Synthesis Time (s): cpu = 00:00:30 ; elapsed = 00:00:31 . Memory (MB): peak = 943.613 ; gain = 521.035 ; free physical = 1801 ; free virtual = 14874
INFO: [HLS 200-10] Starting hardware synthesis ...
INFO: [HLS 200-10] Synthesizing 'yolo_acc_top' ...
INFO: [HLS 200-10] ----------------------------------------------------------------
INFO: [HLS 200-42] -- Implementing module 'post_process_unit' 
INFO: [HLS 200-10] ----------------------------------------------------------------
INFO: [SCHED 204-11] Starting scheduling ...
INFO: [SCHED 204-61] Pipelining function 'post_process_unit'.
INFO: [SCHED 204-61] Pipelining result : Target II = 1, Final II = 1, Depth = 3.
INFO: [SCHED 204-11] Finished scheduling.
INFO: [HLS 200-111]  Elapsed time: 31.26 seconds; current allocated memory: 141.480 MB.
INFO: [BIND 205-100] Starting micro-architecture generation ...
INFO: [BIND 205-101] Performing variable lifetime analysis.
INFO: [BIND 205-101] Exploring resource sharing.
INFO: [BIND 205-101] Binding ...
INFO: [BIND 205-100] Finished micro-architecture generation.
INFO: [HLS 200-111]  Elapsed time: 0.02 seconds; current allocated memory: 141.712 MB.
INFO: [HLS 200-10] ----------------------------------------------------------------
INFO: [HLS 200-42] -- Implementing module 'yolo_acc_top' 
INFO: [HLS 200-10] ----------------------------------------------------------------
INFO: [SCHED 204-11] Starting scheduling ...
INFO: [SCHED 204-61] Pipelining loop 'Loop 1'.
WARNING: [SCHED 204-69] Unable to schedule 'store' operation ('kernel_bias_fp_V_add_2_write_ln35', src/yolo_acc.cpp:35) of variable 'tmp_data_sub_data_2_s', src/yolo_stream.h:8->src/yolo_stream.h:16->src/yolo_acc.cpp:32 on array 'kernel_bias_fp.V', src/yolo_acc.cpp:20 due to limited memory ports. Please consider using a memory core with more ports or partitioning the array 'kernel_bias_fp_V'.
INFO: [SCHED 204-61] Pipelining result : Target II = 1, Final II = 2, Depth = 3.
INFO: [SCHED 204-61] Pipelining loop 'Loop 2'.
WARNING: [SCHED 204-69] Unable to schedule 'load' operation ('kernel_bias_fp_V_loa_2', src/yolo_acc.cpp:67) on array 'kernel_bias_fp.V', src/yolo_acc.cpp:20 due to limited memory ports. Please consider using a memory core with more ports or partitioning the array 'kernel_bias_fp_V'.
INFO: [SCHED 204-61] Pipelining result : Target II = 1, Final II = 2, Depth = 7.
INFO: [SCHED 204-11] Finished scheduling.
INFO: [HLS 200-111]  Elapsed time: 0.13 seconds; current allocated memory: 142.457 MB.
INFO: [BIND 205-100] Starting micro-architecture generation ...
INFO: [BIND 205-101] Performing variable lifetime analysis.
INFO: [BIND 205-101] Exploring resource sharing.
INFO: [BIND 205-101] Binding ...
INFO: [BIND 205-100] Finished micro-architecture generation.
INFO: [HLS 200-111]  Elapsed time: 0.12 seconds; current allocated memory: 143.491 MB.
INFO: [HLS 200-10] ----------------------------------------------------------------
INFO: [HLS 200-10] -- Generating RTL for module 'post_process_unit' 
INFO: [HLS 200-10] ----------------------------------------------------------------
INFO: [SYN 201-210] Renamed object name 'yolo_acc_top_mul_mul_6ns_16s_22_1_0' to 'yolo_acc_top_mul_bkb' due to the length limit 20
INFO: [RTGEN 206-100] Generating core module 'yolo_acc_top_mul_bkb': 1 instance(s).
INFO: [RTGEN 206-100] Finished creating RTL model for 'post_process_unit'.
INFO: [HLS 200-111]  Elapsed time: 0.17 seconds; current allocated memory: 144.109 MB.
INFO: [HLS 200-10] ----------------------------------------------------------------
INFO: [HLS 200-10] -- Generating RTL for module 'yolo_acc_top' 
INFO: [HLS 200-10] ----------------------------------------------------------------
INFO: [RTGEN 206-500] Setting interface mode on port 'yolo_acc_top/inStream_a_V_data' to 'axis' (register, both mode).
INFO: [RTGEN 206-500] Setting interface mode on port 'yolo_acc_top/inStream_a_V_keep_V' to 'axis' (register, both mode).
INFO: [RTGEN 206-500] Setting interface mode on port 'yolo_acc_top/inStream_a_V_strb_V' to 'axis' (register, both mode).
INFO: [RTGEN 206-500] Setting interface mode on port 'yolo_acc_top/inStream_a_V_user_V' to 'axis' (register, both mode).
INFO: [RTGEN 206-500] Setting interface mode on port 'yolo_acc_top/inStream_a_V_last_V' to 'axis' (register, both mode).
INFO: [RTGEN 206-500] Setting interface mode on port 'yolo_acc_top/inStream_a_V_id_V' to 'axis' (register, both mode).
INFO: [RTGEN 206-500] Setting interface mode on port 'yolo_acc_top/inStream_a_V_dest_V' to 'axis' (register, both mode).
INFO: [RTGEN 206-500] Setting interface mode on port 'yolo_acc_top/inStream_b_V_data' to 'axis' (register, both mode).
INFO: [RTGEN 206-500] Setting interface mode on port 'yolo_acc_top/inStream_b_V_keep_V' to 'axis' (register, both mode).
INFO: [RTGEN 206-500] Setting interface mode on port 'yolo_acc_top/inStream_b_V_strb_V' to 'axis' (register, both mode).
INFO: [RTGEN 206-500] Setting interface mode on port 'yolo_acc_top/inStream_b_V_user_V' to 'axis' (register, both mode).
INFO: [RTGEN 206-500] Setting interface mode on port 'yolo_acc_top/inStream_b_V_last_V' to 'axis' (register, both mode).
INFO: [RTGEN 206-500] Setting interface mode on port 'yolo_acc_top/inStream_b_V_id_V' to 'axis' (register, both mode).
